This file contains any messages produced by compilers while
running configure, to aid debugging if configure makes a mistake.

It was created by ID3 Tag configure 0.15.1b, which was
generated by GNU Autoconf 2.69.  Invocation command line was

  $ ./configure --host=mipsel-linux --build=x86_64-redhat-linux --enable-shared --enable-static --prefix= --disable-debugging --disable-profiling

## --------- ##
## Platform. ##
## --------- ##

hostname = gns3lab.slash31.net
uname -m = x86_64
uname -r = 2.6.32-358.18.1.el6.x86_64
uname -s = Linux
uname -v = #1 SMP Wed Aug 28 17:19:38 UTC 2013

/usr/bin/uname -p = unknown
/bin/uname -X     = unknown

/bin/arch              = x86_64
/usr/bin/arch -k       = unknown
/usr/convex/getsysinfo = unknown
/usr/bin/hostinfo      = unknown
/bin/machine           = unknown
/usr/bin/oslevel       = unknown
/bin/universe          = unknown

PATH: /home/aaronfinney/tomato/release/tools
PATH: /home/aaronfinney/tomato/release/tools
PATH: /home/aaronfinney/tomato/release/tools
PATH: /home/aaronfinney/tomato/release/tools
PATH: /opt/brcm/hndtools-mipsel-uclibc/bin
PATH: /opt/brcm/hndtools-mipsel-linux/bin
PATH: /usr/lib64/qt-3.3/bin
PATH: /usr/local/sbin
PATH: /usr/local/bin
PATH: /sbin
PATH: /bin
PATH: /usr/sbin
PATH: /usr/bin
PATH: /root/bin


## ----------- ##
## Core tests. ##
## ----------- ##

configure:2668: checking for a BSD-compatible install
configure:2736: result: /usr/bin/install -c
configure:2747: checking whether build environment is sane
configure:2784: result: yes
configure:2838: checking for gawk
configure:2854: found /bin/gawk
configure:2865: result: gawk
configure:2876: checking whether make sets $(MAKE)
configure:2898: result: yes
configure:2975: checking for mipsel-linux-strip
configure:3002: result: mipsel-uclibc-strip -R .note -R .comment
configure:3081: checking build system type
configure:3095: result: x86_64-redhat-linux-gnu
configure:3115: checking host system type
configure:3128: result: mipsel-unknown-linux-gnu
configure:3158: checking for mipsel-linux-gcc
configure:3185: result: mipsel-uclibc-gcc
configure:3454: checking for C compiler version
configure:3463: mipsel-uclibc-gcc --version >&5
mipsel-uclibc-gcc (GCC) 4.2.4
Copyright (C) 2007 Free Software Foundation, Inc.
This is free software; see the source for copying conditions.  There is NO
warranty; not even for MERCHANTABILITY or FITNESS FOR A PARTICULAR PURPOSE.

configure:3474: $? = 0
configure:3463: mipsel-uclibc-gcc -v >&5
Using built-in specs.
Target: mipsel-linux-uclibc
Configured with: /home/shibby/openwrt/tomato.toolchain/t/build_dir/toolchain-mipsel_gcc4.2.4/gcc-4.2.4/configure --prefix=/opt/brcm/hndtools-mipsel-uclibc-4.2.4 --build=x86_64-linux-gnu --host=x86_64-linux-gnu --target=mipsel-linux-uclibc --with-gnu-ld --enable-target-optspace --disable-libgomp --disable-libmudflap --disable-multilib --disable-nls --disable-__cxa_atexit --enable-libssp --enable-languages=c,c++ --enable-shared --enable-threads --enable-tls
Thread model: posix
gcc version 4.2.4
configure:3474: $? = 0
configure:3463: mipsel-uclibc-gcc -V >&5
mipsel-uclibc-gcc: '-V' option must have argument
configure:3474: $? = 1
configure:3463: mipsel-uclibc-gcc -qversion >&5
mipsel-uclibc-gcc: unrecognized option '-qversion'
mipsel-uclibc-gcc: no input files
configure:3474: $? = 1
configure:3494: checking whether the C compiler works
configure:3516: mipsel-uclibc-gcc -Os -Wall -DLINUX26 -DCONFIG_BCMWL5 -pipe -DBCMWPA2 -funit-at-a-time -Wno-pointer-sign -mtune=mips32 -mips32   -ffunction-sections -fdata-sections -I/home/aaronfinney/tomato/release/src-rt/router/zlib -L/home/aaronfinney/tomato/release/src-rt/router/zlib -fPIC -ffunction-sections -fdata-sections -Wl,--gc-sections conftest.c  >&5
configure:3520: $? = 0
configure:3568: result: yes
configure:3571: checking for C compiler default output file name
configure:3573: result: a.out
configure:3579: checking for suffix of executables
configure:3586: mipsel-uclibc-gcc -o conftest -Os -Wall -DLINUX26 -DCONFIG_BCMWL5 -pipe -DBCMWPA2 -funit-at-a-time -Wno-pointer-sign -mtune=mips32 -mips32   -ffunction-sections -fdata-sections -I/home/aaronfinney/tomato/release/src-rt/router/zlib -L/home/aaronfinney/tomato/release/src-rt/router/zlib -fPIC -ffunction-sections -fdata-sections -Wl,--gc-sections conftest.c  >&5
configure:3590: $? = 0
configure:3612: result: 
configure:3634: checking whether we are cross compiling
configure:3672: result: yes
configure:3677: checking for suffix of object files
configure:3699: mipsel-uclibc-gcc -c -Os -Wall -DLINUX26 -DCONFIG_BCMWL5 -pipe -DBCMWPA2 -funit-at-a-time -Wno-pointer-sign -mtune=mips32 -mips32   -ffunction-sections -fdata-sections -I/home/aaronfinney/tomato/release/src-rt/router/zlib conftest.c >&5
configure:3703: $? = 0
configure:3724: result: o
configure:3728: checking whether we are using the GNU C compiler
configure:3747: mipsel-uclibc-gcc -c -Os -Wall -DLINUX26 -DCONFIG_BCMWL5 -pipe -DBCMWPA2 -funit-at-a-time -Wno-pointer-sign -mtune=mips32 -mips32   -ffunction-sections -fdata-sections -I/home/aaronfinney/tomato/release/src-rt/router/zlib conftest.c >&5
configure:3747: $? = 0
configure:3756: result: yes
configure:3765: checking whether mipsel-uclibc-gcc accepts -g
configure:3785: mipsel-uclibc-gcc -c -g -I/home/aaronfinney/tomato/release/src-rt/router/zlib conftest.c >&5
configure:3785: $? = 0
configure:3826: result: yes
configure:3843: checking for mipsel-uclibc-gcc option to accept ISO C89
configure:3906: mipsel-uclibc-gcc  -c -Os -Wall -DLINUX26 -DCONFIG_BCMWL5 -pipe -DBCMWPA2 -funit-at-a-time -Wno-pointer-sign -mtune=mips32 -mips32   -ffunction-sections -fdata-sections -I/home/aaronfinney/tomato/release/src-rt/router/zlib conftest.c >&5
configure:3906: $? = 0
configure:3919: result: none needed
configure:3950: checking for style of include used by make
configure:3978: result: GNU
configure:4006: checking dependency style of mipsel-uclibc-gcc
configure:4089: result: gcc3
configure:4194: checking for a sed that does not truncate output
configure:4248: result: /bin/sed
configure:4251: checking for grep that handles long lines and -e
configure:4309: result: /bin/grep
configure:4314: checking for egrep
configure:4376: result: /bin/grep -E
configure:4392: checking for ld used by mipsel-uclibc-gcc
configure:4459: result: mipsel-uclibc-ld
configure:4466: checking if the linker (mipsel-uclibc-ld) is GNU ld
configure:4481: result: yes
configure:4486: checking for mipsel-uclibc-ld option to reload object files
configure:4493: result: -r
configure:4502: checking for BSD-compatible nm
configure:4544: result: mipsel-uclibc-nm
configure:4548: checking whether ln -s works
configure:4552: result: yes
configure:4559: checking how to recognise dependent libraries
configure:4733: result: pass_all
configure:4919: checking how to run the C preprocessor
configure:4950: mipsel-uclibc-gcc -E -I/home/aaronfinney/tomato/release/src-rt/router/zlib conftest.c
configure:4950: $? = 0
configure:4964: mipsel-uclibc-gcc -E -I/home/aaronfinney/tomato/release/src-rt/router/zlib conftest.c
conftest.c:11:28: error: ac_nonexistent.h: No such file or directory
configure:4964: $? = 1
configure: failed program was:
| /* confdefs.h */
| #define PACKAGE_NAME "ID3 Tag"
| #define PACKAGE_TARNAME "libid3tag"
| #define PACKAGE_VERSION "0.15.1b"
| #define PACKAGE_STRING "ID3 Tag 0.15.1b"
| #define PACKAGE_BUGREPORT "support@underbit.com"
| #define PACKAGE_URL ""
| #define PACKAGE "libid3tag"
| #define VERSION "0.15.1b"
| /* end confdefs.h.  */
| #include <ac_nonexistent.h>
configure:4989: result: mipsel-uclibc-gcc -E
configure:5009: mipsel-uclibc-gcc -E -I/home/aaronfinney/tomato/release/src-rt/router/zlib conftest.c
configure:5009: $? = 0
configure:5023: mipsel-uclibc-gcc -E -I/home/aaronfinney/tomato/release/src-rt/router/zlib conftest.c
conftest.c:11:28: error: ac_nonexistent.h: No such file or directory
configure:5023: $? = 1
configure: failed program was:
| /* confdefs.h */
| #define PACKAGE_NAME "ID3 Tag"
| #define PACKAGE_TARNAME "libid3tag"
| #define PACKAGE_VERSION "0.15.1b"
| #define PACKAGE_STRING "ID3 Tag 0.15.1b"
| #define PACKAGE_BUGREPORT "support@underbit.com"
| #define PACKAGE_URL ""
| #define PACKAGE "libid3tag"
| #define VERSION "0.15.1b"
| /* end confdefs.h.  */
| #include <ac_nonexistent.h>
configure:5052: checking for ANSI C header files
configure:5072: mipsel-uclibc-gcc -c -Os -Wall -DLINUX26 -DCONFIG_BCMWL5 -pipe -DBCMWPA2 -funit-at-a-time -Wno-pointer-sign -mtune=mips32 -mips32   -ffunction-sections -fdata-sections -I/home/aaronfinney/tomato/release/src-rt/router/zlib conftest.c >&5
configure:5072: $? = 0
configure:5156: result: yes
configure:5169: checking for sys/types.h
configure:5169: mipsel-uclibc-gcc -c -Os -Wall -DLINUX26 -DCONFIG_BCMWL5 -pipe -DBCMWPA2 -funit-at-a-time -Wno-pointer-sign -mtune=mips32 -mips32   -ffunction-sections -fdata-sections -I/home/aaronfinney/tomato/release/src-rt/router/zlib conftest.c >&5
configure:5169: $? = 0
configure:5169: result: yes
configure:5169: checking for sys/stat.h
configure:5169: mipsel-uclibc-gcc -c -Os -Wall -DLINUX26 -DCONFIG_BCMWL5 -pipe -DBCMWPA2 -funit-at-a-time -Wno-pointer-sign -mtune=mips32 -mips32   -ffunction-sections -fdata-sections -I/home/aaronfinney/tomato/release/src-rt/router/zlib conftest.c >&5
configure:5169: $? = 0
configure:5169: result: yes
configure:5169: checking for stdlib.h
configure:5169: mipsel-uclibc-gcc -c -Os -Wall -DLINUX26 -DCONFIG_BCMWL5 -pipe -DBCMWPA2 -funit-at-a-time -Wno-pointer-sign -mtune=mips32 -mips32   -ffunction-sections -fdata-sections -I/home/aaronfinney/tomato/release/src-rt/router/zlib conftest.c >&5
configure:5169: $? = 0
configure:5169: result: yes
configure:5169: checking for string.h
configure:5169: mipsel-uclibc-gcc -c -Os -Wall -DLINUX26 -DCONFIG_BCMWL5 -pipe -DBCMWPA2 -funit-at-a-time -Wno-pointer-sign -mtune=mips32 -mips32   -ffunction-sections -fdata-sections -I/home/aaronfinney/tomato/release/src-rt/router/zlib conftest.c >&5
configure:5169: $? = 0
configure:5169: result: yes
configure:5169: checking for memory.h
configure:5169: mipsel-uclibc-gcc -c -Os -Wall -DLINUX26 -DCONFIG_BCMWL5 -pipe -DBCMWPA2 -funit-at-a-time -Wno-pointer-sign -mtune=mips32 -mips32   -ffunction-sections -fdata-sections -I/home/aaronfinney/tomato/release/src-rt/router/zlib conftest.c >&5
configure:5169: $? = 0
configure:5169: result: yes
configure:5169: checking for strings.h
configure:5169: mipsel-uclibc-gcc -c -Os -Wall -DLINUX26 -DCONFIG_BCMWL5 -pipe -DBCMWPA2 -funit-at-a-time -Wno-pointer-sign -mtune=mips32 -mips32   -ffunction-sections -fdata-sections -I/home/aaronfinney/tomato/release/src-rt/router/zlib conftest.c >&5
configure:5169: $? = 0
configure:5169: result: yes
configure:5169: checking for inttypes.h
configure:5169: mipsel-uclibc-gcc -c -Os -Wall -DLINUX26 -DCONFIG_BCMWL5 -pipe -DBCMWPA2 -funit-at-a-time -Wno-pointer-sign -mtune=mips32 -mips32   -ffunction-sections -fdata-sections -I/home/aaronfinney/tomato/release/src-rt/router/zlib conftest.c >&5
configure:5169: $? = 0
configure:5169: result: yes
configure:5169: checking for stdint.h
configure:5169: mipsel-uclibc-gcc -c -Os -Wall -DLINUX26 -DCONFIG_BCMWL5 -pipe -DBCMWPA2 -funit-at-a-time -Wno-pointer-sign -mtune=mips32 -mips32   -ffunction-sections -fdata-sections -I/home/aaronfinney/tomato/release/src-rt/router/zlib conftest.c >&5
configure:5169: $? = 0
configure:5169: result: yes
configure:5169: checking for unistd.h
configure:5169: mipsel-uclibc-gcc -c -Os -Wall -DLINUX26 -DCONFIG_BCMWL5 -pipe -DBCMWPA2 -funit-at-a-time -Wno-pointer-sign -mtune=mips32 -mips32   -ffunction-sections -fdata-sections -I/home/aaronfinney/tomato/release/src-rt/router/zlib conftest.c >&5
configure:5169: $? = 0
configure:5169: result: yes
configure:5183: checking dlfcn.h usability
configure:5183: mipsel-uclibc-gcc -c -Os -Wall -DLINUX26 -DCONFIG_BCMWL5 -pipe -DBCMWPA2 -funit-at-a-time -Wno-pointer-sign -mtune=mips32 -mips32   -ffunction-sections -fdata-sections -I/home/aaronfinney/tomato/release/src-rt/router/zlib conftest.c >&5
configure:5183: $? = 0
configure:5183: result: yes
configure:5183: checking dlfcn.h presence
configure:5183: mipsel-uclibc-gcc -E -I/home/aaronfinney/tomato/release/src-rt/router/zlib conftest.c
configure:5183: $? = 0
configure:5183: result: yes
configure:5183: checking for dlfcn.h
configure:5183: result: yes
configure:5207: checking for mipsel-linux-g++
configure:5223: found /opt/brcm/hndtools-mipsel-uclibc/bin/mipsel-linux-g++
configure:5234: result: mipsel-linux-g++
configure:5305: checking for C++ compiler version
configure:5314: mipsel-linux-g++ --version >&5
mipsel-linux-g++ (GCC) 4.2.4
Copyright (C) 2007 Free Software Foundation, Inc.
This is free software; see the source for copying conditions.  There is NO
warranty; not even for MERCHANTABILITY or FITNESS FOR A PARTICULAR PURPOSE.

configure:5325: $? = 0
configure:5314: mipsel-linux-g++ -v >&5
Using built-in specs.
Target: mipsel-linux-uclibc
Configured with: /home/shibby/openwrt/tomato.toolchain/t/build_dir/toolchain-mipsel_gcc4.2.4/gcc-4.2.4/configure --prefix=/opt/brcm/hndtools-mipsel-uclibc-4.2.4 --build=x86_64-linux-gnu --host=x86_64-linux-gnu --target=mipsel-linux-uclibc --with-gnu-ld --enable-target-optspace --disable-libgomp --disable-libmudflap --disable-multilib --disable-nls --disable-__cxa_atexit --enable-libssp --enable-languages=c,c++ --enable-shared --enable-threads --enable-tls
Thread model: posix
gcc version 4.2.4
configure:5325: $? = 0
configure:5314: mipsel-linux-g++ -V >&5
mipsel-linux-g++: '-V' option must have argument
configure:5325: $? = 1
configure:5314: mipsel-linux-g++ -qversion >&5
mipsel-linux-g++: unrecognized option '-qversion'
mipsel-linux-g++: no input files
configure:5325: $? = 1
configure:5329: checking whether we are using the GNU C++ compiler
configure:5348: mipsel-linux-g++ -c  -I/home/aaronfinney/tomato/release/src-rt/router/zlib conftest.cpp >&5
configure:5348: $? = 0
configure:5357: result: yes
configure:5366: checking whether mipsel-linux-g++ accepts -g
configure:5386: mipsel-linux-g++ -c -g -I/home/aaronfinney/tomato/release/src-rt/router/zlib conftest.cpp >&5
configure:5386: $? = 0
configure:5427: result: yes
configure:5452: checking dependency style of mipsel-linux-g++
configure:5535: result: gcc3
configure:5557: checking how to run the C++ preprocessor
configure:5584: mipsel-linux-g++ -E -I/home/aaronfinney/tomato/release/src-rt/router/zlib conftest.cpp
configure:5584: $? = 0
configure:5598: mipsel-linux-g++ -E -I/home/aaronfinney/tomato/release/src-rt/router/zlib conftest.cpp
conftest.cpp:22:28: error: ac_nonexistent.h: No such file or directory
configure:5598: $? = 1
configure: failed program was:
| /* confdefs.h */
| #define PACKAGE_NAME "ID3 Tag"
| #define PACKAGE_TARNAME "libid3tag"
| #define PACKAGE_VERSION "0.15.1b"
| #define PACKAGE_STRING "ID3 Tag 0.15.1b"
| #define PACKAGE_BUGREPORT "support@underbit.com"
| #define PACKAGE_URL ""
| #define PACKAGE "libid3tag"
| #define VERSION "0.15.1b"
| #define STDC_HEADERS 1
| #define HAVE_SYS_TYPES_H 1
| #define HAVE_SYS_STAT_H 1
| #define HAVE_STDLIB_H 1
| #define HAVE_STRING_H 1
| #define HAVE_MEMORY_H 1
| #define HAVE_STRINGS_H 1
| #define HAVE_INTTYPES_H 1
| #define HAVE_STDINT_H 1
| #define HAVE_UNISTD_H 1
| #define HAVE_DLFCN_H 1
| /* end confdefs.h.  */
| #include <ac_nonexistent.h>
configure:5623: result: mipsel-linux-g++ -E
configure:5643: mipsel-linux-g++ -E -I/home/aaronfinney/tomato/release/src-rt/router/zlib conftest.cpp
configure:5643: $? = 0
configure:5657: mipsel-linux-g++ -E -I/home/aaronfinney/tomato/release/src-rt/router/zlib conftest.cpp
conftest.cpp:22:28: error: ac_nonexistent.h: No such file or directory
configure:5657: $? = 1
configure: failed program was:
| /* confdefs.h */
| #define PACKAGE_NAME "ID3 Tag"
| #define PACKAGE_TARNAME "libid3tag"
| #define PACKAGE_VERSION "0.15.1b"
| #define PACKAGE_STRING "ID3 Tag 0.15.1b"
| #define PACKAGE_BUGREPORT "support@underbit.com"
| #define PACKAGE_URL ""
| #define PACKAGE "libid3tag"
| #define VERSION "0.15.1b"
| #define STDC_HEADERS 1
| #define HAVE_SYS_TYPES_H 1
| #define HAVE_SYS_STAT_H 1
| #define HAVE_STDLIB_H 1
| #define HAVE_STRING_H 1
| #define HAVE_MEMORY_H 1
| #define HAVE_STRINGS_H 1
| #define HAVE_INTTYPES_H 1
| #define HAVE_STDINT_H 1
| #define HAVE_UNISTD_H 1
| #define HAVE_DLFCN_H 1
| /* end confdefs.h.  */
| #include <ac_nonexistent.h>
configure:5695: checking for mipsel-linux-g77
configure:5725: result: no
configure:5695: checking for mipsel-linux-xlf
configure:5725: result: no
configure:5695: checking for mipsel-linux-f77
configure:5725: result: no
configure:5695: checking for mipsel-linux-frt
configure:5725: result: no
configure:5695: checking for mipsel-linux-pgf77
configure:5725: result: no
configure:5695: checking for mipsel-linux-cf77
configure:5725: result: no
configure:5695: checking for mipsel-linux-fort77
configure:5725: result: no
configure:5695: checking for mipsel-linux-fl32
configure:5725: result: no
configure:5695: checking for mipsel-linux-af77
configure:5725: result: no
configure:5695: checking for mipsel-linux-xlf90
configure:5725: result: no
configure:5695: checking for mipsel-linux-f90
configure:5725: result: no
configure:5695: checking for mipsel-linux-pgf90
configure:5725: result: no
configure:5695: checking for mipsel-linux-pghpf
configure:5725: result: no
configure:5695: checking for mipsel-linux-epcf90
configure:5725: result: no
configure:5695: checking for mipsel-linux-gfortran
configure:5725: result: no
configure:5695: checking for mipsel-linux-g95
configure:5725: result: no
configure:5695: checking for mipsel-linux-xlf95
configure:5725: result: no
configure:5695: checking for mipsel-linux-f95
configure:5725: result: no
configure:5695: checking for mipsel-linux-fort
configure:5725: result: no
configure:5695: checking for mipsel-linux-ifort
configure:5725: result: no
configure:5695: checking for mipsel-linux-ifc
configure:5725: result: no
configure:5695: checking for mipsel-linux-efc
configure:5725: result: no
configure:5695: checking for mipsel-linux-pgfortran
configure:5725: result: no
configure:5695: checking for mipsel-linux-pgf95
configure:5725: result: no
configure:5695: checking for mipsel-linux-lf95
configure:5725: result: no
configure:5695: checking for mipsel-linux-ftn
configure:5725: result: no
configure:5695: checking for mipsel-linux-nagfor
configure:5725: result: no
configure:5739: checking for g77
configure:5769: result: no
configure:5739: checking for xlf
configure:5769: result: no
configure:5739: checking for f77
configure:5769: result: no
configure:5739: checking for frt
configure:5769: result: no
configure:5739: checking for pgf77
configure:5769: result: no
configure:5739: checking for cf77
configure:5769: result: no
configure:5739: checking for fort77
configure:5769: result: no
configure:5739: checking for fl32
configure:5769: result: no
configure:5739: checking for af77
configure:5769: result: no
configure:5739: checking for xlf90
configure:5769: result: no
configure:5739: checking for f90
configure:5769: result: no
configure:5739: checking for pgf90
configure:5769: result: no
configure:5739: checking for pghpf
configure:5769: result: no
configure:5739: checking for epcf90
configure:5769: result: no
configure:5739: checking for gfortran
configure:5769: result: no
configure:5739: checking for g95
configure:5769: result: no
configure:5739: checking for xlf95
configure:5769: result: no
configure:5739: checking for f95
configure:5769: result: no
configure:5739: checking for fort
configure:5769: result: no
configure:5739: checking for ifort
configure:5769: result: no
configure:5739: checking for ifc
configure:5769: result: no
configure:5739: checking for efc
configure:5769: result: no
configure:5739: checking for pgfortran
configure:5769: result: no
configure:5739: checking for pgf95
configure:5769: result: no
configure:5739: checking for lf95
configure:5769: result: no
configure:5739: checking for ftn
configure:5769: result: no
configure:5739: checking for nagfor
configure:5769: result: no
configure:5792: checking for Fortran 77 compiler version
configure:5801:  --version >&5
./configure: line 5803: --version: command not found
configure:5812: $? = 127
configure:5801:  -v >&5
./configure: line 5803: -v: command not found
configure:5812: $? = 127
configure:5801:  -V >&5
./configure: line 5803: -V: command not found
configure:5812: $? = 127
configure:5801:  -qversion >&5
./configure: line 5803: -qversion: command not found
configure:5812: $? = 127
configure:5821: checking whether we are using the GNU Fortran 77 compiler
configure:5834:  -c  conftest.F >&5
./configure: line 2199: -c: command not found
configure:5834: $? = 127
configure: failed program was:
|       program main
| #ifndef __GNUC__
|        choke me
| #endif
| 
|       end
configure:5843: result: no
configure:5849: checking whether  accepts -g
configure:5860:  -c -g conftest.f >&5
./configure: line 2199: -c: command not found
configure:5860: $? = 127
configure: failed program was:
|       program main
| 
|       end
configure:5868: result: no
configure:5902: checking the maximum length of command line arguments
configure:5967: result: 32768
configure:5978: checking command to parse mipsel-uclibc-nm output from mipsel-uclibc-gcc object
configure:6067: mipsel-uclibc-gcc -c -Os -Wall -DLINUX26 -DCONFIG_BCMWL5 -pipe -DBCMWPA2 -funit-at-a-time -Wno-pointer-sign -mtune=mips32 -mips32   -ffunction-sections -fdata-sections -I/home/aaronfinney/tomato/release/src-rt/router/zlib conftest.c >&5
configure:6070: $? = 0
configure:6074: mipsel-uclibc-nm conftest.o \| sed -n -e 's/^.*[ 	]\([ABCDGIRSTW][ABCDGIRSTW]*\)[ 	][ 	]*\(\)\([_A-Za-z][_A-Za-z0-9]*\)$/\1 \2\3 \3/p' \> conftest.nm
configure:6077: $? = 0
configure:6129: mipsel-uclibc-gcc -o conftest -Os -Wall -DLINUX26 -DCONFIG_BCMWL5 -pipe -DBCMWPA2 -funit-at-a-time -Wno-pointer-sign -mtune=mips32 -mips32   -ffunction-sections -fdata-sections -I/home/aaronfinney/tomato/release/src-rt/router/zlib -L/home/aaronfinney/tomato/release/src-rt/router/zlib -fPIC -ffunction-sections -fdata-sections -Wl,--gc-sections conftest.c conftstm.o >&5
configure:6132: $? = 0
configure:6170: result: ok
configure:6174: checking for objdir
configure:6189: result: .libs
configure:6241: checking for mipsel-linux-ar
configure:6268: result: mipsel-uclibc-ar
configure:6333: checking for mipsel-linux-ranlib
configure:6360: result: mipsel-uclibc-ranlib
configure:6425: checking for mipsel-linux-strip
configure:6452: result: mipsel-uclibc-strip -R .note -R .comment
configure:6764: checking if mipsel-uclibc-gcc static flag  works
configure:6787: result: yes
configure:6805: checking if mipsel-uclibc-gcc supports -fno-rtti -fno-exceptions
configure:6823: mipsel-uclibc-gcc -c -Os -Wall -DLINUX26 -DCONFIG_BCMWL5 -pipe -DBCMWPA2 -funit-at-a-time -Wno-pointer-sign -mtune=mips32 -mips32   -ffunction-sections -fdata-sections -I/home/aaronfinney/tomato/release/src-rt/router/zlib -fno-rtti -fno-exceptions conftest.c >&5
cc1: warning: command line option "-fno-rtti" is valid for C++/ObjC++ but not for C
configure:6827: $? = 0
configure:6838: result: no
configure:6853: checking for mipsel-uclibc-gcc option to produce PIC
configure:7030: result: -fPIC
configure:7038: checking if mipsel-uclibc-gcc PIC flag -fPIC works
configure:7056: mipsel-uclibc-gcc -c -Os -Wall -DLINUX26 -DCONFIG_BCMWL5 -pipe -DBCMWPA2 -funit-at-a-time -Wno-pointer-sign -mtune=mips32 -mips32   -ffunction-sections -fdata-sections -I/home/aaronfinney/tomato/release/src-rt/router/zlib -fPIC -DPIC conftest.c >&5
configure:7060: $? = 0
configure:7071: result: yes
configure:7095: checking if mipsel-uclibc-gcc supports -c -o file.o
configure:7116: mipsel-uclibc-gcc -c -Os -Wall -DLINUX26 -DCONFIG_BCMWL5 -pipe -DBCMWPA2 -funit-at-a-time -Wno-pointer-sign -mtune=mips32 -mips32   -ffunction-sections -fdata-sections -I/home/aaronfinney/tomato/release/src-rt/router/zlib -o out/conftest2.o conftest.c >&5
configure:7120: $? = 0
configure:7140: result: yes
configure:7166: checking whether the mipsel-uclibc-gcc linker (mipsel-uclibc-ld) supports shared libraries
configure:7956: result: yes
configure:7982: checking whether -lc should be explicitly linked in
configure:7987: mipsel-uclibc-gcc -c -Os -Wall -DLINUX26 -DCONFIG_BCMWL5 -pipe -DBCMWPA2 -funit-at-a-time -Wno-pointer-sign -mtune=mips32 -mips32   -ffunction-sections -fdata-sections -I/home/aaronfinney/tomato/release/src-rt/router/zlib conftest.c >&5
configure:7990: $? = 0
configure:8004: mipsel-uclibc-gcc -shared conftest.o  -v -Wl,-soname -Wl,conftest -o conftest 2\>\&1 \| grep  -lc  \>/dev/null 2\>\&1
configure:8007: $? = 0
configure:8019: result: no
configure:8027: checking dynamic linker characteristics
configure:8567: result: GNU/Linux ld.so
configure:8571: checking how to hardcode library paths into programs
configure:8596: result: immediate
configure:8610: checking whether stripping libraries is possible
configure:8615: result: yes
configure:9127: checking if libtool supports shared libraries
configure:9129: result: yes
configure:9132: checking whether to build shared libraries
configure:9190: result: yes
configure:9193: checking whether to build static libraries
configure:9197: result: yes
configure:9289: creating libtool
configure:9832: checking for ld used by mipsel-linux-g++
configure:9899: result: mipsel-uclibc-ld
configure:9906: checking if the linker (mipsel-uclibc-ld) is GNU ld
configure:9921: result: yes
configure:9972: checking whether the mipsel-linux-g++ linker (mipsel-uclibc-ld) supports shared libraries
configure:10742: result: yes
configure:10760: mipsel-linux-g++ -c -g -O2 -I/home/aaronfinney/tomato/release/src-rt/router/zlib conftest.cc >&5
configure:10763: $? = 0
configure:10859: checking for mipsel-linux-g++ option to produce PIC
configure:11111: result: -fPIC
configure:11119: checking if mipsel-linux-g++ PIC flag -fPIC works
configure:11137: mipsel-linux-g++ -c -g -O2 -I/home/aaronfinney/tomato/release/src-rt/router/zlib -fPIC -DPIC conftest.cc >&5
configure:11141: $? = 0
configure:11152: result: yes
configure:11176: checking if mipsel-linux-g++ supports -c -o file.o
configure:11197: mipsel-linux-g++ -c -g -O2 -I/home/aaronfinney/tomato/release/src-rt/router/zlib -o out/conftest2.o conftest.cc >&5
configure:11201: $? = 0
configure:11221: result: yes
configure:11247: checking whether the mipsel-linux-g++ linker (mipsel-uclibc-ld) supports shared libraries
configure:11272: result: yes
configure:11343: checking dynamic linker characteristics
configure:11883: result: GNU/Linux ld.so
configure:11887: checking how to hardcode library paths into programs
configure:11912: result: immediate
configure:11926: checking whether stripping libraries is possible
configure:11931: result: yes
configure:18471: checking for ANSI C header files
configure:18575: result: yes
configure:18586: checking assert.h usability
configure:18586: mipsel-uclibc-gcc -c -Wall -DLINUX26 -DCONFIG_BCMWL5 -pipe -DBCMWPA2 -Wno-pointer-sign -I/home/aaronfinney/tomato/release/src-rt/router/zlib conftest.c >&5
configure:18586: $? = 0
configure:18586: result: yes
configure:18586: checking assert.h presence
configure:18586: mipsel-uclibc-gcc -E -I/home/aaronfinney/tomato/release/src-rt/router/zlib conftest.c
configure:18586: $? = 0
configure:18586: result: yes
configure:18586: checking for assert.h
configure:18586: result: yes
configure:18586: checking for unistd.h
configure:18586: result: yes
configure:18597: checking zlib.h usability
configure:18597: mipsel-uclibc-gcc -c -Wall -DLINUX26 -DCONFIG_BCMWL5 -pipe -DBCMWPA2 -Wno-pointer-sign -I/home/aaronfinney/tomato/release/src-rt/router/zlib conftest.c >&5
configure:18597: $? = 0
configure:18597: result: yes
configure:18597: checking zlib.h presence
configure:18597: mipsel-uclibc-gcc -E -I/home/aaronfinney/tomato/release/src-rt/router/zlib conftest.c
configure:18597: $? = 0
configure:18597: result: yes
configure:18597: checking for zlib.h
configure:18597: result: yes
configure:18612: checking for an ANSI C-conforming const
configure:18678: mipsel-uclibc-gcc -c -Wall -DLINUX26 -DCONFIG_BCMWL5 -pipe -DBCMWPA2 -Wno-pointer-sign -I/home/aaronfinney/tomato/release/src-rt/router/zlib conftest.c >&5
configure:18678: $? = 0
configure:18685: result: yes
configure:18693: checking for inline
configure:18709: mipsel-uclibc-gcc -c -Wall -DLINUX26 -DCONFIG_BCMWL5 -pipe -DBCMWPA2 -Wno-pointer-sign -I/home/aaronfinney/tomato/release/src-rt/router/zlib conftest.c >&5
configure:18709: $? = 0
configure:18717: result: inline
configure:18739: checking for ftruncate
configure:18739: mipsel-uclibc-gcc -o conftest -Wall -DLINUX26 -DCONFIG_BCMWL5 -pipe -DBCMWPA2 -Wno-pointer-sign -I/home/aaronfinney/tomato/release/src-rt/router/zlib -L/home/aaronfinney/tomato/release/src-rt/router/zlib -fPIC -ffunction-sections -fdata-sections -Wl,--gc-sections conftest.c  >&5
configure:18739: $? = 0
configure:18739: result: yes
configure:18749: checking for compress2 in -lz
configure:18774: mipsel-uclibc-gcc -o conftest -Wall -DLINUX26 -DCONFIG_BCMWL5 -pipe -DBCMWPA2 -Wno-pointer-sign -I/home/aaronfinney/tomato/release/src-rt/router/zlib -L/home/aaronfinney/tomato/release/src-rt/router/zlib -fPIC -ffunction-sections -fdata-sections -Wl,--gc-sections conftest.c -lz   >&5
configure:18774: $? = 0
configure:18783: result: yes
configure:18889: checking whether to enable profiling
configure:18900: result: no
configure:18903: checking whether to enable debugging
configure:18934: result: no
configure:19086: creating ./config.status

## ---------------------- ##
## Running config.status. ##
## ---------------------- ##

This file was extended by ID3 Tag config.status 0.15.1b, which was
generated by GNU Autoconf 2.69.  Invocation command line was

  CONFIG_FILES    = 
  CONFIG_HEADERS  = 
  CONFIG_LINKS    = 
  CONFIG_COMMANDS = 
  $ ./config.status 

on gns3lab.slash31.net

config.status:875: creating Makefile
config.status:978: WARNING:  'Makefile.in' seems to ignore the --datarootdir setting
config.status:875: creating msvc++/Makefile
config.status:978: WARNING:  'msvc++/Makefile.in' seems to ignore the --datarootdir setting
config.status:875: creating libid3tag.list
config.status:875: creating config.h
config.status:1050: config.h is unchanged
config.status:1097: executing depfiles commands

## ---------------- ##
## Cache variables. ##
## ---------------- ##

ac_cv_build=x86_64-redhat-linux-gnu
ac_cv_c_compiler_gnu=yes
ac_cv_c_const=yes
ac_cv_c_inline=inline
ac_cv_cxx_compiler_gnu=yes
ac_cv_env_CCC_set=
ac_cv_env_CCC_value=
ac_cv_env_CC_set=set
ac_cv_env_CC_value=mipsel-uclibc-gcc
ac_cv_env_CFLAGS_set=set
ac_cv_env_CFLAGS_value='-Os -Wall -DLINUX26 -DCONFIG_BCMWL5 -pipe -DBCMWPA2 -funit-at-a-time -Wno-pointer-sign -mtune=mips32 -mips32   -ffunction-sections -fdata-sections'
ac_cv_env_CPPFLAGS_set=set
ac_cv_env_CPPFLAGS_value=-I/home/aaronfinney/tomato/release/src-rt/router/zlib
ac_cv_env_CPP_set=
ac_cv_env_CPP_value=
ac_cv_env_CXXCPP_set=
ac_cv_env_CXXCPP_value=
ac_cv_env_CXXFLAGS_set=
ac_cv_env_CXXFLAGS_value=
ac_cv_env_CXX_set=
ac_cv_env_CXX_value=
ac_cv_env_F77_set=
ac_cv_env_F77_value=
ac_cv_env_FFLAGS_set=
ac_cv_env_FFLAGS_value=
ac_cv_env_LDFLAGS_set=set
ac_cv_env_LDFLAGS_value='-L/home/aaronfinney/tomato/release/src-rt/router/zlib -fPIC -ffunction-sections -fdata-sections -Wl,--gc-sections'
ac_cv_env_LIBS_set=
ac_cv_env_LIBS_value=
ac_cv_env_build_alias_set=set
ac_cv_env_build_alias_value=x86_64-redhat-linux
ac_cv_env_host_alias_set=set
ac_cv_env_host_alias_value=mipsel-linux
ac_cv_env_target_alias_set=
ac_cv_env_target_alias_value=
ac_cv_f77_compiler_gnu=no
ac_cv_func_ftruncate=yes
ac_cv_func_malloc_0_nonnull=yes
ac_cv_header_assert_h=yes
ac_cv_header_dlfcn_h=yes
ac_cv_header_inttypes_h=yes
ac_cv_header_memory_h=yes
ac_cv_header_stdc=yes
ac_cv_header_stdint_h=yes
ac_cv_header_stdlib_h=yes
ac_cv_header_string_h=yes
ac_cv_header_strings_h=yes
ac_cv_header_sys_stat_h=yes
ac_cv_header_sys_types_h=yes
ac_cv_header_unistd_h=yes
ac_cv_header_zlib_h=yes
ac_cv_host=mipsel-unknown-linux-gnu
ac_cv_lib_z_compress2=yes
ac_cv_objext=o
ac_cv_path_EGREP='/bin/grep -E'
ac_cv_path_GREP=/bin/grep
ac_cv_path_install='/usr/bin/install -c'
ac_cv_prog_AR=mipsel-uclibc-ar
ac_cv_prog_AWK=gawk
ac_cv_prog_CC=mipsel-uclibc-gcc
ac_cv_prog_CPP='mipsel-uclibc-gcc -E'
ac_cv_prog_CXX=mipsel-linux-g++
ac_cv_prog_CXXCPP='mipsel-linux-g++ -E'
ac_cv_prog_RANLIB=mipsel-uclibc-ranlib
ac_cv_prog_STRIP='mipsel-uclibc-strip -R .note -R .comment'
ac_cv_prog_cc_c89=
ac_cv_prog_cc_g=yes
ac_cv_prog_cxx_g=yes
ac_cv_prog_f77_g=no
ac_cv_prog_make_make_set=yes
am_cv_CC_dependencies_compiler_type=gcc3
am_cv_CXX_dependencies_compiler_type=gcc3
lt_cv_deplibs_check_method=pass_all
lt_cv_file_magic_cmd='$MAGIC_CMD'
lt_cv_file_magic_test_file=
lt_cv_ld_reload_flag=-r
lt_cv_objdir=.libs
lt_cv_path_LD=mipsel-uclibc-ld
lt_cv_path_LDCXX=mipsel-uclibc-ld
lt_cv_path_NM=mipsel-uclibc-nm
lt_cv_path_SED=/bin/sed
lt_cv_prog_compiler_c_o=yes
lt_cv_prog_compiler_c_o_CXX=yes
lt_cv_prog_compiler_rtti_exceptions=no
lt_cv_prog_gnu_ld=yes
lt_cv_prog_gnu_ldcxx=yes
lt_cv_sys_global_symbol_pipe='sed -n -e '\''s/^.*[ 	]\([ABCDGIRSTW][ABCDGIRSTW]*\)[ 	][ 	]*\(\)\([_A-Za-z][_A-Za-z0-9]*\)$/\1 \2\3 \3/p'\'''
lt_cv_sys_global_symbol_to_c_name_address='sed -n -e '\''s/^: \([^ ]*\) $/  {\"\1\", (lt_ptr) 0},/p'\'' -e '\''s/^[BCDEGRST] \([^ ]*\) \([^ ]*\)$/  {"\2", (lt_ptr) \&\2},/p'\'''
lt_cv_sys_global_symbol_to_cdecl='sed -n -e '\''s/^. .* \(.*\)$/extern int \1;/p'\'''
lt_cv_sys_max_cmd_len=32768
lt_lt_cv_prog_compiler_c_o='"yes"'
lt_lt_cv_prog_compiler_c_o_CXX='"yes"'
lt_lt_cv_sys_global_symbol_pipe='"sed -n -e '\''s/^.*[ 	]\\([ABCDGIRSTW][ABCDGIRSTW]*\\)[ 	][ 	]*\\(\\)\\([_A-Za-z][_A-Za-z0-9]*\\)\$/\\1 \\2\\3 \\3/p'\''"'
lt_lt_cv_sys_global_symbol_to_c_name_address='"sed -n -e '\''s/^: \\([^ ]*\\) \$/  {\\\"\\1\\\", (lt_ptr) 0},/p'\'' -e '\''s/^[BCDEGRST] \\([^ ]*\\) \\([^ ]*\\)\$/  {\"\\2\", (lt_ptr) \\&\\2},/p'\''"'
lt_lt_cv_sys_global_symbol_to_cdecl='"sed -n -e '\''s/^. .* \\(.*\\)\$/extern int \\1;/p'\''"'

## ----------------- ##
## Output variables. ##
## ----------------- ##

ACLOCAL='${SHELL} /home/aaronfinney/tomato/release/src/router/libid3tag/missing --run aclocal-1.8'
AMDEPBACKSLASH='\'
AMDEP_FALSE='#'
AMDEP_TRUE=''
AMTAR='${SHELL} /home/aaronfinney/tomato/release/src/router/libid3tag/missing --run tar'
AR='mipsel-uclibc-ar'
AUTOCONF='${SHELL} /home/aaronfinney/tomato/release/src/router/libid3tag/missing --run autoconf'
AUTOHEADER='${SHELL} /home/aaronfinney/tomato/release/src/router/libid3tag/missing --run autoheader'
AUTOMAKE='${SHELL} /home/aaronfinney/tomato/release/src/router/libid3tag/missing --run automake-1.8'
AWK='gawk'
CC='mipsel-uclibc-gcc'
CCDEPMODE='depmode=gcc3'
CFLAGS='-Wall -DLINUX26 -DCONFIG_BCMWL5 -pipe -DBCMWPA2 -Wno-pointer-sign  -mtune=mips32 -mips32 -fdata-sections -fomit-frame-pointer'
CPP='mipsel-uclibc-gcc -E'
CPPFLAGS='-I/home/aaronfinney/tomato/release/src-rt/router/zlib'
CXX='mipsel-linux-g++'
CXXCPP='mipsel-linux-g++ -E'
CXXDEPMODE='depmode=gcc3'
CXXFLAGS='-g -O2'
CYGPATH_W='echo'
DEBUG_FALSE=''
DEBUG_TRUE='#'
DEFS='-DHAVE_CONFIG_H'
DEPDIR='.deps'
ECHO='echo'
ECHO_C=''
ECHO_N='-n'
ECHO_T=''
EGREP='/bin/grep -E'
EXEEXT=''
F77=''
FFLAGS=''
GREP='/bin/grep'
INSTALL_DATA='${INSTALL} -m 644'
INSTALL_PROGRAM='${INSTALL}'
INSTALL_SCRIPT='${INSTALL}'
INSTALL_STRIP_PROGRAM='${SHELL} $(install_sh) -c -s'
LDFLAGS='-L/home/aaronfinney/tomato/release/src-rt/router/zlib -fPIC -ffunction-sections -fdata-sections -Wl,--gc-sections'
LIBOBJS=''
LIBS='-lz '
LIBTOOL='$(SHELL) $(top_builddir)/libtool'
LIBTOOL_DEPS='./ltmain.sh'
LN_S='ln -s'
LTLIBOBJS=''
MAKEINFO='${SHELL} /home/aaronfinney/tomato/release/src/router/libid3tag/missing --run makeinfo'
OBJEXT='o'
PACKAGE='libid3tag'
PACKAGE_BUGREPORT='support@underbit.com'
PACKAGE_NAME='ID3 Tag'
PACKAGE_STRING='ID3 Tag 0.15.1b'
PACKAGE_TARNAME='libid3tag'
PACKAGE_URL=''
PACKAGE_VERSION='0.15.1b'
PATH_SEPARATOR=':'
RANLIB='mipsel-uclibc-ranlib'
SET_MAKE=''
SHELL='/bin/sh'
STRIP='mipsel-uclibc-strip -R .note -R .comment'
VERSION='0.15.1b'
ac_ct_CC=''
ac_ct_CXX=''
ac_ct_F77=''
am__fastdepCC_FALSE='#'
am__fastdepCC_TRUE=''
am__fastdepCXX_FALSE='#'
am__fastdepCXX_TRUE=''
am__include='include'
am__leading_dot='.'
am__quote=''
bindir='${exec_prefix}/bin'
build='x86_64-redhat-linux-gnu'
build_alias='x86_64-redhat-linux'
build_cpu='x86_64'
build_os='linux-gnu'
build_vendor='redhat'
datadir='${datarootdir}'
datarootdir='${prefix}/share'
docdir='${datarootdir}/doc/${PACKAGE_TARNAME}'
dvidir='${docdir}'
exec_prefix='${prefix}'
host='mipsel-unknown-linux-gnu'
host_alias='mipsel-linux'
host_cpu='mipsel'
host_os='linux-gnu'
host_vendor='unknown'
htmldir='${docdir}'
includedir='${prefix}/include'
infodir='${datarootdir}/info'
install_sh='/home/aaronfinney/tomato/release/src/router/libid3tag/install-sh'
libdir='${exec_prefix}/lib'
libexecdir='${exec_prefix}/libexec'
localedir='${datarootdir}/locale'
localstatedir='${prefix}/var'
mandir='${datarootdir}/man'
mkdir_p='mkdir -p -- .'
oldincludedir='/usr/include'
pdfdir='${docdir}'
prefix=''
program_transform_name='s,x,x,'
psdir='${docdir}'
sbindir='${exec_prefix}/sbin'
sharedstatedir='${prefix}/com'
sysconfdir='${prefix}/etc'
target_alias=''

## ----------- ##
## confdefs.h. ##
## ----------- ##

/* confdefs.h */
#define PACKAGE_NAME "ID3 Tag"
#define PACKAGE_TARNAME "libid3tag"
#define PACKAGE_VERSION "0.15.1b"
#define PACKAGE_STRING "ID3 Tag 0.15.1b"
#define PACKAGE_BUGREPORT "support@underbit.com"
#define PACKAGE_URL ""
#define PACKAGE "libid3tag"
#define VERSION "0.15.1b"
#define STDC_HEADERS 1
#define HAVE_SYS_TYPES_H 1
#define HAVE_SYS_STAT_H 1
#define HAVE_STDLIB_H 1
#define HAVE_STRING_H 1
#define HAVE_MEMORY_H 1
#define HAVE_STRINGS_H 1
#define HAVE_INTTYPES_H 1
#define HAVE_STDINT_H 1
#define HAVE_UNISTD_H 1
#define HAVE_DLFCN_H 1
#define STDC_HEADERS 1
#define HAVE_ASSERT_H 1
#define HAVE_UNISTD_H 1
#define HAVE_FTRUNCATE 1
#define HAVE_LIBZ 1
#define NDEBUG 1

configure: exit 0
