This file contains any messages produced by compilers while
running configure, to aid debugging if configure makes a mistake.

It was created by libvorbis configure 1.2.3, which was
generated by GNU Autoconf 2.69.  Invocation command line was

  $ ./configure --host=mipsel-linux --build=x86_64-redhat-linux --enable-shared --enable-static --prefix= --disable-oggtest --with-ogg-includes=/home/aaronfinney/tomato/release/src-rt/router/libogg/include --with-ogg-libraries=/home/aaronfinney/tomato/release/src-rt/router/libogg/src/.libs

## --------- ##
## Platform. ##
## --------- ##

hostname = gns3lab.slash31.net
uname -m = x86_64
uname -r = 2.6.32-358.18.1.el6.x86_64
uname -s = Linux
uname -v = #1 SMP Wed Aug 28 17:19:38 UTC 2013

/usr/bin/uname -p = unknown
/bin/uname -X     = unknown

/bin/arch              = x86_64
/usr/bin/arch -k       = unknown
/usr/convex/getsysinfo = unknown
/usr/bin/hostinfo      = unknown
/bin/machine           = unknown
/usr/bin/oslevel       = unknown
/bin/universe          = unknown

PATH: /home/aaronfinney/tomato/release/tools
PATH: /home/aaronfinney/tomato/release/tools
PATH: /home/aaronfinney/tomato/release/tools
PATH: /home/aaronfinney/tomato/release/tools
PATH: /opt/brcm/hndtools-mipsel-uclibc/bin
PATH: /opt/brcm/hndtools-mipsel-linux/bin
PATH: /usr/lib64/qt-3.3/bin
PATH: /usr/local/sbin
PATH: /usr/local/bin
PATH: /sbin
PATH: /bin
PATH: /usr/sbin
PATH: /usr/bin
PATH: /root/bin


## ----------- ##
## Core tests. ##
## ----------- ##

configure:2691: checking build system type
configure:2705: result: x86_64-redhat-linux-gnu
configure:2725: checking host system type
configure:2738: result: mipsel-unknown-linux-gnu
configure:2758: checking target system type
configure:2771: result: mipsel-unknown-linux-gnu
configure:2814: checking for a BSD-compatible install
configure:2882: result: /usr/bin/install -c
configure:2893: checking whether build environment is sane
configure:2930: result: yes
configure:2955: checking for a thread-safe mkdir -p
configure:2994: result: /bin/mkdir -p
configure:3007: checking for gawk
configure:3023: found /bin/gawk
configure:3034: result: gawk
configure:3045: checking whether make sets $(MAKE)
configure:3067: result: yes
configure:3145: checking for mipsel-linux-strip
configure:3172: result: mipsel-uclibc-strip -R .note -R .comment
configure:3288: checking for mipsel-linux-gcc
configure:3315: result: mipsel-uclibc-gcc
configure:3584: checking for C compiler version
configure:3593: mipsel-uclibc-gcc --version >&5
mipsel-uclibc-gcc (GCC) 4.2.4
Copyright (C) 2007 Free Software Foundation, Inc.
This is free software; see the source for copying conditions.  There is NO
warranty; not even for MERCHANTABILITY or FITNESS FOR A PARTICULAR PURPOSE.

configure:3604: $? = 0
configure:3593: mipsel-uclibc-gcc -v >&5
Using built-in specs.
Target: mipsel-linux-uclibc
Configured with: /home/shibby/openwrt/tomato.toolchain/t/build_dir/toolchain-mipsel_gcc4.2.4/gcc-4.2.4/configure --prefix=/opt/brcm/hndtools-mipsel-uclibc-4.2.4 --build=x86_64-linux-gnu --host=x86_64-linux-gnu --target=mipsel-linux-uclibc --with-gnu-ld --enable-target-optspace --disable-libgomp --disable-libmudflap --disable-multilib --disable-nls --disable-__cxa_atexit --enable-libssp --enable-languages=c,c++ --enable-shared --enable-threads --enable-tls
Thread model: posix
gcc version 4.2.4
configure:3604: $? = 0
configure:3593: mipsel-uclibc-gcc -V >&5
mipsel-uclibc-gcc: '-V' option must have argument
configure:3604: $? = 1
configure:3593: mipsel-uclibc-gcc -qversion >&5
mipsel-uclibc-gcc: unrecognized option '-qversion'
mipsel-uclibc-gcc: no input files
configure:3604: $? = 1
configure:3624: checking whether the C compiler works
configure:3646: mipsel-uclibc-gcc -Os -Wall -DLINUX26 -DCONFIG_BCMWL5 -pipe -DBCMWPA2 -funit-at-a-time -Wno-pointer-sign -mtune=mips32 -mips32   -fPIC -ffunction-sections -fdata-sections -I/home/aaronfinney/tomato/release/src-rt/router/libogg/include -L/home/aaronfinney/tomato/release/src-rt/router/libogg/src/.libs -fPIC -ffunction-sections -fdata-sections -Wl,--gc-sections conftest.c  >&5
configure:3650: $? = 0
configure:3698: result: yes
configure:3701: checking for C compiler default output file name
configure:3703: result: a.out
configure:3709: checking for suffix of executables
configure:3716: mipsel-uclibc-gcc -o conftest -Os -Wall -DLINUX26 -DCONFIG_BCMWL5 -pipe -DBCMWPA2 -funit-at-a-time -Wno-pointer-sign -mtune=mips32 -mips32   -fPIC -ffunction-sections -fdata-sections -I/home/aaronfinney/tomato/release/src-rt/router/libogg/include -L/home/aaronfinney/tomato/release/src-rt/router/libogg/src/.libs -fPIC -ffunction-sections -fdata-sections -Wl,--gc-sections conftest.c  >&5
configure:3720: $? = 0
configure:3742: result: 
configure:3764: checking whether we are cross compiling
configure:3802: result: yes
configure:3807: checking for suffix of object files
configure:3829: mipsel-uclibc-gcc -c -Os -Wall -DLINUX26 -DCONFIG_BCMWL5 -pipe -DBCMWPA2 -funit-at-a-time -Wno-pointer-sign -mtune=mips32 -mips32   -fPIC -ffunction-sections -fdata-sections -I/home/aaronfinney/tomato/release/src-rt/router/libogg/include conftest.c >&5
configure:3833: $? = 0
configure:3854: result: o
configure:3858: checking whether we are using the GNU C compiler
configure:3877: mipsel-uclibc-gcc -c -Os -Wall -DLINUX26 -DCONFIG_BCMWL5 -pipe -DBCMWPA2 -funit-at-a-time -Wno-pointer-sign -mtune=mips32 -mips32   -fPIC -ffunction-sections -fdata-sections -I/home/aaronfinney/tomato/release/src-rt/router/libogg/include conftest.c >&5
configure:3877: $? = 0
configure:3886: result: yes
configure:3895: checking whether mipsel-uclibc-gcc accepts -g
configure:3915: mipsel-uclibc-gcc -c -g -I/home/aaronfinney/tomato/release/src-rt/router/libogg/include conftest.c >&5
configure:3915: $? = 0
configure:3956: result: yes
configure:3973: checking for mipsel-uclibc-gcc option to accept ISO C89
configure:4036: mipsel-uclibc-gcc  -c -Os -Wall -DLINUX26 -DCONFIG_BCMWL5 -pipe -DBCMWPA2 -funit-at-a-time -Wno-pointer-sign -mtune=mips32 -mips32   -fPIC -ffunction-sections -fdata-sections -I/home/aaronfinney/tomato/release/src-rt/router/libogg/include conftest.c >&5
configure:4036: $? = 0
configure:4049: result: none needed
configure:4080: checking for style of include used by make
configure:4108: result: GNU
configure:4133: checking dependency style of mipsel-uclibc-gcc
configure:4224: result: gcc3
configure:4244: checking how to run the C preprocessor
configure:4275: mipsel-uclibc-gcc -E -I/home/aaronfinney/tomato/release/src-rt/router/libogg/include conftest.c
configure:4275: $? = 0
configure:4289: mipsel-uclibc-gcc -E -I/home/aaronfinney/tomato/release/src-rt/router/libogg/include conftest.c
conftest.c:11:28: error: ac_nonexistent.h: No such file or directory
configure:4289: $? = 1
configure: failed program was:
| /* confdefs.h */
| #define PACKAGE_NAME "libvorbis"
| #define PACKAGE_TARNAME "libvorbis"
| #define PACKAGE_VERSION "1.2.3"
| #define PACKAGE_STRING "libvorbis 1.2.3"
| #define PACKAGE_BUGREPORT "vorbis-dev@xiph.org"
| #define PACKAGE_URL ""
| #define PACKAGE "libvorbis"
| #define VERSION "1.2.3"
| /* end confdefs.h.  */
| #include <ac_nonexistent.h>
configure:4314: result: mipsel-uclibc-gcc -E
configure:4334: mipsel-uclibc-gcc -E -I/home/aaronfinney/tomato/release/src-rt/router/libogg/include conftest.c
configure:4334: $? = 0
configure:4348: mipsel-uclibc-gcc -E -I/home/aaronfinney/tomato/release/src-rt/router/libogg/include conftest.c
conftest.c:11:28: error: ac_nonexistent.h: No such file or directory
configure:4348: $? = 1
configure: failed program was:
| /* confdefs.h */
| #define PACKAGE_NAME "libvorbis"
| #define PACKAGE_TARNAME "libvorbis"
| #define PACKAGE_VERSION "1.2.3"
| #define PACKAGE_STRING "libvorbis 1.2.3"
| #define PACKAGE_BUGREPORT "vorbis-dev@xiph.org"
| #define PACKAGE_URL ""
| #define PACKAGE "libvorbis"
| #define VERSION "1.2.3"
| /* end confdefs.h.  */
| #include <ac_nonexistent.h>
configure:4379: checking for inline
configure:4395: mipsel-uclibc-gcc -c -Os -Wall -DLINUX26 -DCONFIG_BCMWL5 -pipe -DBCMWPA2 -funit-at-a-time -Wno-pointer-sign -mtune=mips32 -mips32   -fPIC -ffunction-sections -fdata-sections -I/home/aaronfinney/tomato/release/src-rt/router/libogg/include conftest.c >&5
configure:4395: $? = 0
configure:4403: result: inline
configure:4496: checking for a sed that does not truncate output
configure:4552: result: /bin/sed
configure:4555: checking for grep that handles long lines and -e
configure:4613: result: /bin/grep
configure:4618: checking for egrep
configure:4680: result: /bin/grep -E
configure:4696: checking for ld used by mipsel-uclibc-gcc
configure:4763: result: mipsel-uclibc-ld
configure:4770: checking if the linker (mipsel-uclibc-ld) is GNU ld
configure:4785: result: yes
configure:4790: checking for mipsel-uclibc-ld option to reload object files
configure:4797: result: -r
configure:4815: checking for BSD-compatible nm
configure:4864: result: mipsel-uclibc-nm
configure:4868: checking whether ln -s works
configure:4872: result: yes
configure:4879: checking how to recognize dependent libraries
configure:5065: result: pass_all
configure:5558: checking for ANSI C header files
configure:5578: mipsel-uclibc-gcc -c -Os -Wall -DLINUX26 -DCONFIG_BCMWL5 -pipe -DBCMWPA2 -funit-at-a-time -Wno-pointer-sign -mtune=mips32 -mips32   -fPIC -ffunction-sections -fdata-sections -I/home/aaronfinney/tomato/release/src-rt/router/libogg/include conftest.c >&5
configure:5578: $? = 0
configure:5662: result: yes
configure:5675: checking for sys/types.h
configure:5675: mipsel-uclibc-gcc -c -Os -Wall -DLINUX26 -DCONFIG_BCMWL5 -pipe -DBCMWPA2 -funit-at-a-time -Wno-pointer-sign -mtune=mips32 -mips32   -fPIC -ffunction-sections -fdata-sections -I/home/aaronfinney/tomato/release/src-rt/router/libogg/include conftest.c >&5
configure:5675: $? = 0
configure:5675: result: yes
configure:5675: checking for sys/stat.h
configure:5675: mipsel-uclibc-gcc -c -Os -Wall -DLINUX26 -DCONFIG_BCMWL5 -pipe -DBCMWPA2 -funit-at-a-time -Wno-pointer-sign -mtune=mips32 -mips32   -fPIC -ffunction-sections -fdata-sections -I/home/aaronfinney/tomato/release/src-rt/router/libogg/include conftest.c >&5
configure:5675: $? = 0
configure:5675: result: yes
configure:5675: checking for stdlib.h
configure:5675: mipsel-uclibc-gcc -c -Os -Wall -DLINUX26 -DCONFIG_BCMWL5 -pipe -DBCMWPA2 -funit-at-a-time -Wno-pointer-sign -mtune=mips32 -mips32   -fPIC -ffunction-sections -fdata-sections -I/home/aaronfinney/tomato/release/src-rt/router/libogg/include conftest.c >&5
configure:5675: $? = 0
configure:5675: result: yes
configure:5675: checking for string.h
configure:5675: mipsel-uclibc-gcc -c -Os -Wall -DLINUX26 -DCONFIG_BCMWL5 -pipe -DBCMWPA2 -funit-at-a-time -Wno-pointer-sign -mtune=mips32 -mips32   -fPIC -ffunction-sections -fdata-sections -I/home/aaronfinney/tomato/release/src-rt/router/libogg/include conftest.c >&5
configure:5675: $? = 0
configure:5675: result: yes
configure:5675: checking for memory.h
configure:5675: mipsel-uclibc-gcc -c -Os -Wall -DLINUX26 -DCONFIG_BCMWL5 -pipe -DBCMWPA2 -funit-at-a-time -Wno-pointer-sign -mtune=mips32 -mips32   -fPIC -ffunction-sections -fdata-sections -I/home/aaronfinney/tomato/release/src-rt/router/libogg/include conftest.c >&5
configure:5675: $? = 0
configure:5675: result: yes
configure:5675: checking for strings.h
configure:5675: mipsel-uclibc-gcc -c -Os -Wall -DLINUX26 -DCONFIG_BCMWL5 -pipe -DBCMWPA2 -funit-at-a-time -Wno-pointer-sign -mtune=mips32 -mips32   -fPIC -ffunction-sections -fdata-sections -I/home/aaronfinney/tomato/release/src-rt/router/libogg/include conftest.c >&5
configure:5675: $? = 0
configure:5675: result: yes
configure:5675: checking for inttypes.h
configure:5675: mipsel-uclibc-gcc -c -Os -Wall -DLINUX26 -DCONFIG_BCMWL5 -pipe -DBCMWPA2 -funit-at-a-time -Wno-pointer-sign -mtune=mips32 -mips32   -fPIC -ffunction-sections -fdata-sections -I/home/aaronfinney/tomato/release/src-rt/router/libogg/include conftest.c >&5
configure:5675: $? = 0
configure:5675: result: yes
configure:5675: checking for stdint.h
configure:5675: mipsel-uclibc-gcc -c -Os -Wall -DLINUX26 -DCONFIG_BCMWL5 -pipe -DBCMWPA2 -funit-at-a-time -Wno-pointer-sign -mtune=mips32 -mips32   -fPIC -ffunction-sections -fdata-sections -I/home/aaronfinney/tomato/release/src-rt/router/libogg/include conftest.c >&5
configure:5675: $? = 0
configure:5675: result: yes
configure:5675: checking for unistd.h
configure:5675: mipsel-uclibc-gcc -c -Os -Wall -DLINUX26 -DCONFIG_BCMWL5 -pipe -DBCMWPA2 -funit-at-a-time -Wno-pointer-sign -mtune=mips32 -mips32   -fPIC -ffunction-sections -fdata-sections -I/home/aaronfinney/tomato/release/src-rt/router/libogg/include conftest.c >&5
configure:5675: $? = 0
configure:5675: result: yes
configure:5689: checking dlfcn.h usability
configure:5689: mipsel-uclibc-gcc -c -Os -Wall -DLINUX26 -DCONFIG_BCMWL5 -pipe -DBCMWPA2 -funit-at-a-time -Wno-pointer-sign -mtune=mips32 -mips32   -fPIC -ffunction-sections -fdata-sections -I/home/aaronfinney/tomato/release/src-rt/router/libogg/include conftest.c >&5
configure:5689: $? = 0
configure:5689: result: yes
configure:5689: checking dlfcn.h presence
configure:5689: mipsel-uclibc-gcc -E -I/home/aaronfinney/tomato/release/src-rt/router/libogg/include conftest.c
configure:5689: $? = 0
configure:5689: result: yes
configure:5689: checking for dlfcn.h
configure:5689: result: yes
configure:5713: checking for mipsel-linux-g++
configure:5729: found /opt/brcm/hndtools-mipsel-uclibc/bin/mipsel-linux-g++
configure:5740: result: mipsel-linux-g++
configure:5811: checking for C++ compiler version
configure:5820: mipsel-linux-g++ --version >&5
mipsel-linux-g++ (GCC) 4.2.4
Copyright (C) 2007 Free Software Foundation, Inc.
This is free software; see the source for copying conditions.  There is NO
warranty; not even for MERCHANTABILITY or FITNESS FOR A PARTICULAR PURPOSE.

configure:5831: $? = 0
configure:5820: mipsel-linux-g++ -v >&5
Using built-in specs.
Target: mipsel-linux-uclibc
Configured with: /home/shibby/openwrt/tomato.toolchain/t/build_dir/toolchain-mipsel_gcc4.2.4/gcc-4.2.4/configure --prefix=/opt/brcm/hndtools-mipsel-uclibc-4.2.4 --build=x86_64-linux-gnu --host=x86_64-linux-gnu --target=mipsel-linux-uclibc --with-gnu-ld --enable-target-optspace --disable-libgomp --disable-libmudflap --disable-multilib --disable-nls --disable-__cxa_atexit --enable-libssp --enable-languages=c,c++ --enable-shared --enable-threads --enable-tls
Thread model: posix
gcc version 4.2.4
configure:5831: $? = 0
configure:5820: mipsel-linux-g++ -V >&5
mipsel-linux-g++: '-V' option must have argument
configure:5831: $? = 1
configure:5820: mipsel-linux-g++ -qversion >&5
mipsel-linux-g++: unrecognized option '-qversion'
mipsel-linux-g++: no input files
configure:5831: $? = 1
configure:5835: checking whether we are using the GNU C++ compiler
configure:5854: mipsel-linux-g++ -c  -I/home/aaronfinney/tomato/release/src-rt/router/libogg/include conftest.cpp >&5
configure:5854: $? = 0
configure:5863: result: yes
configure:5872: checking whether mipsel-linux-g++ accepts -g
configure:5892: mipsel-linux-g++ -c -g -I/home/aaronfinney/tomato/release/src-rt/router/libogg/include conftest.cpp >&5
configure:5892: $? = 0
configure:5933: result: yes
configure:5958: checking dependency style of mipsel-linux-g++
configure:6049: result: gcc3
configure:6074: checking how to run the C++ preprocessor
configure:6101: mipsel-linux-g++ -E -I/home/aaronfinney/tomato/release/src-rt/router/libogg/include conftest.cpp
configure:6101: $? = 0
configure:6115: mipsel-linux-g++ -E -I/home/aaronfinney/tomato/release/src-rt/router/libogg/include conftest.cpp
conftest.cpp:22:28: error: ac_nonexistent.h: No such file or directory
configure:6115: $? = 1
configure: failed program was:
| /* confdefs.h */
| #define PACKAGE_NAME "libvorbis"
| #define PACKAGE_TARNAME "libvorbis"
| #define PACKAGE_VERSION "1.2.3"
| #define PACKAGE_STRING "libvorbis 1.2.3"
| #define PACKAGE_BUGREPORT "vorbis-dev@xiph.org"
| #define PACKAGE_URL ""
| #define PACKAGE "libvorbis"
| #define VERSION "1.2.3"
| #define STDC_HEADERS 1
| #define HAVE_SYS_TYPES_H 1
| #define HAVE_SYS_STAT_H 1
| #define HAVE_STDLIB_H 1
| #define HAVE_STRING_H 1
| #define HAVE_MEMORY_H 1
| #define HAVE_STRINGS_H 1
| #define HAVE_INTTYPES_H 1
| #define HAVE_STDINT_H 1
| #define HAVE_UNISTD_H 1
| #define HAVE_DLFCN_H 1
| /* end confdefs.h.  */
| #include <ac_nonexistent.h>
configure:6140: result: mipsel-linux-g++ -E
configure:6160: mipsel-linux-g++ -E -I/home/aaronfinney/tomato/release/src-rt/router/libogg/include conftest.cpp
configure:6160: $? = 0
configure:6174: mipsel-linux-g++ -E -I/home/aaronfinney/tomato/release/src-rt/router/libogg/include conftest.cpp
conftest.cpp:22:28: error: ac_nonexistent.h: No such file or directory
configure:6174: $? = 1
configure: failed program was:
| /* confdefs.h */
| #define PACKAGE_NAME "libvorbis"
| #define PACKAGE_TARNAME "libvorbis"
| #define PACKAGE_VERSION "1.2.3"
| #define PACKAGE_STRING "libvorbis 1.2.3"
| #define PACKAGE_BUGREPORT "vorbis-dev@xiph.org"
| #define PACKAGE_URL ""
| #define PACKAGE "libvorbis"
| #define VERSION "1.2.3"
| #define STDC_HEADERS 1
| #define HAVE_SYS_TYPES_H 1
| #define HAVE_SYS_STAT_H 1
| #define HAVE_STDLIB_H 1
| #define HAVE_STRING_H 1
| #define HAVE_MEMORY_H 1
| #define HAVE_STRINGS_H 1
| #define HAVE_INTTYPES_H 1
| #define HAVE_STDINT_H 1
| #define HAVE_UNISTD_H 1
| #define HAVE_DLFCN_H 1
| /* end confdefs.h.  */
| #include <ac_nonexistent.h>
configure:6214: checking for mipsel-linux-g77
configure:6244: result: no
configure:6214: checking for mipsel-linux-xlf
configure:6244: result: no
configure:6214: checking for mipsel-linux-f77
configure:6244: result: no
configure:6214: checking for mipsel-linux-frt
configure:6244: result: no
configure:6214: checking for mipsel-linux-pgf77
configure:6244: result: no
configure:6214: checking for mipsel-linux-cf77
configure:6244: result: no
configure:6214: checking for mipsel-linux-fort77
configure:6244: result: no
configure:6214: checking for mipsel-linux-fl32
configure:6244: result: no
configure:6214: checking for mipsel-linux-af77
configure:6244: result: no
configure:6214: checking for mipsel-linux-xlf90
configure:6244: result: no
configure:6214: checking for mipsel-linux-f90
configure:6244: result: no
configure:6214: checking for mipsel-linux-pgf90
configure:6244: result: no
configure:6214: checking for mipsel-linux-pghpf
configure:6244: result: no
configure:6214: checking for mipsel-linux-epcf90
configure:6244: result: no
configure:6214: checking for mipsel-linux-gfortran
configure:6244: result: no
configure:6214: checking for mipsel-linux-g95
configure:6244: result: no
configure:6214: checking for mipsel-linux-xlf95
configure:6244: result: no
configure:6214: checking for mipsel-linux-f95
configure:6244: result: no
configure:6214: checking for mipsel-linux-fort
configure:6244: result: no
configure:6214: checking for mipsel-linux-ifort
configure:6244: result: no
configure:6214: checking for mipsel-linux-ifc
configure:6244: result: no
configure:6214: checking for mipsel-linux-efc
configure:6244: result: no
configure:6214: checking for mipsel-linux-pgfortran
configure:6244: result: no
configure:6214: checking for mipsel-linux-pgf95
configure:6244: result: no
configure:6214: checking for mipsel-linux-lf95
configure:6244: result: no
configure:6214: checking for mipsel-linux-ftn
configure:6244: result: no
configure:6214: checking for mipsel-linux-nagfor
configure:6244: result: no
configure:6258: checking for g77
configure:6288: result: no
configure:6258: checking for xlf
configure:6288: result: no
configure:6258: checking for f77
configure:6288: result: no
configure:6258: checking for frt
configure:6288: result: no
configure:6258: checking for pgf77
configure:6288: result: no
configure:6258: checking for cf77
configure:6288: result: no
configure:6258: checking for fort77
configure:6288: result: no
configure:6258: checking for fl32
configure:6288: result: no
configure:6258: checking for af77
configure:6288: result: no
configure:6258: checking for xlf90
configure:6288: result: no
configure:6258: checking for f90
configure:6288: result: no
configure:6258: checking for pgf90
configure:6288: result: no
configure:6258: checking for pghpf
configure:6288: result: no
configure:6258: checking for epcf90
configure:6288: result: no
configure:6258: checking for gfortran
configure:6288: result: no
configure:6258: checking for g95
configure:6288: result: no
configure:6258: checking for xlf95
configure:6288: result: no
configure:6258: checking for f95
configure:6288: result: no
configure:6258: checking for fort
configure:6288: result: no
configure:6258: checking for ifort
configure:6288: result: no
configure:6258: checking for ifc
configure:6288: result: no
configure:6258: checking for efc
configure:6288: result: no
configure:6258: checking for pgfortran
configure:6288: result: no
configure:6258: checking for pgf95
configure:6288: result: no
configure:6258: checking for lf95
configure:6288: result: no
configure:6258: checking for ftn
configure:6288: result: no
configure:6258: checking for nagfor
configure:6288: result: no
configure:6311: checking for Fortran 77 compiler version
configure:6320:  --version >&5
./configure: line 6322: --version: command not found
configure:6331: $? = 127
configure:6320:  -v >&5
./configure: line 6322: -v: command not found
configure:6331: $? = 127
configure:6320:  -V >&5
./configure: line 6322: -V: command not found
configure:6331: $? = 127
configure:6320:  -qversion >&5
./configure: line 6322: -qversion: command not found
configure:6331: $? = 127
configure:6340: checking whether we are using the GNU Fortran 77 compiler
configure:6353:  -c  conftest.F >&5
./configure: line 2180: -c: command not found
configure:6353: $? = 127
configure: failed program was:
|       program main
| #ifndef __GNUC__
|        choke me
| #endif
| 
|       end
configure:6362: result: no
configure:6368: checking whether  accepts -g
configure:6379:  -c -g conftest.f >&5
./configure: line 2180: -c: command not found
configure:6379: $? = 127
configure: failed program was:
|       program main
| 
|       end
configure:6387: result: no
configure:6420: checking the maximum length of command line arguments
configure:6532: result: 1966080
configure:6544: checking command to parse mipsel-uclibc-nm output from mipsel-uclibc-gcc object
configure:6649: mipsel-uclibc-gcc -c -Os -Wall -DLINUX26 -DCONFIG_BCMWL5 -pipe -DBCMWPA2 -funit-at-a-time -Wno-pointer-sign -mtune=mips32 -mips32   -fPIC -ffunction-sections -fdata-sections -I/home/aaronfinney/tomato/release/src-rt/router/libogg/include conftest.c >&5
configure:6652: $? = 0
configure:6656: mipsel-uclibc-nm conftest.o \| sed -n -e 's/^.*[ 	]\([ABCDGIRSTW][ABCDGIRSTW]*\)[ 	][ 	]*\([_A-Za-z][_A-Za-z0-9]*\)$/\1 \2 \2/p' \> conftest.nm
configure:6659: $? = 0
configure:6711: mipsel-uclibc-gcc -o conftest -Os -Wall -DLINUX26 -DCONFIG_BCMWL5 -pipe -DBCMWPA2 -funit-at-a-time -Wno-pointer-sign -mtune=mips32 -mips32   -fPIC -ffunction-sections -fdata-sections -I/home/aaronfinney/tomato/release/src-rt/router/libogg/include -L/home/aaronfinney/tomato/release/src-rt/router/libogg/src/.libs -fPIC -ffunction-sections -fdata-sections -Wl,--gc-sections conftest.c conftstm.o >&5
configure:6714: $? = 0
configure:6752: result: ok
configure:6756: checking for objdir
configure:6771: result: .libs
configure:6823: checking for mipsel-linux-ar
configure:6850: result: mipsel-uclibc-ar
configure:6915: checking for mipsel-linux-ranlib
configure:6942: result: mipsel-uclibc-ranlib
configure:7007: checking for mipsel-linux-strip
configure:7034: result: mipsel-uclibc-strip -R .note -R .comment
configure:7635: checking if mipsel-uclibc-gcc supports -fno-rtti -fno-exceptions
configure:7653: mipsel-uclibc-gcc -c -Os -Wall -DLINUX26 -DCONFIG_BCMWL5 -pipe -DBCMWPA2 -funit-at-a-time -Wno-pointer-sign -mtune=mips32 -mips32   -fPIC -ffunction-sections -fdata-sections -I/home/aaronfinney/tomato/release/src-rt/router/libogg/include -fno-rtti -fno-exceptions conftest.c >&5
cc1: warning: command line option "-fno-rtti" is valid for C++/ObjC++ but not for C
configure:7657: $? = 0
configure:7670: result: no
configure:7685: checking for mipsel-uclibc-gcc option to produce PIC
configure:7917: result: -fPIC
configure:7925: checking if mipsel-uclibc-gcc PIC flag -fPIC works
configure:7943: mipsel-uclibc-gcc -c -Os -Wall -DLINUX26 -DCONFIG_BCMWL5 -pipe -DBCMWPA2 -funit-at-a-time -Wno-pointer-sign -mtune=mips32 -mips32   -fPIC -ffunction-sections -fdata-sections -I/home/aaronfinney/tomato/release/src-rt/router/libogg/include -fPIC -DPIC conftest.c >&5
configure:7947: $? = 0
configure:7960: result: yes
configure:7988: checking if mipsel-uclibc-gcc static flag -static works
configure:8016: result: yes
configure:8026: checking if mipsel-uclibc-gcc supports -c -o file.o
configure:8047: mipsel-uclibc-gcc -c -Os -Wall -DLINUX26 -DCONFIG_BCMWL5 -pipe -DBCMWPA2 -funit-at-a-time -Wno-pointer-sign -mtune=mips32 -mips32   -fPIC -ffunction-sections -fdata-sections -I/home/aaronfinney/tomato/release/src-rt/router/libogg/include -o out/conftest2.o conftest.c >&5
configure:8051: $? = 0
configure:8073: result: yes
configure:8099: checking whether the mipsel-uclibc-gcc linker (mipsel-uclibc-ld) supports shared libraries
configure:9026: result: yes
configure:9047: checking whether -lc should be explicitly linked in
configure:9052: mipsel-uclibc-gcc -c -Os -Wall -DLINUX26 -DCONFIG_BCMWL5 -pipe -DBCMWPA2 -funit-at-a-time -Wno-pointer-sign -mtune=mips32 -mips32   -fPIC -ffunction-sections -fdata-sections -I/home/aaronfinney/tomato/release/src-rt/router/libogg/include conftest.c >&5
configure:9055: $? = 0
configure:9070: mipsel-uclibc-gcc -shared conftest.o  -v -Wl,-soname -Wl,conftest -o conftest 2\>\&1 \| grep  -lc  \>/dev/null 2\>\&1
configure:9073: $? = 0
configure:9085: result: no
configure:9093: checking dynamic linker characteristics
configure:9707: result: GNU/Linux ld.so
configure:9731: checking how to hardcode library paths into programs
configure:9756: result: immediate
configure:9770: checking whether stripping libraries is possible
configure:9775: result: yes
configure:10292: checking if libtool supports shared libraries
configure:10294: result: yes
configure:10297: checking whether to build shared libraries
configure:10318: result: yes
configure:10321: checking whether to build static libraries
configure:10325: result: yes
configure:10419: creating libtool
configure:11008: checking for ld used by mipsel-linux-g++
configure:11075: result: mipsel-uclibc-ld
configure:11082: checking if the linker (mipsel-uclibc-ld) is GNU ld
configure:11097: result: yes
configure:11148: checking whether the mipsel-linux-g++ linker (mipsel-uclibc-ld) supports shared libraries
configure:12040: result: yes
configure:12057: mipsel-linux-g++ -c -g -O2 -I/home/aaronfinney/tomato/release/src-rt/router/libogg/include conftest.cpp >&5
configure:12060: $? = 0
configure:12216: checking for mipsel-linux-g++ option to produce PIC
configure:12500: result: -fPIC
configure:12508: checking if mipsel-linux-g++ PIC flag -fPIC works
configure:12526: mipsel-linux-g++ -c -g -O2 -I/home/aaronfinney/tomato/release/src-rt/router/libogg/include -fPIC -DPIC conftest.cpp >&5
configure:12530: $? = 0
configure:12543: result: yes
configure:12571: checking if mipsel-linux-g++ static flag -static works
configure:12599: result: yes
configure:12609: checking if mipsel-linux-g++ supports -c -o file.o
configure:12630: mipsel-linux-g++ -c -g -O2 -I/home/aaronfinney/tomato/release/src-rt/router/libogg/include -o out/conftest2.o conftest.cpp >&5
configure:12634: $? = 0
configure:12656: result: yes
configure:12682: checking whether the mipsel-linux-g++ linker (mipsel-uclibc-ld) supports shared libraries
configure:12711: result: yes
configure:12778: checking dynamic linker characteristics
configure:13340: result: GNU/Linux ld.so
configure:13364: checking how to hardcode library paths into programs
configure:13389: result: immediate
configure:19533: checking whether mipsel-uclibc-gcc and cc understand -c and -o together
configure:19564: mipsel-uclibc-gcc -c conftest.c -o conftest2.o >&5
configure:19568: $? = 0
configure:19574: mipsel-uclibc-gcc -c conftest.c -o conftest2.o >&5
configure:19578: $? = 0
configure:19589: cc -c conftest.c >&5
configure:19593: $? = 0
configure:19601: cc -c conftest.c -o conftest2.o >&5
configure:19605: $? = 0
configure:19611: cc -c conftest.c -o conftest2.o >&5
configure:19615: $? = 0
configure:19633: result: yes
configure:19790: checking GCC version
configure:19793: result: 4.2.4
configure:19930: checking if mipsel-uclibc-gcc accepts -Wdeclaration-after-statement
configure:19945: mipsel-uclibc-gcc -o conftest -O20 -Wall -Wextra -ffast-math -D_REENTRANT -fsigned-char -Wdeclaration-after-statement -I/home/aaronfinney/tomato/release/src-rt/router/libogg/include -L/home/aaronfinney/tomato/release/src-rt/router/libogg/src/.libs -fPIC -ffunction-sections -fdata-sections -Wl,--gc-sections conftest.c  >&5
configure:19945: $? = 0
configure:19946: result: yes
configure:19960: checking for memory.h
configure:19960: result: yes
configure:19972: checking for cos in -lm
configure:19997: mipsel-uclibc-gcc -o conftest -O20 -Wall -Wextra -ffast-math -D_REENTRANT -fsigned-char -Wdeclaration-after-statement -Os -Wall -DLINUX26 -DCONFIG_BCMWL5 -pipe -DBCMWPA2 -funit-at-a-time -Wno-pointer-sign -mtune=mips32 -mips32   -fPIC -ffunction-sections -fdata-sections -DUSE_MEMORY_H -I/home/aaronfinney/tomato/release/src-rt/router/libogg/include -L/home/aaronfinney/tomato/release/src-rt/router/libogg/src/.libs -fPIC -ffunction-sections -fdata-sections -Wl,--gc-sections conftest.c -lm   >&5
conftest.c:29: warning: conflicting types for built-in function 'cos'
configure:19997: $? = 0
configure:20006: result: yes
configure:20014: checking for pthread_create in -lpthread
configure:20039: mipsel-uclibc-gcc -o conftest -O20 -Wall -Wextra -ffast-math -D_REENTRANT -fsigned-char -Wdeclaration-after-statement -Os -Wall -DLINUX26 -DCONFIG_BCMWL5 -pipe -DBCMWPA2 -funit-at-a-time -Wno-pointer-sign -mtune=mips32 -mips32   -fPIC -ffunction-sections -fdata-sections -DUSE_MEMORY_H -I/home/aaronfinney/tomato/release/src-rt/router/libogg/include -L/home/aaronfinney/tomato/release/src-rt/router/libogg/src/.libs -fPIC -ffunction-sections -fdata-sections -Wl,--gc-sections conftest.c -lpthread   >&5
configure:20039: $? = 0
configure:20048: result: yes
configure:20063: checking for mipsel-linux-pkg-config
configure:20096: result: no
configure:20106: checking for pkg-config
configure:20124: found /usr/bin/pkg-config
configure:20136: result: /usr/bin/pkg-config
configure:20148: WARNING: using cross tools not prefixed with host triplet
configure:20161: checking pkg-config is at least version 0.9.0
configure:20164: result: yes
configure:20179: checking for OGG
configure:20187: $PKG_CONFIG --exists --print-errors "ogg >= 1.0"
Package ogg was not found in the pkg-config search path.
Perhaps you should add the directory containing `ogg.pc'
to the PKG_CONFIG_PATH environment variable
No package 'ogg' found
configure:20190: $? = 1
configure:20205: $PKG_CONFIG --exists --print-errors "ogg >= 1.0"
Package ogg was not found in the pkg-config search path.
Perhaps you should add the directory containing `ogg.pc'
to the PKG_CONFIG_PATH environment variable
No package 'ogg' found
configure:20208: $? = 1
No package 'ogg' found
configure:20236: result: no
configure:20307: checking for Ogg
configure:20360: result: yes
configure:20416: checking for oggpack_writealign
configure:20416: mipsel-uclibc-gcc -o conftest -O20 -Wall -Wextra -ffast-math -D_REENTRANT -fsigned-char -Wdeclaration-after-statement -Os -Wall -DLINUX26 -DCONFIG_BCMWL5 -pipe -DBCMWPA2 -funit-at-a-time -Wno-pointer-sign -mtune=mips32 -mips32   -fPIC -ffunction-sections -fdata-sections -DUSE_MEMORY_H -I/home/aaronfinney/tomato/release/src-rt/router/libogg/include -L/home/aaronfinney/tomato/release/src-rt/router/libogg/src/.libs -fPIC -ffunction-sections -fdata-sections -Wl,--gc-sections conftest.c -L/home/aaronfinney/tomato/release/src-rt/router/libogg/src/.libs -logg -lm >&5
configure:20416: $? = 0
configure:20416: result: yes
configure:20427: checking for size_t
configure:20427: mipsel-uclibc-gcc -c -O20 -Wall -Wextra -ffast-math -D_REENTRANT -fsigned-char -Wdeclaration-after-statement -Os -Wall -DLINUX26 -DCONFIG_BCMWL5 -pipe -DBCMWPA2 -funit-at-a-time -Wno-pointer-sign -mtune=mips32 -mips32   -fPIC -ffunction-sections -fdata-sections -DUSE_MEMORY_H -I/home/aaronfinney/tomato/release/src-rt/router/libogg/include conftest.c >&5
configure:20427: $? = 0
configure:20427: mipsel-uclibc-gcc -c -O20 -Wall -Wextra -ffast-math -D_REENTRANT -fsigned-char -Wdeclaration-after-statement -Os -Wall -DLINUX26 -DCONFIG_BCMWL5 -pipe -DBCMWPA2 -funit-at-a-time -Wno-pointer-sign -mtune=mips32 -mips32   -fPIC -ffunction-sections -fdata-sections -DUSE_MEMORY_H -I/home/aaronfinney/tomato/release/src-rt/router/libogg/include conftest.c >&5
conftest.c: In function 'main':
conftest.c:58: error: expected expression before ')' token
configure:20427: $? = 1
configure: failed program was:
| /* confdefs.h */
| #define PACKAGE_NAME "libvorbis"
| #define PACKAGE_TARNAME "libvorbis"
| #define PACKAGE_VERSION "1.2.3"
| #define PACKAGE_STRING "libvorbis 1.2.3"
| #define PACKAGE_BUGREPORT "vorbis-dev@xiph.org"
| #define PACKAGE_URL ""
| #define PACKAGE "libvorbis"
| #define VERSION "1.2.3"
| #define STDC_HEADERS 1
| #define HAVE_SYS_TYPES_H 1
| #define HAVE_SYS_STAT_H 1
| #define HAVE_STDLIB_H 1
| #define HAVE_STRING_H 1
| #define HAVE_MEMORY_H 1
| #define HAVE_STRINGS_H 1
| #define HAVE_INTTYPES_H 1
| #define HAVE_STDINT_H 1
| #define HAVE_UNISTD_H 1
| #define HAVE_DLFCN_H 1
| /* end confdefs.h.  */
| #include <stdio.h>
| #ifdef HAVE_SYS_TYPES_H
| # include <sys/types.h>
| #endif
| #ifdef HAVE_SYS_STAT_H
| # include <sys/stat.h>
| #endif
| #ifdef STDC_HEADERS
| # include <stdlib.h>
| # include <stddef.h>
| #else
| # ifdef HAVE_STDLIB_H
| #  include <stdlib.h>
| # endif
| #endif
| #ifdef HAVE_STRING_H
| # if !defined STDC_HEADERS && defined HAVE_MEMORY_H
| #  include <memory.h>
| # endif
| # include <string.h>
| #endif
| #ifdef HAVE_STRINGS_H
| # include <strings.h>
| #endif
| #ifdef HAVE_INTTYPES_H
| # include <inttypes.h>
| #endif
| #ifdef HAVE_STDINT_H
| # include <stdint.h>
| #endif
| #ifdef HAVE_UNISTD_H
| # include <unistd.h>
| #endif
| int
| main ()
| {
| if (sizeof ((size_t)))
| 	    return 0;
|   ;
|   return 0;
| }
configure:20427: result: yes
configure:20440: checking for working alloca.h
configure:20457: mipsel-uclibc-gcc -o conftest -O20 -Wall -Wextra -ffast-math -D_REENTRANT -fsigned-char -Wdeclaration-after-statement -Os -Wall -DLINUX26 -DCONFIG_BCMWL5 -pipe -DBCMWPA2 -funit-at-a-time -Wno-pointer-sign -mtune=mips32 -mips32   -fPIC -ffunction-sections -fdata-sections -DUSE_MEMORY_H -I/home/aaronfinney/tomato/release/src-rt/router/libogg/include -L/home/aaronfinney/tomato/release/src-rt/router/libogg/src/.libs -fPIC -ffunction-sections -fdata-sections -Wl,--gc-sections conftest.c  >&5
configure:20457: $? = 0
configure:20465: result: yes
configure:20473: checking for alloca
configure:20510: mipsel-uclibc-gcc -o conftest -O20 -Wall -Wextra -ffast-math -D_REENTRANT -fsigned-char -Wdeclaration-after-statement -Os -Wall -DLINUX26 -DCONFIG_BCMWL5 -pipe -DBCMWPA2 -funit-at-a-time -Wno-pointer-sign -mtune=mips32 -mips32   -fPIC -ffunction-sections -fdata-sections -DUSE_MEMORY_H -I/home/aaronfinney/tomato/release/src-rt/router/libogg/include -L/home/aaronfinney/tomato/release/src-rt/router/libogg/src/.libs -fPIC -ffunction-sections -fdata-sections -Wl,--gc-sections conftest.c  >&5
configure:20510: $? = 0
configure:20518: result: yes
configure:20624: checking for working memcmp
configure:20677: result: no
configure:20827: creating ./config.status

## ---------------------- ##
## Running config.status. ##
## ---------------------- ##

This file was extended by libvorbis config.status 1.2.3, which was
generated by GNU Autoconf 2.69.  Invocation command line was

  CONFIG_FILES    = 
  CONFIG_HEADERS  = 
  CONFIG_LINKS    = 
  CONFIG_COMMANDS = 
  $ ./config.status 

on gns3lab.slash31.net

config.status:927: creating Makefile
config.status:927: creating m4/Makefile
config.status:927: creating lib/Makefile
config.status:927: creating lib/modes/Makefile
config.status:927: creating lib/books/Makefile
config.status:927: creating lib/books/coupled/Makefile
config.status:927: creating lib/books/uncoupled/Makefile
config.status:927: creating lib/books/floor/Makefile
config.status:927: creating doc/Makefile
config.status:927: creating doc/vorbisfile/Makefile
config.status:927: creating doc/vorbisenc/Makefile
config.status:927: creating include/Makefile
config.status:927: creating include/vorbis/Makefile
config.status:927: creating examples/Makefile
config.status:927: creating test/Makefile
config.status:927: creating vq/Makefile
config.status:927: creating libvorbis.spec
config.status:927: creating vorbis.pc
config.status:927: creating vorbisenc.pc
config.status:927: creating vorbisfile.pc
config.status:927: creating vorbis-uninstalled.pc
config.status:927: creating vorbisenc-uninstalled.pc
config.status:927: creating vorbisfile-uninstalled.pc
config.status:927: creating config.h
config.status:1108: config.h is unchanged
config.status:1156: executing depfiles commands

## ---------------- ##
## Cache variables. ##
## ---------------- ##

ac_cv_build=x86_64-redhat-linux-gnu
ac_cv_c_compiler_gnu=yes
ac_cv_c_inline=inline
ac_cv_cxx_compiler_gnu=yes
ac_cv_env_CCC_set=
ac_cv_env_CCC_value=
ac_cv_env_CC_set=set
ac_cv_env_CC_value=mipsel-uclibc-gcc
ac_cv_env_CFLAGS_set=set
ac_cv_env_CFLAGS_value='-Os -Wall -DLINUX26 -DCONFIG_BCMWL5 -pipe -DBCMWPA2 -funit-at-a-time -Wno-pointer-sign -mtune=mips32 -mips32   -fPIC -ffunction-sections -fdata-sections'
ac_cv_env_CPPFLAGS_set=set
ac_cv_env_CPPFLAGS_value=-I/home/aaronfinney/tomato/release/src-rt/router/libogg/include
ac_cv_env_CPP_set=
ac_cv_env_CPP_value=
ac_cv_env_CXXCPP_set=
ac_cv_env_CXXCPP_value=
ac_cv_env_CXXFLAGS_set=
ac_cv_env_CXXFLAGS_value=
ac_cv_env_CXX_set=
ac_cv_env_CXX_value=
ac_cv_env_F77_set=
ac_cv_env_F77_value=
ac_cv_env_FFLAGS_set=
ac_cv_env_FFLAGS_value=
ac_cv_env_LDFLAGS_set=set
ac_cv_env_LDFLAGS_value='-L/home/aaronfinney/tomato/release/src-rt/router/libogg/src/.libs -fPIC -ffunction-sections -fdata-sections -Wl,--gc-sections'
ac_cv_env_LIBS_set=
ac_cv_env_LIBS_value=
ac_cv_env_OGG_CFLAGS_set=
ac_cv_env_OGG_CFLAGS_value=
ac_cv_env_OGG_LIBS_set=
ac_cv_env_OGG_LIBS_value=
ac_cv_env_PKG_CONFIG_set=
ac_cv_env_PKG_CONFIG_value=
ac_cv_env_build_alias_set=set
ac_cv_env_build_alias_value=x86_64-redhat-linux
ac_cv_env_host_alias_set=set
ac_cv_env_host_alias_value=mipsel-linux
ac_cv_env_target_alias_set=
ac_cv_env_target_alias_value=
ac_cv_f77_compiler_gnu=no
ac_cv_func_alloca_works=yes
ac_cv_func_malloc_0_nonnull=yes
ac_cv_func_memcmp_working=no
ac_cv_func_oggpack_writealign=yes
ac_cv_header_dlfcn_h=yes
ac_cv_header_inttypes_h=yes
ac_cv_header_memory_h=yes
ac_cv_header_stdc=yes
ac_cv_header_stdint_h=yes
ac_cv_header_stdlib_h=yes
ac_cv_header_string_h=yes
ac_cv_header_strings_h=yes
ac_cv_header_sys_stat_h=yes
ac_cv_header_sys_types_h=yes
ac_cv_header_unistd_h=yes
ac_cv_host=mipsel-unknown-linux-gnu
ac_cv_lib_m_cos=yes
ac_cv_lib_pthread_pthread_create=yes
ac_cv_objext=o
ac_cv_path_EGREP='/bin/grep -E'
ac_cv_path_GREP=/bin/grep
ac_cv_path_ac_pt_PKG_CONFIG=/usr/bin/pkg-config
ac_cv_path_install='/usr/bin/install -c'
ac_cv_path_mkdir=/bin/mkdir
ac_cv_prog_AR=mipsel-uclibc-ar
ac_cv_prog_AWK=gawk
ac_cv_prog_CC=mipsel-uclibc-gcc
ac_cv_prog_CPP='mipsel-uclibc-gcc -E'
ac_cv_prog_CXX=mipsel-linux-g++
ac_cv_prog_CXXCPP='mipsel-linux-g++ -E'
ac_cv_prog_RANLIB=mipsel-uclibc-ranlib
ac_cv_prog_STRIP='mipsel-uclibc-strip -R .note -R .comment'
ac_cv_prog_cc_c89=
ac_cv_prog_cc_g=yes
ac_cv_prog_cc_mipsel_uclibc_gcc_c_o=yes
ac_cv_prog_cxx_g=yes
ac_cv_prog_f77_g=no
ac_cv_prog_make_make_set=yes
ac_cv_target=mipsel-unknown-linux-gnu
ac_cv_type_size_t=yes
ac_cv_working_alloca_h=yes
am_cv_CC_dependencies_compiler_type=gcc3
am_cv_CXX_dependencies_compiler_type=gcc3
lt_cv_deplibs_check_method=pass_all
lt_cv_file_magic_cmd='$MAGIC_CMD'
lt_cv_file_magic_test_file=
lt_cv_ld_reload_flag=-r
lt_cv_objdir=.libs
lt_cv_path_LD=mipsel-uclibc-ld
lt_cv_path_LDCXX=mipsel-uclibc-ld
lt_cv_path_NM=mipsel-uclibc-nm
lt_cv_path_SED=/bin/sed
lt_cv_prog_compiler_c_o=yes
lt_cv_prog_compiler_c_o_CXX=yes
lt_cv_prog_compiler_pic_works=yes
lt_cv_prog_compiler_pic_works_CXX=yes
lt_cv_prog_compiler_rtti_exceptions=no
lt_cv_prog_compiler_static_works=yes
lt_cv_prog_compiler_static_works_CXX=yes
lt_cv_prog_gnu_ld=yes
lt_cv_prog_gnu_ldcxx=yes
lt_cv_sys_global_symbol_pipe='sed -n -e '\''s/^.*[ 	]\([ABCDGIRSTW][ABCDGIRSTW]*\)[ 	][ 	]*\([_A-Za-z][_A-Za-z0-9]*\)$/\1 \2 \2/p'\'''
lt_cv_sys_global_symbol_to_c_name_address='sed -n -e '\''s/^: \([^ ]*\) $/  {\"\1\", (lt_ptr) 0},/p'\'' -e '\''s/^[BCDEGRST] \([^ ]*\) \([^ ]*\)$/  {"\2", (lt_ptr) \&\2},/p'\'''
lt_cv_sys_global_symbol_to_cdecl='sed -n -e '\''s/^. .* \(.*\)$/extern int \1;/p'\'''
lt_cv_sys_lib_dlsearch_path_spec='/lib /usr/lib /usr/lib64/atlas /usr/lib64/ctapi /usr/lib64/mysql /usr/lib64/qt-3.3/lib /usr/lib64/xulrunner '
lt_cv_sys_lib_search_path_spec='/home/aaronfinney/tomato/tools/brcm/K26/hndtools-mipsel-uclibc-4.2.4/lib/gcc/mipsel-linux-uclibc/4.2.4 /home/aaronfinney/tomato/tools/brcm/K26/hndtools-mipsel-uclibc-4.2.4/lib/gcc /home/aaronfinney/tomato/tools/brcm/K26/hndtools-mipsel-uclibc-4.2.4/mipsel-linux-uclibc/lib'
lt_cv_sys_max_cmd_len=1966080
lt_lt_cv_prog_compiler_c_o='"yes"'
lt_lt_cv_prog_compiler_c_o_CXX='"yes"'
lt_lt_cv_sys_global_symbol_pipe='"sed -n -e '\''s/^.*[ 	]\\([ABCDGIRSTW][ABCDGIRSTW]*\\)[ 	][ 	]*\\([_A-Za-z][_A-Za-z0-9]*\\)\$/\\1 \\2 \\2/p'\''"'
lt_lt_cv_sys_global_symbol_to_c_name_address='"sed -n -e '\''s/^: \\([^ ]*\\) \$/  {\\\"\\1\\\", (lt_ptr) 0},/p'\'' -e '\''s/^[BCDEGRST] \\([^ ]*\\) \\([^ ]*\\)\$/  {\"\\2\", (lt_ptr) \\&\\2},/p'\''"'
lt_lt_cv_sys_global_symbol_to_cdecl='"sed -n -e '\''s/^. .* \\(.*\\)\$/extern int \\1;/p'\''"'

## ----------------- ##
## Output variables. ##
## ----------------- ##

ACLOCAL='${SHELL} /home/aaronfinney/tomato/release/src/router/libvorbis/missing --run aclocal-1.10'
ACLOCAL_AMFLAGS='-I m4'
ALLOCA=''
AMDEPBACKSLASH='\'
AMDEP_FALSE='#'
AMDEP_TRUE=''
AMTAR='${SHELL} /home/aaronfinney/tomato/release/src/router/libvorbis/missing --run tar'
AR='mipsel-uclibc-ar'
AS='mipsel-uclibc-as'
AUTOCONF='${SHELL} /home/aaronfinney/tomato/release/src/router/libvorbis/missing --run autoconf'
AUTOHEADER='${SHELL} /home/aaronfinney/tomato/release/src/router/libvorbis/missing --run autoheader'
AUTOMAKE='${SHELL} /home/aaronfinney/tomato/release/src/router/libvorbis/missing --run automake-1.10'
AWK='gawk'
BUILD_DOCS_FALSE=''
BUILD_DOCS_TRUE='#'
CC='mipsel-uclibc-gcc'
CCDEPMODE='depmode=gcc3'
CFLAGS='-O20 -Wall -Wextra -ffast-math -D_REENTRANT -fsigned-char -Wdeclaration-after-statement -Os -Wall -DLINUX26 -DCONFIG_BCMWL5 -pipe -DBCMWPA2 -funit-at-a-time -Wno-pointer-sign -mtune=mips32 -mips32   -fPIC -ffunction-sections -fdata-sections -DUSE_MEMORY_H'
CPP='mipsel-uclibc-gcc -E'
CPPFLAGS='-I/home/aaronfinney/tomato/release/src-rt/router/libogg/include'
CXX='mipsel-linux-g++'
CXXCPP='mipsel-linux-g++ -E'
CXXDEPMODE='depmode=gcc3'
CXXFLAGS='-g -O2'
CYGPATH_W='echo'
DEBUG='-g -Wall -Wextra -D_REENTRANT -D__NO_MATH_INLINES -fsigned-char'
DEFS='-DHAVE_CONFIG_H'
DEPDIR='.deps'
DLLTOOL='dlltool'
DSYMUTIL=''
ECHO='echo'
ECHO_C=''
ECHO_N='-n'
ECHO_T=''
EGREP='/bin/grep -E'
EXEEXT=''
F77=''
FFLAGS=''
GREP='/bin/grep'
HTLATEX=''
INSTALL_DATA='${INSTALL} -m 644'
INSTALL_PROGRAM='${INSTALL}'
INSTALL_SCRIPT='${INSTALL}'
INSTALL_STRIP_PROGRAM='$(install_sh) -c -s'
LDFLAGS='-L/home/aaronfinney/tomato/release/src-rt/router/libogg/src/.libs -fPIC -ffunction-sections -fdata-sections -Wl,--gc-sections'
LIBOBJS=' ${LIBOBJDIR}memcmp$U.o'
LIBS=''
LIBTOOL='$(SHELL) $(top_builddir)/libtool'
LIBTOOL_DEPS='./ltmain.sh'
LN_S='ln -s'
LTLIBOBJS=' ${LIBOBJDIR}memcmp$U.lo'
MAKEINFO='${SHELL} /home/aaronfinney/tomato/release/src/router/libvorbis/missing --run makeinfo'
MKDIR_P='/bin/mkdir -p'
NMEDIT=''
OBJDUMP='objdump'
OBJEXT='o'
OGG_CFLAGS='-I/home/aaronfinney/tomato/release/src-rt/router/libogg/include'
OGG_LIBS='-L/home/aaronfinney/tomato/release/src-rt/router/libogg/src/.libs -logg'
PACKAGE='libvorbis'
PACKAGE_BUGREPORT='vorbis-dev@xiph.org'
PACKAGE_NAME='libvorbis'
PACKAGE_STRING='libvorbis 1.2.3'
PACKAGE_TARNAME='libvorbis'
PACKAGE_URL=''
PACKAGE_VERSION='1.2.3'
PATH_SEPARATOR=':'
PDFLATEX=''
PKG_CONFIG='/usr/bin/pkg-config'
PROFILE='-pg -g -O20 -ffast-math -D_REENTRANT -fsigned-char'
RANLIB='mipsel-uclibc-ranlib'
SED='/bin/sed'
SET_MAKE=''
SHELL='/bin/sh'
STRIP='mipsel-uclibc-strip -R .note -R .comment'
VERSION='1.2.3'
VE_LIB_AGE='0'
VE_LIB_CURRENT='2'
VE_LIB_REVISION='6'
VF_LIB_AGE='3'
VF_LIB_CURRENT='6'
VF_LIB_REVISION='2'
VORBIS_LIBS='-lm'
V_LIB_AGE='4'
V_LIB_CURRENT='4'
V_LIB_REVISION='3'
ac_ct_CC=''
ac_ct_CXX=''
ac_ct_F77=''
am__fastdepCC_FALSE='#'
am__fastdepCC_TRUE=''
am__fastdepCXX_FALSE='#'
am__fastdepCXX_TRUE=''
am__include='include'
am__isrc=''
am__leading_dot='.'
am__quote=''
am__tar='${AMTAR} chof - "$$tardir"'
am__untar='${AMTAR} xf -'
bindir='${exec_prefix}/bin'
build='x86_64-redhat-linux-gnu'
build_alias='x86_64-redhat-linux'
build_cpu='x86_64'
build_os='linux-gnu'
build_vendor='redhat'
datadir='${datarootdir}'
datarootdir='${prefix}/share'
docdir='${datarootdir}/doc/${PACKAGE_TARNAME}'
dvidir='${docdir}'
exec_prefix='${prefix}'
host='mipsel-unknown-linux-gnu'
host_alias='mipsel-linux'
host_cpu='mipsel'
host_os='linux-gnu'
host_vendor='unknown'
htmldir='${docdir}'
includedir='${prefix}/include'
infodir='${datarootdir}/info'
install_sh='$(SHELL) /home/aaronfinney/tomato/release/src/router/libvorbis/install-sh'
libdir='${exec_prefix}/lib'
libexecdir='${exec_prefix}/libexec'
localedir='${datarootdir}/locale'
localstatedir='${prefix}/var'
mandir='${datarootdir}/man'
mkdir_p='/bin/mkdir -p'
oldincludedir='/usr/include'
pdfdir='${docdir}'
prefix=''
program_transform_name='s,x,x,'
psdir='${docdir}'
pthread_lib='-lpthread'
sbindir='${exec_prefix}/sbin'
sharedstatedir='${prefix}/com'
sysconfdir='${prefix}/etc'
target='mipsel-unknown-linux-gnu'
target_alias=''
target_cpu='mipsel'
target_os='linux-gnu'
target_vendor='unknown'

## ----------- ##
## confdefs.h. ##
## ----------- ##

/* confdefs.h */
#define PACKAGE_NAME "libvorbis"
#define PACKAGE_TARNAME "libvorbis"
#define PACKAGE_VERSION "1.2.3"
#define PACKAGE_STRING "libvorbis 1.2.3"
#define PACKAGE_BUGREPORT "vorbis-dev@xiph.org"
#define PACKAGE_URL ""
#define PACKAGE "libvorbis"
#define VERSION "1.2.3"
#define STDC_HEADERS 1
#define HAVE_SYS_TYPES_H 1
#define HAVE_SYS_STAT_H 1
#define HAVE_STDLIB_H 1
#define HAVE_STRING_H 1
#define HAVE_MEMORY_H 1
#define HAVE_STRINGS_H 1
#define HAVE_INTTYPES_H 1
#define HAVE_STDINT_H 1
#define HAVE_UNISTD_H 1
#define HAVE_DLFCN_H 1
#define HAVE_ALLOCA_H 1
#define HAVE_ALLOCA 1

configure: exit 0
