This file contains any messages produced by compilers while
running configure, to aid debugging if configure makes a mistake.

It was created by libnfnetlink configure 1.0.1, which was
generated by GNU Autoconf 2.69.  Invocation command line was

  $ ./configure --host=mipsel-linux --build=x86_64-redhat-linux --prefix=/usr --enable-shared --enable-static build_alias=x86_64-redhat-linux host_alias=mipsel-linux CC=mipsel-uclibc-gcc CFLAGS=-Os -Wall -DLINUX26 -DCONFIG_BCMWL5 -pipe -DBCMWPA2 -funit-at-a-time -Wno-pointer-sign -mtune=mips32 -mips32   -ffunction-sections -fdata-sections LDFLAGS=-ffunction-sections -fdata-sections -Wl,--gc-sections --no-create --no-recursion

## --------- ##
## Platform. ##
## --------- ##

hostname = gns3lab.slash31.net
uname -m = x86_64
uname -r = 2.6.32-358.18.1.el6.x86_64
uname -s = Linux
uname -v = #1 SMP Wed Aug 28 17:19:38 UTC 2013

/usr/bin/uname -p = unknown
/bin/uname -X     = unknown

/bin/arch              = x86_64
/usr/bin/arch -k       = unknown
/usr/convex/getsysinfo = unknown
/usr/bin/hostinfo      = unknown
/bin/machine           = unknown
/usr/bin/oslevel       = unknown
/bin/universe          = unknown

PATH: /home/aaronfinney/tomato/release/tools
PATH: /home/aaronfinney/tomato/release/tools
PATH: /home/aaronfinney/tomato/release/tools
PATH: /home/aaronfinney/tomato/release/tools
PATH: /usr/lib64/qt-3.3/bin
PATH: /usr/local/bin
PATH: /bin
PATH: /usr/bin
PATH: /usr/local/sbin
PATH: /usr/sbin
PATH: /sbin
PATH: /home/aaronfinney/bin
PATH: /opt/brcm/hndtools-mipsel-linux/bin
PATH: /opt/brcm/h


## ----------- ##
## Core tests. ##
## ----------- ##

configure:2139: checking build system type
configure:2153: result: x86_64-redhat-linux-gnu
configure:2173: checking host system type
configure:2186: result: mipsel-unknown-linux-gnu
configure:2223: checking for a BSD-compatible install
configure:2291: result: /usr/bin/install -c
configure:2302: checking whether build environment is sane
configure:2352: result: yes
configure:2401: checking for mipsel-linux-strip
configure:2428: result: mipsel-uclibc-strip
configure:2493: checking for a thread-safe mkdir -p
configure:2532: result: /bin/mkdir -p
configure:2545: checking for gawk
configure:2561: found /bin/gawk
configure:2572: result: gawk
configure:2583: checking whether make sets $(MAKE)
configure:2605: result: yes
configure:2680: checking how to create a pax tar archive
configure:2693: tar --version
tar (GNU tar) 1.23
Copyright (C) 2010 Free Software Foundation, Inc.
License GPLv3+: GNU GPL version 3 or later <http://gnu.org/licenses/gpl.html>.
This is free software: you are free to change and redistribute it.
There is NO WARRANTY, to the extent permitted by law.

Written by John Gilmore and Jay Fenlason.
configure:2696: $? = 0
configure:2736: tardir=conftest.dir && eval tar --format=posix -chf - "$tardir" >conftest.tar
configure:2739: $? = 0
configure:2743: tar -xf - <conftest.tar
configure:2746: $? = 0
configure:2759: result: gnutar
configure:2788: checking for mipsel-linux-gcc
configure:2815: result: mipsel-uclibc-gcc
configure:3084: checking for C compiler version
configure:3093: mipsel-uclibc-gcc --version >&5
mipsel-uclibc-gcc (GCC) 4.2.4
Copyright (C) 2007 Free Software Foundation, Inc.
This is free software; see the source for copying conditions.  There is NO
warranty; not even for MERCHANTABILITY or FITNESS FOR A PARTICULAR PURPOSE.

configure:3104: $? = 0
configure:3093: mipsel-uclibc-gcc -v >&5
Using built-in specs.
Target: mipsel-linux-uclibc
Configured with: /home/fedork/tomato/toolchain/build_dir/toolchain-mipsel_gcc4.2.4/gcc-4.2.4/configure --prefix=/opt/brcm/hndtools-mipsel-uclibc-4.2.4 --build=i486-linux-gnu --host=i486-linux-gnu --target=mipsel-linux-uclibc --with-gnu-ld --enable-target-optspace --disable-libgomp --disable-libmudflap --disable-multilib --disable-nls --disable-__cxa_atexit --enable-libssp --enable-languages=c,c++ --enable-shared --enable-threads --disable-tls
Thread model: posix
gcc version 4.2.4
configure:3104: $? = 0
configure:3093: mipsel-uclibc-gcc -V >&5
mipsel-uclibc-gcc: '-V' option must have argument
configure:3104: $? = 1
configure:3093: mipsel-uclibc-gcc -qversion >&5
mipsel-uclibc-gcc: unrecognized option '-qversion'
mipsel-uclibc-gcc: no input files
configure:3104: $? = 1
configure:3124: checking whether the C compiler works
configure:3146: mipsel-uclibc-gcc -Os -Wall -DLINUX26 -DCONFIG_BCMWL5 -pipe -DBCMWPA2 -funit-at-a-time -Wno-pointer-sign -mtune=mips32 -mips32   -ffunction-sections -fdata-sections  -ffunction-sections -fdata-sections -Wl,--gc-sections conftest.c  >&5
configure:3150: $? = 0
configure:3198: result: yes
configure:3201: checking for C compiler default output file name
configure:3203: result: a.out
configure:3209: checking for suffix of executables
configure:3216: mipsel-uclibc-gcc -o conftest -Os -Wall -DLINUX26 -DCONFIG_BCMWL5 -pipe -DBCMWPA2 -funit-at-a-time -Wno-pointer-sign -mtune=mips32 -mips32   -ffunction-sections -fdata-sections  -ffunction-sections -fdata-sections -Wl,--gc-sections conftest.c  >&5
configure:3220: $? = 0
configure:3242: result: 
configure:3264: checking whether we are cross compiling
configure:3302: result: yes
configure:3307: checking for suffix of object files
configure:3329: mipsel-uclibc-gcc -c -Os -Wall -DLINUX26 -DCONFIG_BCMWL5 -pipe -DBCMWPA2 -funit-at-a-time -Wno-pointer-sign -mtune=mips32 -mips32   -ffunction-sections -fdata-sections  conftest.c >&5
configure:3333: $? = 0
configure:3354: result: o
configure:3358: checking whether we are using the GNU C compiler
configure:3377: mipsel-uclibc-gcc -c -Os -Wall -DLINUX26 -DCONFIG_BCMWL5 -pipe -DBCMWPA2 -funit-at-a-time -Wno-pointer-sign -mtune=mips32 -mips32   -ffunction-sections -fdata-sections  conftest.c >&5
configure:3377: $? = 0
configure:3386: result: yes
configure:3395: checking whether mipsel-uclibc-gcc accepts -g
configure:3415: mipsel-uclibc-gcc -c -g  conftest.c >&5
configure:3415: $? = 0
configure:3456: result: yes
configure:3473: checking for mipsel-uclibc-gcc option to accept ISO C89
configure:3536: mipsel-uclibc-gcc  -c -Os -Wall -DLINUX26 -DCONFIG_BCMWL5 -pipe -DBCMWPA2 -funit-at-a-time -Wno-pointer-sign -mtune=mips32 -mips32   -ffunction-sections -fdata-sections  conftest.c >&5
configure:3536: $? = 0
configure:3549: result: none needed
configure:3580: checking for style of include used by make
configure:3608: result: GNU
configure:3633: checking dependency style of mipsel-uclibc-gcc
configure:3743: result: gcc3
configure:3759: checking whether mipsel-uclibc-gcc and cc understand -c and -o together
configure:3790: mipsel-uclibc-gcc -c conftest.c -o conftest2.o >&5
configure:3794: $? = 0
configure:3800: mipsel-uclibc-gcc -c conftest.c -o conftest2.o >&5
configure:3804: $? = 0
configure:3815: cc -c conftest.c >&5
configure:3819: $? = 0
configure:3827: cc -c conftest.c -o conftest2.o >&5
configure:3831: $? = 0
configure:3837: cc -c conftest.c -o conftest2.o >&5
configure:3841: $? = 0
configure:3859: result: yes
configure:3961: checking how to print strings
configure:3988: result: printf
configure:4009: checking for a sed that does not truncate output
configure:4073: result: /bin/sed
configure:4091: checking for grep that handles long lines and -e
configure:4149: result: /bin/grep
configure:4154: checking for egrep
configure:4216: result: /bin/grep -E
configure:4221: checking for fgrep
configure:4283: result: /bin/grep -F
configure:4318: checking for ld used by mipsel-uclibc-gcc
configure:4385: result: mipsel-uclibc-ld
configure:4392: checking if the linker (mipsel-uclibc-ld) is GNU ld
configure:4407: result: yes
configure:4419: checking for BSD- or MS-compatible name lister (nm)
configure:4468: result: mipsel-uclibc-nm
configure:4598: checking the name lister (mipsel-uclibc-nm) interface
configure:4605: mipsel-uclibc-gcc -c -Os -Wall -DLINUX26 -DCONFIG_BCMWL5 -pipe -DBCMWPA2 -funit-at-a-time -Wno-pointer-sign -mtune=mips32 -mips32   -ffunction-sections -fdata-sections  conftest.c >&5
configure:4608: mipsel-uclibc-nm "conftest.o"
configure:4611: output
00000000 B some_variable
configure:4618: result: BSD nm
configure:4621: checking whether ln -s works
configure:4625: result: yes
configure:4633: checking the maximum length of command line arguments
configure:4763: result: 1966080
configure:4780: checking whether the shell understands some XSI constructs
configure:4790: result: yes
configure:4794: checking whether the shell understands "+="
configure:4800: result: yes
configure:4835: checking how to convert x86_64-redhat-linux-gnu file names to mipsel-unknown-linux-gnu format
configure:4875: result: func_convert_file_noop
configure:4882: checking how to convert x86_64-redhat-linux-gnu file names to toolchain format
configure:4902: result: func_convert_file_noop
configure:4909: checking for mipsel-uclibc-ld option to reload object files
configure:4916: result: -r
configure:4950: checking for mipsel-linux-objdump
configure:4966: found /opt/brcm/hndtools-mipsel-linux/bin/mipsel-linux-objdump
configure:4977: result: mipsel-linux-objdump
configure:5049: checking how to recognize dependent libraries
configure:5247: result: pass_all
configure:5292: checking for mipsel-linux-dlltool
configure:5322: result: no
configure:5332: checking for dlltool
configure:5362: result: no
configure:5392: checking how to associate runtime and link libraries
configure:5419: result: printf %s\n
configure:5436: checking for mipsel-linux-ar
configure:5463: result: mipsel-uclibc-ar
configure:5544: checking for archiver @FILE support
configure:5561: mipsel-uclibc-gcc -c -Os -Wall -DLINUX26 -DCONFIG_BCMWL5 -pipe -DBCMWPA2 -funit-at-a-time -Wno-pointer-sign -mtune=mips32 -mips32   -ffunction-sections -fdata-sections  conftest.c >&5
configure:5561: $? = 0
configure:5564: mipsel-uclibc-ar cru libconftest.a @conftest.lst >&5
configure:5567: $? = 0
configure:5572: mipsel-uclibc-ar cru libconftest.a @conftest.lst >&5
mipsel-uclibc-ar: conftest.o: No such file or directory
configure:5575: $? = 1
configure:5587: result: @
configure:5605: checking for mipsel-linux-strip
configure:5632: result: mipsel-uclibc-strip
configure:5704: checking for mipsel-linux-ranlib
configure:5731: result: mipsel-uclibc-ranlib
configure:5873: checking command to parse mipsel-uclibc-nm output from mipsel-uclibc-gcc object
configure:5993: mipsel-uclibc-gcc -c -Os -Wall -DLINUX26 -DCONFIG_BCMWL5 -pipe -DBCMWPA2 -funit-at-a-time -Wno-pointer-sign -mtune=mips32 -mips32   -ffunction-sections -fdata-sections  conftest.c >&5
configure:5996: $? = 0
configure:6000: mipsel-uclibc-nm conftest.o \| sed -n -e 's/^.*[ ]\([ABCDGIRSTW][ABCDGIRSTW]*\)[ ][ ]*\([_A-Za-z][_A-Za-z0-9]*\)$/\1 \2 \2/p' | sed '/ __gnu_lto/d' \> conftest.nm
configure:6003: $? = 0
configure:6069: mipsel-uclibc-gcc -o conftest -Os -Wall -DLINUX26 -DCONFIG_BCMWL5 -pipe -DBCMWPA2 -funit-at-a-time -Wno-pointer-sign -mtune=mips32 -mips32   -ffunction-sections -fdata-sections  -ffunction-sections -fdata-sections -Wl,--gc-sections conftest.c conftstm.o >&5
configure:6072: $? = 0
configure:6110: result: ok
configure:6147: checking for sysroot
configure:6177: result: no
configure:6393: checking for mipsel-linux-mt
configure:6423: result: no
configure:6433: checking for mt
configure:6463: result: no
configure:6483: checking if : is a manifest tool
configure:6489: : '-?'
configure:6497: result: no
configure:7139: checking how to run the C preprocessor
configure:7170: mipsel-uclibc-gcc -E  conftest.c
configure:7170: $? = 0
configure:7184: mipsel-uclibc-gcc -E  conftest.c
conftest.c:11:28: error: ac_nonexistent.h: No such file or directory
configure:7184: $? = 1
configure: failed program was:
| /* confdefs.h */
| #define PACKAGE_NAME "libnfnetlink"
| #define PACKAGE_TARNAME "libnfnetlink"
| #define PACKAGE_VERSION "1.0.1"
| #define PACKAGE_STRING "libnfnetlink 1.0.1"
| #define PACKAGE_BUGREPORT ""
| #define PACKAGE_URL ""
| #define PACKAGE "libnfnetlink"
| #define VERSION "1.0.1"
| /* end confdefs.h.  */
| #include <ac_nonexistent.h>
configure:7209: result: mipsel-uclibc-gcc -E
configure:7229: mipsel-uclibc-gcc -E  conftest.c
configure:7229: $? = 0
configure:7243: mipsel-uclibc-gcc -E  conftest.c
conftest.c:11:28: error: ac_nonexistent.h: No such file or directory
configure:7243: $? = 1
configure: failed program was:
| /* confdefs.h */
| #define PACKAGE_NAME "libnfnetlink"
| #define PACKAGE_TARNAME "libnfnetlink"
| #define PACKAGE_VERSION "1.0.1"
| #define PACKAGE_STRING "libnfnetlink 1.0.1"
| #define PACKAGE_BUGREPORT ""
| #define PACKAGE_URL ""
| #define PACKAGE "libnfnetlink"
| #define VERSION "1.0.1"
| /* end confdefs.h.  */
| #include <ac_nonexistent.h>
configure:7272: checking for ANSI C header files
configure:7292: mipsel-uclibc-gcc -c -Os -Wall -DLINUX26 -DCONFIG_BCMWL5 -pipe -DBCMWPA2 -funit-at-a-time -Wno-pointer-sign -mtune=mips32 -mips32   -ffunction-sections -fdata-sections  conftest.c >&5
configure:7292: $? = 0
configure:7376: result: yes
configure:7389: checking for sys/types.h
configure:7389: mipsel-uclibc-gcc -c -Os -Wall -DLINUX26 -DCONFIG_BCMWL5 -pipe -DBCMWPA2 -funit-at-a-time -Wno-pointer-sign -mtune=mips32 -mips32   -ffunction-sections -fdata-sections  conftest.c >&5
configure:7389: $? = 0
configure:7389: result: yes
configure:7389: checking for sys/stat.h
configure:7389: mipsel-uclibc-gcc -c -Os -Wall -DLINUX26 -DCONFIG_BCMWL5 -pipe -DBCMWPA2 -funit-at-a-time -Wno-pointer-sign -mtune=mips32 -mips32   -ffunction-sections -fdata-sections  conftest.c >&5
configure:7389: $? = 0
configure:7389: result: yes
configure:7389: checking for stdlib.h
configure:7389: mipsel-uclibc-gcc -c -Os -Wall -DLINUX26 -DCONFIG_BCMWL5 -pipe -DBCMWPA2 -funit-at-a-time -Wno-pointer-sign -mtune=mips32 -mips32   -ffunction-sections -fdata-sections  conftest.c >&5
configure:7389: $? = 0
configure:7389: result: yes
configure:7389: checking for string.h
configure:7389: mipsel-uclibc-gcc -c -Os -Wall -DLINUX26 -DCONFIG_BCMWL5 -pipe -DBCMWPA2 -funit-at-a-time -Wno-pointer-sign -mtune=mips32 -mips32   -ffunction-sections -fdata-sections  conftest.c >&5
configure:7389: $? = 0
configure:7389: result: yes
configure:7389: checking for memory.h
configure:7389: mipsel-uclibc-gcc -c -Os -Wall -DLINUX26 -DCONFIG_BCMWL5 -pipe -DBCMWPA2 -funit-at-a-time -Wno-pointer-sign -mtune=mips32 -mips32   -ffunction-sections -fdata-sections  conftest.c >&5
configure:7389: $? = 0
configure:7389: result: yes
configure:7389: checking for strings.h
configure:7389: mipsel-uclibc-gcc -c -Os -Wall -DLINUX26 -DCONFIG_BCMWL5 -pipe -DBCMWPA2 -funit-at-a-time -Wno-pointer-sign -mtune=mips32 -mips32   -ffunction-sections -fdata-sections  conftest.c >&5
configure:7389: $? = 0
configure:7389: result: yes
configure:7389: checking for inttypes.h
configure:7389: mipsel-uclibc-gcc -c -Os -Wall -DLINUX26 -DCONFIG_BCMWL5 -pipe -DBCMWPA2 -funit-at-a-time -Wno-pointer-sign -mtune=mips32 -mips32   -ffunction-sections -fdata-sections  conftest.c >&5
configure:7389: $? = 0
configure:7389: result: yes
configure:7389: checking for stdint.h
configure:7389: mipsel-uclibc-gcc -c -Os -Wall -DLINUX26 -DCONFIG_BCMWL5 -pipe -DBCMWPA2 -funit-at-a-time -Wno-pointer-sign -mtune=mips32 -mips32   -ffunction-sections -fdata-sections  conftest.c >&5
configure:7389: $? = 0
configure:7389: result: yes
configure:7389: checking for unistd.h
configure:7389: mipsel-uclibc-gcc -c -Os -Wall -DLINUX26 -DCONFIG_BCMWL5 -pipe -DBCMWPA2 -funit-at-a-time -Wno-pointer-sign -mtune=mips32 -mips32   -ffunction-sections -fdata-sections  conftest.c >&5
configure:7389: $? = 0
configure:7389: result: yes
configure:7403: checking for dlfcn.h
configure:7403: mipsel-uclibc-gcc -c -Os -Wall -DLINUX26 -DCONFIG_BCMWL5 -pipe -DBCMWPA2 -funit-at-a-time -Wno-pointer-sign -mtune=mips32 -mips32   -ffunction-sections -fdata-sections  conftest.c >&5
configure:7403: $? = 0
configure:7403: result: yes
configure:7579: checking for objdir
configure:7594: result: .libs
configure:7865: checking if mipsel-uclibc-gcc supports -fno-rtti -fno-exceptions
configure:7883: mipsel-uclibc-gcc -c -Os -Wall -DLINUX26 -DCONFIG_BCMWL5 -pipe -DBCMWPA2 -funit-at-a-time -Wno-pointer-sign -mtune=mips32 -mips32   -ffunction-sections -fdata-sections  -fno-rtti -fno-exceptions conftest.c >&5
cc1: warning: command line option "-fno-rtti" is valid for C++/ObjC++ but not for C
configure:7887: $? = 0
configure:7900: result: no
configure:8227: checking for mipsel-uclibc-gcc option to produce PIC
configure:8234: result: -fPIC -DPIC
configure:8242: checking if mipsel-uclibc-gcc PIC flag -fPIC -DPIC works
configure:8260: mipsel-uclibc-gcc -c -Os -Wall -DLINUX26 -DCONFIG_BCMWL5 -pipe -DBCMWPA2 -funit-at-a-time -Wno-pointer-sign -mtune=mips32 -mips32   -ffunction-sections -fdata-sections  -fPIC -DPIC -DPIC conftest.c >&5
configure:8264: $? = 0
configure:8277: result: yes
configure:8306: checking if mipsel-uclibc-gcc static flag -static works
configure:8334: result: yes
configure:8349: checking if mipsel-uclibc-gcc supports -c -o file.o
configure:8370: mipsel-uclibc-gcc -c -Os -Wall -DLINUX26 -DCONFIG_BCMWL5 -pipe -DBCMWPA2 -funit-at-a-time -Wno-pointer-sign -mtune=mips32 -mips32   -ffunction-sections -fdata-sections  -o out/conftest2.o conftest.c >&5
configure:8374: $? = 0
configure:8396: result: yes
configure:8404: checking if mipsel-uclibc-gcc supports -c -o file.o
configure:8451: result: yes
configure:8484: checking whether the mipsel-uclibc-gcc linker (mipsel-uclibc-ld) supports shared libraries
configure:9641: result: yes
configure:9678: checking whether -lc should be explicitly linked in
configure:9686: mipsel-uclibc-gcc -c -Os -Wall -DLINUX26 -DCONFIG_BCMWL5 -pipe -DBCMWPA2 -funit-at-a-time -Wno-pointer-sign -mtune=mips32 -mips32   -ffunction-sections -fdata-sections  conftest.c >&5
configure:9689: $? = 0
configure:9704: mipsel-uclibc-gcc -shared  -fPIC -DPIC conftest.o  -v -Wl,-soname -Wl,conftest -o conftest 2\>\&1 \| /bin/grep  -lc  \>/dev/null 2\>\&1
configure:9707: $? = 0
configure:9721: result: no
configure:9881: checking dynamic linker characteristics
configure:10381: mipsel-uclibc-gcc -o conftest -Os -Wall -DLINUX26 -DCONFIG_BCMWL5 -pipe -DBCMWPA2 -funit-at-a-time -Wno-pointer-sign -mtune=mips32 -mips32   -ffunction-sections -fdata-sections  -ffunction-sections -fdata-sections -Wl,--gc-sections -Wl,-rpath -Wl,/foo conftest.c  >&5
configure:10381: $? = 0
configure:10615: result: GNU/Linux ld.so
configure:10722: checking how to hardcode library paths into programs
configure:10747: result: immediate
configure:11287: checking whether stripping libraries is possible
configure:11292: result: yes
configure:11327: checking if libtool supports shared libraries
configure:11329: result: yes
configure:11332: checking whether to build shared libraries
configure:11353: result: yes
configure:11356: checking whether to build static libraries
configure:11360: result: yes
configure:11574: creating ./config.status

## ---------------- ##
## Cache variables. ##
## ---------------- ##

ac_cv_build=x86_64-redhat-linux-gnu
ac_cv_c_compiler_gnu=yes
ac_cv_env_CC_set=set
ac_cv_env_CC_value=mipsel-uclibc-gcc
ac_cv_env_CFLAGS_set=set
ac_cv_env_CFLAGS_value='-Os -Wall -DLINUX26 -DCONFIG_BCMWL5 -pipe -DBCMWPA2 -funit-at-a-time -Wno-pointer-sign -mtune=mips32 -mips32   -ffunction-sections -fdata-sections'
ac_cv_env_CPPFLAGS_set=
ac_cv_env_CPPFLAGS_value=
ac_cv_env_CPP_set=
ac_cv_env_CPP_value=
ac_cv_env_LDFLAGS_set=set
ac_cv_env_LDFLAGS_value='-ffunction-sections -fdata-sections -Wl,--gc-sections'
ac_cv_env_LIBS_set=
ac_cv_env_LIBS_value=
ac_cv_env_build_alias_set=set
ac_cv_env_build_alias_value=x86_64-redhat-linux
ac_cv_env_host_alias_set=set
ac_cv_env_host_alias_value=mipsel-linux
ac_cv_env_target_alias_set=
ac_cv_env_target_alias_value=
ac_cv_func_malloc_0_nonnull=yes
ac_cv_header_dlfcn_h=yes
ac_cv_header_inttypes_h=yes
ac_cv_header_memory_h=yes
ac_cv_header_stdc=yes
ac_cv_header_stdint_h=yes
ac_cv_header_stdlib_h=yes
ac_cv_header_string_h=yes
ac_cv_header_strings_h=yes
ac_cv_header_sys_stat_h=yes
ac_cv_header_sys_types_h=yes
ac_cv_header_unistd_h=yes
ac_cv_host=mipsel-unknown-linux-gnu
ac_cv_objext=o
ac_cv_path_EGREP='/bin/grep -E'
ac_cv_path_FGREP='/bin/grep -F'
ac_cv_path_GREP=/bin/grep
ac_cv_path_SED=/bin/sed
ac_cv_path_install='/usr/bin/install -c'
ac_cv_path_mkdir=/bin/mkdir
ac_cv_prog_AR=mipsel-uclibc-ar
ac_cv_prog_AWK=gawk
ac_cv_prog_CC=mipsel-uclibc-gcc
ac_cv_prog_CPP='mipsel-uclibc-gcc -E'
ac_cv_prog_OBJDUMP=mipsel-linux-objdump
ac_cv_prog_RANLIB=mipsel-uclibc-ranlib
ac_cv_prog_STRIP=mipsel-uclibc-strip
ac_cv_prog_cc_c89=
ac_cv_prog_cc_g=yes
ac_cv_prog_cc_mipsel_uclibc_gcc_c_o=yes
ac_cv_prog_make_make_set=yes
am_cv_CC_dependencies_compiler_type=gcc3
am_cv_prog_tar_pax=gnutar
lt_cv_ar_at_file=@
lt_cv_archive_cmds_need_lc=no
lt_cv_deplibs_check_method=pass_all
lt_cv_file_magic_cmd='$MAGIC_CMD'
lt_cv_file_magic_test_file=
lt_cv_ld_reload_flag=-r
lt_cv_nm_interface='BSD nm'
lt_cv_objdir=.libs
lt_cv_path_LD=mipsel-uclibc-ld
lt_cv_path_NM=mipsel-uclibc-nm
lt_cv_path_mainfest_tool=no
lt_cv_prog_compiler_c_o=yes
lt_cv_prog_compiler_pic='-fPIC -DPIC'
lt_cv_prog_compiler_pic_works=yes
lt_cv_prog_compiler_rtti_exceptions=no
lt_cv_prog_compiler_static_works=yes
lt_cv_prog_gnu_ld=yes
lt_cv_sharedlib_from_linklib_cmd='printf %s\n'
lt_cv_shlibpath_overrides_runpath=no
lt_cv_sys_global_symbol_pipe='sed -n -e '\''s/^.*[	 ]\([ABCDGIRSTW][ABCDGIRSTW]*\)[	 ][	 ]*\([_A-Za-z][_A-Za-z0-9]*\)$/\1 \2 \2/p'\'' | sed '\''/ __gnu_lto/d'\'''
lt_cv_sys_global_symbol_to_c_name_address='sed -n -e '\''s/^: \([^ ]*\)[ ]*$/  {\"\1\", (void *) 0},/p'\'' -e '\''s/^[ABCDGIRSTW]* \([^ ]*\) \([^ ]*\)$/  {"\2", (void *) \&\2},/p'\'''
lt_cv_sys_global_symbol_to_c_name_address_lib_prefix='sed -n -e '\''s/^: \([^ ]*\)[ ]*$/  {\"\1\", (void *) 0},/p'\'' -e '\''s/^[ABCDGIRSTW]* \([^ ]*\) \(lib[^ ]*\)$/  {"\2", (void *) \&\2},/p'\'' -e '\''s/^[ABCDGIRSTW]* \([^ ]*\) \([^ ]*\)$/  {"lib\2", (void *) \&\2},/p'\'''
lt_cv_sys_global_symbol_to_cdecl='sed -n -e '\''s/^T .* \(.*\)$/extern int \1();/p'\'' -e '\''s/^[ABCDGIRSTW]* .* \(.*\)$/extern char \1;/p'\'''
lt_cv_sys_max_cmd_len=1966080
lt_cv_to_host_file_cmd=func_convert_file_noop
lt_cv_to_tool_file_cmd=func_convert_file_noop

## ----------------- ##
## Output variables. ##
## ----------------- ##

ACLOCAL='${SHELL} /home/aaronfinney/tomato/release/src/router/libnfnetlink/build-aux/missing --run aclocal-1.11'
AMDEPBACKSLASH='\'
AMDEP_FALSE='#'
AMDEP_TRUE=''
AMTAR='${SHELL} /home/aaronfinney/tomato/release/src/router/libnfnetlink/build-aux/missing --run tar'
AM_BACKSLASH='\'
AM_DEFAULT_VERBOSITY='0'
AR='mipsel-uclibc-ar'
AUTOCONF='${SHELL} /home/aaronfinney/tomato/release/src/router/libnfnetlink/build-aux/missing --run autoconf'
AUTOHEADER='${SHELL} /home/aaronfinney/tomato/release/src/router/libnfnetlink/build-aux/missing --run autoheader'
AUTOMAKE='${SHELL} /home/aaronfinney/tomato/release/src/router/libnfnetlink/build-aux/missing --run automake-1.11'
AWK='gawk'
CC='mipsel-uclibc-gcc'
CCDEPMODE='depmode=gcc3'
CFLAGS='-Os -Wall -DLINUX26 -DCONFIG_BCMWL5 -pipe -DBCMWPA2 -funit-at-a-time -Wno-pointer-sign -mtune=mips32 -mips32   -ffunction-sections -fdata-sections'
CPP='mipsel-uclibc-gcc -E'
CPPFLAGS=''
CYGPATH_W='echo'
DEFS='-DPACKAGE_NAME=\"libnfnetlink\" -DPACKAGE_TARNAME=\"libnfnetlink\" -DPACKAGE_VERSION=\"1.0.1\" -DPACKAGE_STRING=\"libnfnetlink\ 1.0.1\" -DPACKAGE_BUGREPORT=\"\" -DPACKAGE_URL=\"\" -DPACKAGE=\"libnfnetlink\" -DVERSION=\"1.0.1\" -DSTDC_HEADERS=1 -DHAVE_SYS_TYPES_H=1 -DHAVE_SYS_STAT_H=1 -DHAVE_STDLIB_H=1 -DHAVE_STRING_H=1 -DHAVE_MEMORY_H=1 -DHAVE_STRINGS_H=1 -DHAVE_INTTYPES_H=1 -DHAVE_STDINT_H=1 -DHAVE_UNISTD_H=1 -DHAVE_DLFCN_H=1 -DLT_OBJDIR=\".libs/\"'
DEPDIR='.deps'
DLLTOOL='false'
DSYMUTIL=''
DUMPBIN=''
ECHO_C=''
ECHO_N='-n'
ECHO_T=''
EGREP='/bin/grep -E'
EXEEXT=''
FGREP='/bin/grep -F'
GREP='/bin/grep'
INSTALL_DATA='${INSTALL} -m 644'
INSTALL_PROGRAM='${INSTALL}'
INSTALL_SCRIPT='${INSTALL}'
INSTALL_STRIP_PROGRAM='$(install_sh) -c -s'
LD='mipsel-uclibc-ld'
LDFLAGS='-ffunction-sections -fdata-sections -Wl,--gc-sections'
LIBOBJS=''
LIBS=''
LIBTOOL='$(SHELL) $(top_builddir)/libtool'
LIPO=''
LN_S='ln -s'
LTLIBOBJS=''
MAKEINFO='${SHELL} /home/aaronfinney/tomato/release/src/router/libnfnetlink/build-aux/missing --run makeinfo'
MANIFEST_TOOL=':'
MKDIR_P='/bin/mkdir -p'
NM='mipsel-uclibc-nm'
NMEDIT=''
OBJDUMP='mipsel-linux-objdump'
OBJEXT='o'
OTOOL64=''
OTOOL=''
PACKAGE='libnfnetlink'
PACKAGE_BUGREPORT=''
PACKAGE_NAME='libnfnetlink'
PACKAGE_STRING='libnfnetlink 1.0.1'
PACKAGE_TARNAME='libnfnetlink'
PACKAGE_URL=''
PACKAGE_VERSION='1.0.1'
PATH_SEPARATOR=':'
RANLIB='mipsel-uclibc-ranlib'
SED='/bin/sed'
SET_MAKE=''
SHELL='/bin/sh'
STRIP='mipsel-uclibc-strip'
VERSION='1.0.1'
ac_ct_AR=''
ac_ct_CC=''
ac_ct_DUMPBIN=''
am__EXEEXT_FALSE=''
am__EXEEXT_TRUE='#'
am__fastdepCC_FALSE='#'
am__fastdepCC_TRUE=''
am__include='include'
am__isrc=''
am__leading_dot='.'
am__quote=''
am__tar='tar --format=posix -chf - "$$tardir"'
am__untar='tar -xf -'
bindir='${exec_prefix}/bin'
build='x86_64-redhat-linux-gnu'
build_alias='x86_64-redhat-linux'
build_cpu='x86_64'
build_os='linux-gnu'
build_vendor='redhat'
datadir='${datarootdir}'
datarootdir='${prefix}/share'
docdir='${datarootdir}/doc/${PACKAGE_TARNAME}'
dvidir='${docdir}'
exec_prefix='${prefix}'
host='mipsel-unknown-linux-gnu'
host_alias='mipsel-linux'
host_cpu='mipsel'
host_os='linux-gnu'
host_vendor='unknown'
htmldir='${docdir}'
includedir='${prefix}/include'
infodir='${datarootdir}/info'
install_sh='${SHELL} /home/aaronfinney/tomato/release/src/router/libnfnetlink/build-aux/install-sh'
libdir='${exec_prefix}/lib'
libexecdir='${exec_prefix}/libexec'
localedir='${datarootdir}/locale'
localstatedir='${prefix}/var'
mandir='${datarootdir}/man'
mkdir_p='/bin/mkdir -p'
oldincludedir='/usr/include'
pdfdir='${docdir}'
prefix='/usr'
program_transform_name='s,x,x,'
psdir='${docdir}'
sbindir='${exec_prefix}/sbin'
sharedstatedir='${prefix}/com'
sysconfdir='${prefix}/etc'
target_alias=''

## ----------- ##
## confdefs.h. ##
## ----------- ##

/* confdefs.h */
#define PACKAGE_NAME "libnfnetlink"
#define PACKAGE_TARNAME "libnfnetlink"
#define PACKAGE_VERSION "1.0.1"
#define PACKAGE_STRING "libnfnetlink 1.0.1"
#define PACKAGE_BUGREPORT ""
#define PACKAGE_URL ""
#define PACKAGE "libnfnetlink"
#define VERSION "1.0.1"
#define STDC_HEADERS 1
#define HAVE_SYS_TYPES_H 1
#define HAVE_SYS_STAT_H 1
#define HAVE_STDLIB_H 1
#define HAVE_STRING_H 1
#define HAVE_MEMORY_H 1
#define HAVE_STRINGS_H 1
#define HAVE_INTTYPES_H 1
#define HAVE_STDINT_H 1
#define HAVE_UNISTD_H 1
#define HAVE_DLFCN_H 1
#define LT_OBJDIR ".libs/"

configure: exit 0

## ---------------------- ##
## Running config.status. ##
## ---------------------- ##

This file was extended by libnfnetlink config.status 1.0.1, which was
generated by GNU Autoconf 2.69.  Invocation command line was

  CONFIG_FILES    = 
  CONFIG_HEADERS  = 
  CONFIG_LINKS    = 
  CONFIG_COMMANDS = 
  $ ./config.status 

on gns3lab.slash31.net

config.status:1005: creating Makefile
config.status:1005: creating src/Makefile
config.status:1005: creating include/Makefile
config.status:1005: creating include/libnfnetlink/Makefile
config.status:1005: creating utils/Makefile
config.status:1005: creating libnfnetlink.pc
config.status:1177: executing depfiles commands
config.status:1177: executing libtool commands
