This file contains any messages produced by compilers while
running configure, to aid debugging if configure makes a mistake.

It was created by libnfsidmap configure 0.24, which was
generated by GNU Autoconf 2.69.  Invocation command line was

  $ ./configure --host=mipsel-linux --build=x86_64-redhat-linux --prefix=/usr --enable-shared --enable-static

## --------- ##
## Platform. ##
## --------- ##

hostname = gns3lab
uname -m = x86_64
uname -r = 2.6.32-431.el6.x86_64
uname -s = Linux
uname -v = #1 SMP Fri Nov 22 03:15:09 UTC 2013

/usr/bin/uname -p = unknown
/bin/uname -X     = unknown

/bin/arch              = x86_64
/usr/bin/arch -k       = unknown
/usr/convex/getsysinfo = unknown
/usr/bin/hostinfo      = unknown
/bin/machine           = unknown
/usr/bin/oslevel       = unknown
/bin/universe          = unknown

PATH: /home/aaronfinney/Documents/TomatoE/release/tools
PATH: /home/aaronfinney/Documents/TomatoE/release/tools
PATH: /home/aaronfinney/Documents/TomatoE/release/tools
PATH: /home/aaronfinney/Documents/TomatoE/release/tools
PATH: /usr/lib64/qt-3.3/bin
PATH: /usr/local/bin
PATH: /bin
PATH: /usr/bin
PATH: /usr/local/sbin
PATH: /usr/sbin
PATH: /sbin
PATH: /home/aaronfinney/bin
PATH: /home/aaronfinney/bin
PATH: /opt/brcm/hndtools-mipsel-linux/bin
PATH: /opt/brcm/hndtools-mipsel-uclibc/bin


## ----------- ##
## Core tests. ##
## ----------- ##

configure:2299: checking for a BSD-compatible install
configure:2367: result: /usr/bin/install -c
configure:2378: checking whether build environment is sane
configure:2428: result: yes
configure:2477: checking for mipsel-linux-strip
configure:2504: result: mipsel-uclibc-strip -R .note -R .comment
configure:2569: checking for a thread-safe mkdir -p
configure:2608: result: /bin/mkdir -p
configure:2621: checking for gawk
configure:2637: found /bin/gawk
configure:2648: result: gawk
configure:2659: checking whether make sets $(MAKE)
configure:2681: result: yes
configure:2790: checking build system type
configure:2804: result: x86_64-redhat-linux-gnu
configure:2824: checking host system type
configure:2837: result: mipsel-unknown-linux-gnu
configure:2878: checking how to print strings
configure:2905: result: printf
configure:2938: checking for style of include used by make
configure:2966: result: GNU
configure:2996: checking for mipsel-linux-gcc
configure:3023: result: mipsel-uclibc-gcc
configure:3292: checking for C compiler version
configure:3301: mipsel-uclibc-gcc --version >&5
mipsel-uclibc-gcc (GCC) 4.2.4
Copyright (C) 2007 Free Software Foundation, Inc.
This is free software; see the source for copying conditions.  There is NO
warranty; not even for MERCHANTABILITY or FITNESS FOR A PARTICULAR PURPOSE.

configure:3312: $? = 0
configure:3301: mipsel-uclibc-gcc -v >&5
Using built-in specs.
Target: mipsel-linux-uclibc
Configured with: /home/shibby/openwrt/tomato.toolchain/t/build_dir/toolchain-mipsel_gcc4.2.4/gcc-4.2.4/configure --prefix=/opt/brcm/hndtools-mipsel-uclibc-4.2.4 --build=x86_64-linux-gnu --host=x86_64-linux-gnu --target=mipsel-linux-uclibc --with-gnu-ld --enable-target-optspace --disable-libgomp --disable-libmudflap --disable-multilib --disable-nls --disable-__cxa_atexit --enable-libssp --enable-languages=c,c++ --enable-shared --enable-threads --enable-tls
Thread model: posix
gcc version 4.2.4
configure:3312: $? = 0
configure:3301: mipsel-uclibc-gcc -V >&5
mipsel-uclibc-gcc: '-V' option must have argument
configure:3312: $? = 1
configure:3301: mipsel-uclibc-gcc -qversion >&5
mipsel-uclibc-gcc: unrecognized option '-qversion'
mipsel-uclibc-gcc: no input files
configure:3312: $? = 1
configure:3332: checking whether the C compiler works
configure:3354: mipsel-uclibc-gcc -Os -Wall -DLINUX26 -DCONFIG_BCMWL5 -pipe -DBCMWPA2 -funit-at-a-time -Wno-pointer-sign -mtune=mips32 -mips32     conftest.c  >&5
configure:3358: $? = 0
configure:3406: result: yes
configure:3409: checking for C compiler default output file name
configure:3411: result: a.out
configure:3417: checking for suffix of executables
configure:3424: mipsel-uclibc-gcc -o conftest -Os -Wall -DLINUX26 -DCONFIG_BCMWL5 -pipe -DBCMWPA2 -funit-at-a-time -Wno-pointer-sign -mtune=mips32 -mips32     conftest.c  >&5
configure:3428: $? = 0
configure:3450: result: 
configure:3472: checking whether we are cross compiling
configure:3510: result: yes
configure:3515: checking for suffix of object files
configure:3537: mipsel-uclibc-gcc -c -Os -Wall -DLINUX26 -DCONFIG_BCMWL5 -pipe -DBCMWPA2 -funit-at-a-time -Wno-pointer-sign -mtune=mips32 -mips32    conftest.c >&5
configure:3541: $? = 0
configure:3562: result: o
configure:3566: checking whether we are using the GNU C compiler
configure:3585: mipsel-uclibc-gcc -c -Os -Wall -DLINUX26 -DCONFIG_BCMWL5 -pipe -DBCMWPA2 -funit-at-a-time -Wno-pointer-sign -mtune=mips32 -mips32    conftest.c >&5
configure:3585: $? = 0
configure:3594: result: yes
configure:3603: checking whether mipsel-uclibc-gcc accepts -g
configure:3623: mipsel-uclibc-gcc -c -g  conftest.c >&5
configure:3623: $? = 0
configure:3664: result: yes
configure:3681: checking for mipsel-uclibc-gcc option to accept ISO C89
configure:3744: mipsel-uclibc-gcc  -c -Os -Wall -DLINUX26 -DCONFIG_BCMWL5 -pipe -DBCMWPA2 -funit-at-a-time -Wno-pointer-sign -mtune=mips32 -mips32    conftest.c >&5
configure:3744: $? = 0
configure:3757: result: none needed
configure:3779: checking dependency style of mipsel-uclibc-gcc
configure:3889: result: gcc3
configure:3904: checking for a sed that does not truncate output
configure:3968: result: /bin/sed
configure:3986: checking for grep that handles long lines and -e
configure:4044: result: /bin/grep
configure:4049: checking for egrep
configure:4111: result: /bin/grep -E
configure:4116: checking for fgrep
configure:4178: result: /bin/grep -F
configure:4213: checking for ld used by mipsel-uclibc-gcc
configure:4280: result: mipsel-uclibc-ld
configure:4287: checking if the linker (mipsel-uclibc-ld) is GNU ld
configure:4302: result: yes
configure:4314: checking for BSD- or MS-compatible name lister (nm)
configure:4363: result: mipsel-uclibc-nm
configure:4493: checking the name lister (mipsel-uclibc-nm) interface
configure:4500: mipsel-uclibc-gcc -c -Os -Wall -DLINUX26 -DCONFIG_BCMWL5 -pipe -DBCMWPA2 -funit-at-a-time -Wno-pointer-sign -mtune=mips32 -mips32    conftest.c >&5
configure:4503: mipsel-uclibc-nm "conftest.o"
configure:4506: output
00000000 B some_variable
configure:4513: result: BSD nm
configure:4516: checking whether ln -s works
configure:4520: result: yes
configure:4528: checking the maximum length of command line arguments
configure:4653: result: 1966080
configure:4670: checking whether the shell understands some XSI constructs
configure:4680: result: yes
configure:4684: checking whether the shell understands "+="
configure:4690: result: yes
configure:4725: checking for mipsel-uclibc-ld option to reload object files
configure:4732: result: -r
configure:4761: checking for mipsel-linux-objdump
configure:4777: found /opt/brcm/hndtools-mipsel-linux/bin/mipsel-linux-objdump
configure:4788: result: mipsel-linux-objdump
configure:4860: checking how to recognize dependent libraries
configure:5062: result: pass_all
configure:5082: checking for mipsel-linux-ar
configure:5109: result: mipsel-uclibc-ar
configure:5187: checking for mipsel-linux-strip
configure:5214: result: mipsel-uclibc-strip -R .note -R .comment
configure:5286: checking for mipsel-linux-ranlib
configure:5313: result: mipsel-uclibc-ranlib
configure:5455: checking command to parse mipsel-uclibc-nm output from mipsel-uclibc-gcc object
configure:5573: mipsel-uclibc-gcc -c -Os -Wall -DLINUX26 -DCONFIG_BCMWL5 -pipe -DBCMWPA2 -funit-at-a-time -Wno-pointer-sign -mtune=mips32 -mips32    conftest.c >&5
configure:5576: $? = 0
configure:5580: mipsel-uclibc-nm conftest.o \| sed -n -e 's/^.*[ ]\([ABCDGIRSTW][ABCDGIRSTW]*\)[ ][ ]*\([_A-Za-z][_A-Za-z0-9]*\)$/\1 \2 \2/p' \> conftest.nm
configure:5583: $? = 0
configure:5637: mipsel-uclibc-gcc -o conftest -Os -Wall -DLINUX26 -DCONFIG_BCMWL5 -pipe -DBCMWPA2 -funit-at-a-time -Wno-pointer-sign -mtune=mips32 -mips32     conftest.c conftstm.o >&5
configure:5640: $? = 0
configure:5678: result: ok
configure:6519: checking how to run the C preprocessor
configure:6550: mipsel-uclibc-gcc -E  conftest.c
configure:6550: $? = 0
configure:6564: mipsel-uclibc-gcc -E  conftest.c
conftest.c:11:28: error: ac_nonexistent.h: No such file or directory
configure:6564: $? = 1
configure: failed program was:
| /* confdefs.h */
| #define PACKAGE_NAME "libnfsidmap"
| #define PACKAGE_TARNAME "libnfsidmap"
| #define PACKAGE_VERSION "0.24"
| #define PACKAGE_STRING "libnfsidmap 0.24"
| #define PACKAGE_BUGREPORT "linux-nfs@vger.kernel.org"
| #define PACKAGE_URL ""
| #define PACKAGE "libnfsidmap"
| #define VERSION "0.24"
| /* end confdefs.h.  */
| #include <ac_nonexistent.h>
configure:6589: result: mipsel-uclibc-gcc -E
configure:6609: mipsel-uclibc-gcc -E  conftest.c
configure:6609: $? = 0
configure:6623: mipsel-uclibc-gcc -E  conftest.c
conftest.c:11:28: error: ac_nonexistent.h: No such file or directory
configure:6623: $? = 1
configure: failed program was:
| /* confdefs.h */
| #define PACKAGE_NAME "libnfsidmap"
| #define PACKAGE_TARNAME "libnfsidmap"
| #define PACKAGE_VERSION "0.24"
| #define PACKAGE_STRING "libnfsidmap 0.24"
| #define PACKAGE_BUGREPORT "linux-nfs@vger.kernel.org"
| #define PACKAGE_URL ""
| #define PACKAGE "libnfsidmap"
| #define VERSION "0.24"
| /* end confdefs.h.  */
| #include <ac_nonexistent.h>
configure:6652: checking for ANSI C header files
configure:6672: mipsel-uclibc-gcc -c -Os -Wall -DLINUX26 -DCONFIG_BCMWL5 -pipe -DBCMWPA2 -funit-at-a-time -Wno-pointer-sign -mtune=mips32 -mips32    conftest.c >&5
configure:6672: $? = 0
configure:6756: result: yes
configure:6769: checking for sys/types.h
configure:6769: mipsel-uclibc-gcc -c -Os -Wall -DLINUX26 -DCONFIG_BCMWL5 -pipe -DBCMWPA2 -funit-at-a-time -Wno-pointer-sign -mtune=mips32 -mips32    conftest.c >&5
configure:6769: $? = 0
configure:6769: result: yes
configure:6769: checking for sys/stat.h
configure:6769: mipsel-uclibc-gcc -c -Os -Wall -DLINUX26 -DCONFIG_BCMWL5 -pipe -DBCMWPA2 -funit-at-a-time -Wno-pointer-sign -mtune=mips32 -mips32    conftest.c >&5
configure:6769: $? = 0
configure:6769: result: yes
configure:6769: checking for stdlib.h
configure:6769: mipsel-uclibc-gcc -c -Os -Wall -DLINUX26 -DCONFIG_BCMWL5 -pipe -DBCMWPA2 -funit-at-a-time -Wno-pointer-sign -mtune=mips32 -mips32    conftest.c >&5
configure:6769: $? = 0
configure:6769: result: yes
configure:6769: checking for string.h
configure:6769: mipsel-uclibc-gcc -c -Os -Wall -DLINUX26 -DCONFIG_BCMWL5 -pipe -DBCMWPA2 -funit-at-a-time -Wno-pointer-sign -mtune=mips32 -mips32    conftest.c >&5
configure:6769: $? = 0
configure:6769: result: yes
configure:6769: checking for memory.h
configure:6769: mipsel-uclibc-gcc -c -Os -Wall -DLINUX26 -DCONFIG_BCMWL5 -pipe -DBCMWPA2 -funit-at-a-time -Wno-pointer-sign -mtune=mips32 -mips32    conftest.c >&5
configure:6769: $? = 0
configure:6769: result: yes
configure:6769: checking for strings.h
configure:6769: mipsel-uclibc-gcc -c -Os -Wall -DLINUX26 -DCONFIG_BCMWL5 -pipe -DBCMWPA2 -funit-at-a-time -Wno-pointer-sign -mtune=mips32 -mips32    conftest.c >&5
configure:6769: $? = 0
configure:6769: result: yes
configure:6769: checking for inttypes.h
configure:6769: mipsel-uclibc-gcc -c -Os -Wall -DLINUX26 -DCONFIG_BCMWL5 -pipe -DBCMWPA2 -funit-at-a-time -Wno-pointer-sign -mtune=mips32 -mips32    conftest.c >&5
configure:6769: $? = 0
configure:6769: result: yes
configure:6769: checking for stdint.h
configure:6769: mipsel-uclibc-gcc -c -Os -Wall -DLINUX26 -DCONFIG_BCMWL5 -pipe -DBCMWPA2 -funit-at-a-time -Wno-pointer-sign -mtune=mips32 -mips32    conftest.c >&5
configure:6769: $? = 0
configure:6769: result: yes
configure:6769: checking for unistd.h
configure:6769: mipsel-uclibc-gcc -c -Os -Wall -DLINUX26 -DCONFIG_BCMWL5 -pipe -DBCMWPA2 -funit-at-a-time -Wno-pointer-sign -mtune=mips32 -mips32    conftest.c >&5
configure:6769: $? = 0
configure:6769: result: yes
configure:6783: checking for dlfcn.h
configure:6783: mipsel-uclibc-gcc -c -Os -Wall -DLINUX26 -DCONFIG_BCMWL5 -pipe -DBCMWPA2 -funit-at-a-time -Wno-pointer-sign -mtune=mips32 -mips32    conftest.c >&5
configure:6783: $? = 0
configure:6783: result: yes
configure:6970: checking for objdir
configure:6985: result: .libs
configure:7256: checking if mipsel-uclibc-gcc supports -fno-rtti -fno-exceptions
configure:7274: mipsel-uclibc-gcc -c -Os -Wall -DLINUX26 -DCONFIG_BCMWL5 -pipe -DBCMWPA2 -funit-at-a-time -Wno-pointer-sign -mtune=mips32 -mips32    -fno-rtti -fno-exceptions conftest.c >&5
cc1: warning: command line option "-fno-rtti" is valid for C++/ObjC++ but not for C
configure:7278: $? = 0
configure:7291: result: no
configure:7311: checking for mipsel-uclibc-gcc option to produce PIC
configure:7596: result: -fPIC -DPIC
configure:7608: checking if mipsel-uclibc-gcc PIC flag -fPIC -DPIC works
configure:7626: mipsel-uclibc-gcc -c -Os -Wall -DLINUX26 -DCONFIG_BCMWL5 -pipe -DBCMWPA2 -funit-at-a-time -Wno-pointer-sign -mtune=mips32 -mips32    -fPIC -DPIC -DPIC conftest.c >&5
configure:7630: $? = 0
configure:7643: result: yes
configure:7667: checking if mipsel-uclibc-gcc static flag -static works
configure:7695: result: yes
configure:7710: checking if mipsel-uclibc-gcc supports -c -o file.o
configure:7731: mipsel-uclibc-gcc -c -Os -Wall -DLINUX26 -DCONFIG_BCMWL5 -pipe -DBCMWPA2 -funit-at-a-time -Wno-pointer-sign -mtune=mips32 -mips32    -o out/conftest2.o conftest.c >&5
configure:7735: $? = 0
configure:7757: result: yes
configure:7765: checking if mipsel-uclibc-gcc supports -c -o file.o
configure:7812: result: yes
configure:7845: checking whether the mipsel-uclibc-gcc linker (mipsel-uclibc-ld) supports shared libraries
configure:8920: result: yes
configure:8957: checking whether -lc should be explicitly linked in
configure:8965: mipsel-uclibc-gcc -c -Os -Wall -DLINUX26 -DCONFIG_BCMWL5 -pipe -DBCMWPA2 -funit-at-a-time -Wno-pointer-sign -mtune=mips32 -mips32    conftest.c >&5
configure:8968: $? = 0
configure:8983: mipsel-uclibc-gcc -shared conftest.o  -v -Wl,-soname -Wl,conftest -o conftest 2\>\&1 \| /bin/grep  -lc  \>/dev/null 2\>\&1
configure:8986: $? = 0
configure:9000: result: no
configure:9165: checking dynamic linker characteristics
configure:9620: mipsel-uclibc-gcc -o conftest -Os -Wall -DLINUX26 -DCONFIG_BCMWL5 -pipe -DBCMWPA2 -funit-at-a-time -Wno-pointer-sign -mtune=mips32 -mips32     -Wl,-rpath -Wl,/foo conftest.c  >&5
configure:9620: $? = 0
configure:9846: result: GNU/Linux ld.so
configure:9953: checking how to hardcode library paths into programs
configure:9978: result: immediate
configure:10518: checking whether stripping libraries is possible
configure:10523: result: yes
configure:10558: checking if libtool supports shared libraries
configure:10560: result: yes
configure:10563: checking whether to build shared libraries
configure:10584: result: yes
configure:10587: checking whether to build static libraries
configure:10591: result: yes
configure:10636: checking for mipsel-linux-gcc
configure:10663: result: mipsel-uclibc-gcc
configure:10932: checking for C compiler version
configure:10941: mipsel-uclibc-gcc --version >&5
mipsel-uclibc-gcc (GCC) 4.2.4
Copyright (C) 2007 Free Software Foundation, Inc.
This is free software; see the source for copying conditions.  There is NO
warranty; not even for MERCHANTABILITY or FITNESS FOR A PARTICULAR PURPOSE.

configure:10952: $? = 0
configure:10941: mipsel-uclibc-gcc -v >&5
Using built-in specs.
Target: mipsel-linux-uclibc
Configured with: /home/shibby/openwrt/tomato.toolchain/t/build_dir/toolchain-mipsel_gcc4.2.4/gcc-4.2.4/configure --prefix=/opt/brcm/hndtools-mipsel-uclibc-4.2.4 --build=x86_64-linux-gnu --host=x86_64-linux-gnu --target=mipsel-linux-uclibc --with-gnu-ld --enable-target-optspace --disable-libgomp --disable-libmudflap --disable-multilib --disable-nls --disable-__cxa_atexit --enable-libssp --enable-languages=c,c++ --enable-shared --enable-threads --enable-tls
Thread model: posix
gcc version 4.2.4
configure:10952: $? = 0
configure:10941: mipsel-uclibc-gcc -V >&5
mipsel-uclibc-gcc: '-V' option must have argument
configure:10952: $? = 1
configure:10941: mipsel-uclibc-gcc -qversion >&5
mipsel-uclibc-gcc: unrecognized option '-qversion'
mipsel-uclibc-gcc: no input files
configure:10952: $? = 1
configure:10956: checking whether we are using the GNU C compiler
configure:10984: result: yes
configure:10993: checking whether mipsel-uclibc-gcc accepts -g
configure:11054: result: yes
configure:11071: checking for mipsel-uclibc-gcc option to accept ISO C89
configure:11147: result: none needed
configure:11169: checking dependency style of mipsel-uclibc-gcc
configure:11279: result: gcc3
configure:11303: checking ldap.h usability
configure:11303: mipsel-uclibc-gcc -c -Os -Wall -DLINUX26 -DCONFIG_BCMWL5 -pipe -DBCMWPA2 -funit-at-a-time -Wno-pointer-sign -mtune=mips32 -mips32    conftest.c >&5
conftest.c:56:18: error: ldap.h: No such file or directory
configure:11303: $? = 1
configure: failed program was:
| /* confdefs.h */
| #define PACKAGE_NAME "libnfsidmap"
| #define PACKAGE_TARNAME "libnfsidmap"
| #define PACKAGE_VERSION "0.24"
| #define PACKAGE_STRING "libnfsidmap 0.24"
| #define PACKAGE_BUGREPORT "linux-nfs@vger.kernel.org"
| #define PACKAGE_URL ""
| #define PACKAGE "libnfsidmap"
| #define VERSION "0.24"
| #define STDC_HEADERS 1
| #define HAVE_SYS_TYPES_H 1
| #define HAVE_SYS_STAT_H 1
| #define HAVE_STDLIB_H 1
| #define HAVE_STRING_H 1
| #define HAVE_MEMORY_H 1
| #define HAVE_STRINGS_H 1
| #define HAVE_INTTYPES_H 1
| #define HAVE_STDINT_H 1
| #define HAVE_UNISTD_H 1
| #define HAVE_DLFCN_H 1
| #define LT_OBJDIR ".libs/"
| /* end confdefs.h.  */
| #include <stdio.h>
| #ifdef HAVE_SYS_TYPES_H
| # include <sys/types.h>
| #endif
| #ifdef HAVE_SYS_STAT_H
| # include <sys/stat.h>
| #endif
| #ifdef STDC_HEADERS
| # include <stdlib.h>
| # include <stddef.h>
| #else
| # ifdef HAVE_STDLIB_H
| #  include <stdlib.h>
| # endif
| #endif
| #ifdef HAVE_STRING_H
| # if !defined STDC_HEADERS && defined HAVE_MEMORY_H
| #  include <memory.h>
| # endif
| # include <string.h>
| #endif
| #ifdef HAVE_STRINGS_H
| # include <strings.h>
| #endif
| #ifdef HAVE_INTTYPES_H
| # include <inttypes.h>
| #endif
| #ifdef HAVE_STDINT_H
| # include <stdint.h>
| #endif
| #ifdef HAVE_UNISTD_H
| # include <unistd.h>
| #endif
| #include <ldap.h>
configure:11303: result: no
configure:11303: checking ldap.h presence
configure:11303: mipsel-uclibc-gcc -E  conftest.c
conftest.c:23:18: error: ldap.h: No such file or directory
configure:11303: $? = 1
configure: failed program was:
| /* confdefs.h */
| #define PACKAGE_NAME "libnfsidmap"
| #define PACKAGE_TARNAME "libnfsidmap"
| #define PACKAGE_VERSION "0.24"
| #define PACKAGE_STRING "libnfsidmap 0.24"
| #define PACKAGE_BUGREPORT "linux-nfs@vger.kernel.org"
| #define PACKAGE_URL ""
| #define PACKAGE "libnfsidmap"
| #define VERSION "0.24"
| #define STDC_HEADERS 1
| #define HAVE_SYS_TYPES_H 1
| #define HAVE_SYS_STAT_H 1
| #define HAVE_STDLIB_H 1
| #define HAVE_STRING_H 1
| #define HAVE_MEMORY_H 1
| #define HAVE_STRINGS_H 1
| #define HAVE_INTTYPES_H 1
| #define HAVE_STDINT_H 1
| #define HAVE_UNISTD_H 1
| #define HAVE_DLFCN_H 1
| #define LT_OBJDIR ".libs/"
| /* end confdefs.h.  */
| #include <ldap.h>
configure:11303: result: no
configure:11303: checking for ldap.h
configure:11303: result: no
configure:11391: checking for ANSI C header files
configure:11495: result: yes
configure:11506: checking for stdlib.h
configure:11506: result: yes
configure:11506: checking for string.h
configure:11506: result: yes
configure:11506: checking for unistd.h
configure:11506: result: yes
configure:11506: checking errno.h usability
configure:11506: mipsel-uclibc-gcc -c -Os -Wall -DLINUX26 -DCONFIG_BCMWL5 -pipe -DBCMWPA2 -funit-at-a-time -Wno-pointer-sign -mtune=mips32 -mips32    conftest.c >&5
configure:11506: $? = 0
configure:11506: result: yes
configure:11506: checking errno.h presence
configure:11506: mipsel-uclibc-gcc -E  conftest.c
configure:11506: $? = 0
configure:11506: result: yes
configure:11506: checking for errno.h
configure:11506: result: yes
configure:11518: checking for uid_t in sys/types.h
configure:11537: result: yes
configure:11548: checking for size_t
configure:11548: mipsel-uclibc-gcc -c -Os -Wall -DLINUX26 -DCONFIG_BCMWL5 -pipe -DBCMWPA2 -funit-at-a-time -Wno-pointer-sign -mtune=mips32 -mips32    conftest.c >&5
configure:11548: $? = 0
configure:11548: mipsel-uclibc-gcc -c -Os -Wall -DLINUX26 -DCONFIG_BCMWL5 -pipe -DBCMWPA2 -funit-at-a-time -Wno-pointer-sign -mtune=mips32 -mips32    conftest.c >&5
conftest.c: In function 'main':
conftest.c:64: error: expected expression before ')' token
configure:11548: $? = 1
configure: failed program was:
| /* confdefs.h */
| #define PACKAGE_NAME "libnfsidmap"
| #define PACKAGE_TARNAME "libnfsidmap"
| #define PACKAGE_VERSION "0.24"
| #define PACKAGE_STRING "libnfsidmap 0.24"
| #define PACKAGE_BUGREPORT "linux-nfs@vger.kernel.org"
| #define PACKAGE_URL ""
| #define PACKAGE "libnfsidmap"
| #define VERSION "0.24"
| #define STDC_HEADERS 1
| #define HAVE_SYS_TYPES_H 1
| #define HAVE_SYS_STAT_H 1
| #define HAVE_STDLIB_H 1
| #define HAVE_STRING_H 1
| #define HAVE_MEMORY_H 1
| #define HAVE_STRINGS_H 1
| #define HAVE_INTTYPES_H 1
| #define HAVE_STDINT_H 1
| #define HAVE_UNISTD_H 1
| #define HAVE_DLFCN_H 1
| #define LT_OBJDIR ".libs/"
| #define STDC_HEADERS 1
| #define HAVE_STDLIB_H 1
| #define HAVE_STRING_H 1
| #define HAVE_UNISTD_H 1
| #define HAVE_ERRNO_H 1
| /* end confdefs.h.  */
| #include <stdio.h>
| #ifdef HAVE_SYS_TYPES_H
| # include <sys/types.h>
| #endif
| #ifdef HAVE_SYS_STAT_H
| # include <sys/stat.h>
| #endif
| #ifdef STDC_HEADERS
| # include <stdlib.h>
| # include <stddef.h>
| #else
| # ifdef HAVE_STDLIB_H
| #  include <stdlib.h>
| # endif
| #endif
| #ifdef HAVE_STRING_H
| # if !defined STDC_HEADERS && defined HAVE_MEMORY_H
| #  include <memory.h>
| # endif
| # include <string.h>
| #endif
| #ifdef HAVE_STRINGS_H
| # include <strings.h>
| #endif
| #ifdef HAVE_INTTYPES_H
| # include <inttypes.h>
| #endif
| #ifdef HAVE_STDINT_H
| # include <stdint.h>
| #endif
| #ifdef HAVE_UNISTD_H
| # include <unistd.h>
| #endif
| int
| main ()
| {
| if (sizeof ((size_t)))
| 	    return 0;
|   ;
|   return 0;
| }
configure:11548: result: yes
configure:11563: checking for stdlib.h
configure:11563: result: yes
configure:11573: checking for GNU libc compatible malloc
configure:11607: result: yes
configure:11631: checking for strchr
configure:11631: mipsel-uclibc-gcc -o conftest -Os -Wall -DLINUX26 -DCONFIG_BCMWL5 -pipe -DBCMWPA2 -funit-at-a-time -Wno-pointer-sign -mtune=mips32 -mips32     conftest.c  >&5
conftest.c:53: warning: conflicting types for built-in function 'strchr'
configure:11631: $? = 0
configure:11631: result: yes
configure:11631: checking for strdup
configure:11631: mipsel-uclibc-gcc -o conftest -Os -Wall -DLINUX26 -DCONFIG_BCMWL5 -pipe -DBCMWPA2 -funit-at-a-time -Wno-pointer-sign -mtune=mips32 -mips32     conftest.c  >&5
conftest.c:54: warning: conflicting types for built-in function 'strdup'
configure:11631: $? = 0
configure:11631: result: yes
configure:11823: creating ./config.status

## ---------------------- ##
## Running config.status. ##
## ---------------------- ##

This file was extended by libnfsidmap config.status 0.24, which was
generated by GNU Autoconf 2.69.  Invocation command line was

  CONFIG_FILES    = 
  CONFIG_HEADERS  = 
  CONFIG_LINKS    = 
  CONFIG_COMMANDS = 
  $ ./config.status 

on gns3lab

config.status:991: creating Makefile
config.status:991: creating libnfsidmap.pc
config.status:1163: executing depfiles commands
config.status:1163: executing libtool commands

## ---------------- ##
## Cache variables. ##
## ---------------- ##

ac_cv_build=x86_64-redhat-linux-gnu
ac_cv_c_compiler_gnu=yes
ac_cv_env_CC_set=set
ac_cv_env_CC_value=mipsel-uclibc-gcc
ac_cv_env_CFLAGS_set=set
ac_cv_env_CFLAGS_value='-Os -Wall -DLINUX26 -DCONFIG_BCMWL5 -pipe -DBCMWPA2 -funit-at-a-time -Wno-pointer-sign -mtune=mips32 -mips32  '
ac_cv_env_CPPFLAGS_set=
ac_cv_env_CPPFLAGS_value=
ac_cv_env_CPP_set=
ac_cv_env_CPP_value=
ac_cv_env_LDFLAGS_set=
ac_cv_env_LDFLAGS_value=
ac_cv_env_LIBS_set=
ac_cv_env_LIBS_value=
ac_cv_env_build_alias_set=set
ac_cv_env_build_alias_value=x86_64-redhat-linux
ac_cv_env_host_alias_set=set
ac_cv_env_host_alias_value=mipsel-linux
ac_cv_env_target_alias_set=
ac_cv_env_target_alias_value=
ac_cv_func_malloc_0_nonnull=yes
ac_cv_func_realloc_0_nonnull=yes
ac_cv_func_strchr=yes
ac_cv_func_strdup=yes
ac_cv_header_dlfcn_h=yes
ac_cv_header_errno_h=yes
ac_cv_header_inttypes_h=yes
ac_cv_header_ldap_h=no
ac_cv_header_memory_h=yes
ac_cv_header_stdc=yes
ac_cv_header_stdint_h=yes
ac_cv_header_stdlib_h=yes
ac_cv_header_string_h=yes
ac_cv_header_strings_h=yes
ac_cv_header_sys_stat_h=yes
ac_cv_header_sys_types_h=yes
ac_cv_header_unistd_h=yes
ac_cv_host=mipsel-unknown-linux-gnu
ac_cv_objext=o
ac_cv_path_EGREP='/bin/grep -E'
ac_cv_path_FGREP='/bin/grep -F'
ac_cv_path_GREP=/bin/grep
ac_cv_path_SED=/bin/sed
ac_cv_path_install='/usr/bin/install -c'
ac_cv_path_mkdir=/bin/mkdir
ac_cv_prog_AR=mipsel-uclibc-ar
ac_cv_prog_AWK=gawk
ac_cv_prog_CC=mipsel-uclibc-gcc
ac_cv_prog_CPP='mipsel-uclibc-gcc -E'
ac_cv_prog_OBJDUMP=mipsel-linux-objdump
ac_cv_prog_RANLIB=mipsel-uclibc-ranlib
ac_cv_prog_STRIP='mipsel-uclibc-strip -R .note -R .comment'
ac_cv_prog_cc_c89=
ac_cv_prog_cc_g=yes
ac_cv_prog_make_make_set=yes
ac_cv_type_size_t=yes
ac_cv_type_uid_t=yes
am_cv_CC_dependencies_compiler_type=gcc3
lt_cv_archive_cmds_need_lc=no
lt_cv_deplibs_check_method=pass_all
lt_cv_file_magic_cmd='$MAGIC_CMD'
lt_cv_file_magic_test_file=
lt_cv_ld_reload_flag=-r
lt_cv_nm_interface='BSD nm'
lt_cv_objdir=.libs
lt_cv_path_LD=mipsel-uclibc-ld
lt_cv_path_NM=mipsel-uclibc-nm
lt_cv_prog_compiler_c_o=yes
lt_cv_prog_compiler_pic_works=yes
lt_cv_prog_compiler_rtti_exceptions=no
lt_cv_prog_compiler_static_works=yes
lt_cv_prog_gnu_ld=yes
lt_cv_shlibpath_overrides_runpath=no
lt_cv_sys_global_symbol_pipe='sed -n -e '\''s/^.*[	 ]\([ABCDGIRSTW][ABCDGIRSTW]*\)[	 ][	 ]*\([_A-Za-z][_A-Za-z0-9]*\)$/\1 \2 \2/p'\'''
lt_cv_sys_global_symbol_to_c_name_address='sed -n -e '\''s/^: \([^ ]*\) $/  {\"\1\", (void *) 0},/p'\'' -e '\''s/^[ABCDGIRSTW]* \([^ ]*\) \([^ ]*\)$/  {"\2", (void *) \&\2},/p'\'''
lt_cv_sys_global_symbol_to_c_name_address_lib_prefix='sed -n -e '\''s/^: \([^ ]*\) $/  {\"\1\", (void *) 0},/p'\'' -e '\''s/^[ABCDGIRSTW]* \([^ ]*\) \(lib[^ ]*\)$/  {"\2", (void *) \&\2},/p'\'' -e '\''s/^[ABCDGIRSTW]* \([^ ]*\) \([^ ]*\)$/  {"lib\2", (void *) \&\2},/p'\'''
lt_cv_sys_global_symbol_to_cdecl='sed -n -e '\''s/^T .* \(.*\)$/extern int \1();/p'\'' -e '\''s/^[ABCDGIRSTW]* .* \(.*\)$/extern char \1;/p'\'''
lt_cv_sys_max_cmd_len=1966080

## ----------------- ##
## Output variables. ##
## ----------------- ##

ACLOCAL='${SHELL} /home/aaronfinney/Documents/TomatoE/release/src/router/libnfsidmap/missing --run aclocal-1.11'
AMDEPBACKSLASH='\'
AMDEP_FALSE='#'
AMDEP_TRUE=''
AMTAR='${SHELL} /home/aaronfinney/Documents/TomatoE/release/src/router/libnfsidmap/missing --run tar'
AR='mipsel-uclibc-ar'
AUTOCONF='${SHELL} /home/aaronfinney/Documents/TomatoE/release/src/router/libnfsidmap/missing --run autoconf'
AUTOHEADER='${SHELL} /home/aaronfinney/Documents/TomatoE/release/src/router/libnfsidmap/missing --run autoheader'
AUTOMAKE='${SHELL} /home/aaronfinney/Documents/TomatoE/release/src/router/libnfsidmap/missing --run automake-1.11'
AWK='gawk'
CC='mipsel-uclibc-gcc'
CCDEPMODE='depmode=gcc3'
CFLAGS='-Os -Wall -DLINUX26 -DCONFIG_BCMWL5 -pipe -DBCMWPA2 -funit-at-a-time -Wno-pointer-sign -mtune=mips32 -mips32  '
CPP='mipsel-uclibc-gcc -E'
CPPFLAGS=''
CYGPATH_W='echo'
DEFS='-DPACKAGE_NAME=\"libnfsidmap\" -DPACKAGE_TARNAME=\"libnfsidmap\" -DPACKAGE_VERSION=\"0.24\" -DPACKAGE_STRING=\"libnfsidmap\ 0.24\" -DPACKAGE_BUGREPORT=\"linux-nfs@vger.kernel.org\" -DPACKAGE_URL=\"\" -DPACKAGE=\"libnfsidmap\" -DVERSION=\"0.24\" -DSTDC_HEADERS=1 -DHAVE_SYS_TYPES_H=1 -DHAVE_SYS_STAT_H=1 -DHAVE_STDLIB_H=1 -DHAVE_STRING_H=1 -DHAVE_MEMORY_H=1 -DHAVE_STRINGS_H=1 -DHAVE_INTTYPES_H=1 -DHAVE_STDINT_H=1 -DHAVE_UNISTD_H=1 -DHAVE_DLFCN_H=1 -DLT_OBJDIR=\".libs/\" -DSTDC_HEADERS=1 -DHAVE_STDLIB_H=1 -DHAVE_STRING_H=1 -DHAVE_UNISTD_H=1 -DHAVE_ERRNO_H=1 -DHAVE_STDLIB_H=1 -DHAVE_MALLOC=1 -DHAVE_STRCHR=1 -DHAVE_STRDUP=1'
DEPDIR='.deps'
DSYMUTIL=''
DUMPBIN=''
ECHO_C=''
ECHO_N='-n'
ECHO_T=''
EGREP='/bin/grep -E'
ENABLE_GUMS_FALSE=''
ENABLE_GUMS_TRUE='#'
ENABLE_LDAP_FALSE=''
ENABLE_LDAP_TRUE='#'
EXEEXT=''
FGREP='/bin/grep -F'
GREP='/bin/grep'
INSTALL_DATA='${INSTALL} -m 644'
INSTALL_PROGRAM='${INSTALL}'
INSTALL_SCRIPT='${INSTALL}'
INSTALL_STRIP_PROGRAM='$(install_sh) -c -s'
LD='mipsel-uclibc-ld'
LDFLAGS=''
LIBOBJS=''
LIBS=''
LIBTOOL='$(SHELL) $(top_builddir)/libtool'
LIPO=''
LN_S='ln -s'
LTLIBOBJS=''
MAKEINFO='${SHELL} /home/aaronfinney/Documents/TomatoE/release/src/router/libnfsidmap/missing --run makeinfo'
MKDIR_P='/bin/mkdir -p'
NM='mipsel-uclibc-nm'
NMEDIT=''
OBJDUMP='mipsel-linux-objdump'
OBJEXT='o'
OTOOL64=''
OTOOL=''
PACKAGE='libnfsidmap'
PACKAGE_BUGREPORT='linux-nfs@vger.kernel.org'
PACKAGE_NAME='libnfsidmap'
PACKAGE_STRING='libnfsidmap 0.24'
PACKAGE_TARNAME='libnfsidmap'
PACKAGE_URL=''
PACKAGE_VERSION='0.24'
PATH_SEPARATOR=':'
RANLIB='mipsel-uclibc-ranlib'
SED='/bin/sed'
SET_MAKE=''
SHELL='/bin/sh'
STRIP='mipsel-uclibc-strip -R .note -R .comment'
VERSION='0.24'
ac_ct_CC=''
ac_ct_DUMPBIN=''
am__EXEEXT_FALSE=''
am__EXEEXT_TRUE='#'
am__fastdepCC_FALSE='#'
am__fastdepCC_TRUE=''
am__include='include'
am__isrc=''
am__leading_dot='.'
am__quote=''
am__tar='${AMTAR} chof - "$$tardir"'
am__untar='${AMTAR} xf -'
bindir='${exec_prefix}/bin'
build='x86_64-redhat-linux-gnu'
build_alias='x86_64-redhat-linux'
build_cpu='x86_64'
build_os='linux-gnu'
build_vendor='redhat'
datadir='${datarootdir}'
datarootdir='${prefix}/share'
docdir='${datarootdir}/doc/${PACKAGE_TARNAME}'
dvidir='${docdir}'
exec_prefix='${prefix}'
host='mipsel-unknown-linux-gnu'
host_alias='mipsel-linux'
host_cpu='mipsel'
host_os='linux-gnu'
host_vendor='unknown'
htmldir='${docdir}'
includedir='${prefix}/include'
infodir='${datarootdir}/info'
install_sh='${SHELL} /home/aaronfinney/Documents/TomatoE/release/src/router/libnfsidmap/install-sh'
libdir='${exec_prefix}/lib'
libexecdir='${exec_prefix}/libexec'
localedir='${datarootdir}/locale'
localstatedir='${prefix}/var'
mandir='${datarootdir}/man'
mkdir_p='/bin/mkdir -p'
oldincludedir='/usr/include'
pdfdir='${docdir}'
prefix='/usr'
program_transform_name='s,x,x,'
psdir='${docdir}'
sbindir='${exec_prefix}/sbin'
sharedstatedir='${prefix}/com'
sysconfdir='${prefix}/etc'
target_alias=''

## ----------- ##
## confdefs.h. ##
## ----------- ##

/* confdefs.h */
#define PACKAGE_NAME "libnfsidmap"
#define PACKAGE_TARNAME "libnfsidmap"
#define PACKAGE_VERSION "0.24"
#define PACKAGE_STRING "libnfsidmap 0.24"
#define PACKAGE_BUGREPORT "linux-nfs@vger.kernel.org"
#define PACKAGE_URL ""
#define PACKAGE "libnfsidmap"
#define VERSION "0.24"
#define STDC_HEADERS 1
#define HAVE_SYS_TYPES_H 1
#define HAVE_SYS_STAT_H 1
#define HAVE_STDLIB_H 1
#define HAVE_STRING_H 1
#define HAVE_MEMORY_H 1
#define HAVE_STRINGS_H 1
#define HAVE_INTTYPES_H 1
#define HAVE_STDINT_H 1
#define HAVE_UNISTD_H 1
#define HAVE_DLFCN_H 1
#define LT_OBJDIR ".libs/"
#define STDC_HEADERS 1
#define HAVE_STDLIB_H 1
#define HAVE_STRING_H 1
#define HAVE_UNISTD_H 1
#define HAVE_ERRNO_H 1
#define HAVE_STDLIB_H 1
#define HAVE_MALLOC 1
#define HAVE_STRCHR 1
#define HAVE_STRDUP 1

configure: exit 0
