This file contains any messages produced by compilers while
running configure, to aid debugging if configure makes a mistake.

It was created by ucarp configure 1.5.2, which was
generated by GNU Autoconf 2.62.  Invocation command line was

  $ router/ucarp/configure 

## --------- ##
## Platform. ##
## --------- ##

hostname = gns3lab.slash31.net
uname -m = x86_64
uname -r = 2.6.32-431.1.2.0.1.el6.x86_64
uname -s = Linux
uname -v = #1 SMP Fri Dec 13 13:06:13 UTC 2013

/usr/bin/uname -p = unknown
/bin/uname -X     = unknown

/bin/arch              = x86_64
/usr/bin/arch -k       = unknown
/usr/convex/getsysinfo = unknown
/usr/bin/hostinfo      = unknown
/bin/machine           = unknown
/usr/bin/oslevel       = unknown
/bin/universe          = unknown

PATH: /opt/brcm/hndtools-mipsel-uclibc/bin
PATH: /opt/brcm/hndtools-mipsel-linux/bin
PATH: /usr/lib64/qt-3.3/bin
PATH: /usr/local/sbin
PATH: /usr/local/bin
PATH: /sbin
PATH: /bin
PATH: /usr/sbin
PATH: /usr/bin
PATH: /root/bin


## ----------- ##
## Core tests. ##
## ----------- ##

configure:2117: checking for a BSD-compatible install
configure:2185: result: /usr/bin/install -c
configure:2256: checking for gawk
configure:2272: found /bin/gawk
configure:2283: result: gawk
configure:2294: checking whether make sets $(MAKE)
configure:2316: result: yes
configure:2556: checking for gcc
configure:2572: found /usr/bin/gcc
configure:2583: result: gcc
configure:2821: checking for C compiler version
configure:2829: gcc --version >&5
gcc (GCC) 4.4.7 20120313 (Red Hat 4.4.7-4)
Copyright (C) 2010 Free Software Foundation, Inc.
This is free software; see the source for copying conditions.  There is NO
warranty; not even for MERCHANTABILITY or FITNESS FOR A PARTICULAR PURPOSE.

configure:2833: $? = 0
configure:2840: gcc -v >&5
Using built-in specs.
Target: x86_64-redhat-linux
Configured with: ../configure --prefix=/usr --mandir=/usr/share/man --infodir=/usr/share/info --with-bugurl=http://bugzilla.redhat.com/bugzilla --enable-bootstrap --enable-shared --enable-threads=posix --enable-checking=release --with-system-zlib --enable-__cxa_atexit --disable-libunwind-exceptions --enable-gnu-unique-object --enable-languages=c,c++,objc,obj-c++,java,fortran,ada --enable-java-awt=gtk --disable-dssi --with-java-home=/usr/lib/jvm/java-1.5.0-gcj-1.5.0.0/jre --enable-libgcj-multifile --enable-java-maintainer-mode --with-ecj-jar=/usr/share/java/eclipse-ecj.jar --disable-libjava-multilib --with-ppl --with-cloog --with-tune=generic --with-arch_32=i686 --build=x86_64-redhat-linux
Thread model: posix
gcc version 4.4.7 20120313 (Red Hat 4.4.7-4) (GCC) 
configure:2844: $? = 0
configure:2851: gcc -V >&5
gcc: '-V' option must have argument
configure:2855: $? = 1
configure:2878: checking for C compiler default output file name
configure:2900: gcc    conftest.c  >&5
configure:2904: $? = 0
configure:2942: result: a.out
configure:2959: checking whether the C compiler works
configure:2969: ./a.out
configure:2973: $? = 0
configure:2990: result: yes
configure:2997: checking whether we are cross compiling
configure:2999: result: no
configure:3002: checking for suffix of executables
configure:3009: gcc -o conftest    conftest.c  >&5
configure:3013: $? = 0
configure:3037: result: 
configure:3043: checking for suffix of object files
configure:3069: gcc -c   conftest.c >&5
configure:3073: $? = 0
configure:3096: result: o
configure:3100: checking whether we are using the GNU C compiler
configure:3129: gcc -c   conftest.c >&5
configure:3136: $? = 0
configure:3153: result: yes
configure:3162: checking whether gcc accepts -g
configure:3192: gcc -c -g  conftest.c >&5
configure:3199: $? = 0
configure:3300: result: yes
configure:3317: checking for gcc option to accept ISO C89
configure:3391: gcc  -c -g -O2  conftest.c >&5
configure:3398: $? = 0
configure:3421: result: none needed
configure:3450: checking for style of include used by make
configure:3478: result: GNU
configure:3506: checking dependency style of gcc
configure:3596: result: gcc3
configure:3614: checking whether gcc and cc understand -c and -o together
configure:3649: gcc -c conftest.c -o conftest2.o >&5
configure:3653: $? = 0
configure:3659: gcc -c conftest.c -o conftest2.o >&5
configure:3663: $? = 0
configure:3674: cc -c conftest.c >&5
configure:3678: $? = 0
configure:3686: cc -c conftest.c -o conftest2.o >&5
configure:3690: $? = 0
configure:3696: cc -c conftest.c -o conftest2.o >&5
configure:3700: $? = 0
configure:3718: result: yes
configure:3735: checking how to run the C preprocessor
configure:3775: gcc -E  conftest.c
configure:3782: $? = 0
configure:3813: gcc -E  conftest.c
conftest.c:10:28: error: ac_nonexistent.h: No such file or directory
configure:3820: $? = 1
configure: failed program was:
| /* confdefs.h.  */
| #define PACKAGE_NAME "ucarp"
| #define PACKAGE_TARNAME "ucarp"
| #define PACKAGE_VERSION "1.5.2"
| #define PACKAGE_STRING "ucarp 1.5.2"
| #define PACKAGE_BUGREPORT "bugs at ucarp dot org"
| #define PACKAGE "ucarp"
| #define VERSION "1.5.2"
| /* end confdefs.h.  */
| #include <ac_nonexistent.h>
configure:3853: result: gcc -E
configure:3882: gcc -E  conftest.c
configure:3889: $? = 0
configure:3920: gcc -E  conftest.c
conftest.c:10:28: error: ac_nonexistent.h: No such file or directory
configure:3927: $? = 1
configure: failed program was:
| /* confdefs.h.  */
| #define PACKAGE_NAME "ucarp"
| #define PACKAGE_TARNAME "ucarp"
| #define PACKAGE_VERSION "1.5.2"
| #define PACKAGE_STRING "ucarp 1.5.2"
| #define PACKAGE_BUGREPORT "bugs at ucarp dot org"
| #define PACKAGE "ucarp"
| #define VERSION "1.5.2"
| /* end confdefs.h.  */
| #include <ac_nonexistent.h>
configure:3966: checking for grep that handles long lines and -e
configure:4026: result: /bin/grep
configure:4031: checking for egrep
configure:4095: result: /bin/grep -E
configure:4100: checking for ANSI C header files
configure:4130: gcc -c -g -O2  conftest.c >&5
configure:4137: $? = 0
configure:4236: gcc -o conftest -g -O2   conftest.c  >&5
configure:4240: $? = 0
configure:4246: ./conftest
configure:4250: $? = 0
configure:4268: result: yes
configure:4292: checking for sys/types.h
configure:4313: gcc -c -g -O2  conftest.c >&5
configure:4320: $? = 0
configure:4337: result: yes
configure:4292: checking for sys/stat.h
configure:4313: gcc -c -g -O2  conftest.c >&5
configure:4320: $? = 0
configure:4337: result: yes
configure:4292: checking for stdlib.h
configure:4313: gcc -c -g -O2  conftest.c >&5
configure:4320: $? = 0
configure:4337: result: yes
configure:4292: checking for string.h
configure:4313: gcc -c -g -O2  conftest.c >&5
configure:4320: $? = 0
configure:4337: result: yes
configure:4292: checking for memory.h
configure:4313: gcc -c -g -O2  conftest.c >&5
configure:4320: $? = 0
configure:4337: result: yes
configure:4292: checking for strings.h
configure:4313: gcc -c -g -O2  conftest.c >&5
configure:4320: $? = 0
configure:4337: result: yes
configure:4292: checking for inttypes.h
configure:4313: gcc -c -g -O2  conftest.c >&5
configure:4320: $? = 0
configure:4337: result: yes
configure:4292: checking for stdint.h
configure:4313: gcc -c -g -O2  conftest.c >&5
configure:4320: $? = 0
configure:4337: result: yes
configure:4292: checking for unistd.h
configure:4313: gcc -c -g -O2  conftest.c >&5
configure:4320: $? = 0
configure:4337: result: yes
configure:4361: checking minix/config.h usability
configure:4378: gcc -c -g -O2  conftest.c >&5
conftest.c:53:26: error: minix/config.h: No such file or directory
configure:4385: $? = 1
configure: failed program was:
| /* confdefs.h.  */
| #define PACKAGE_NAME "ucarp"
| #define PACKAGE_TARNAME "ucarp"
| #define PACKAGE_VERSION "1.5.2"
| #define PACKAGE_STRING "ucarp 1.5.2"
| #define PACKAGE_BUGREPORT "bugs at ucarp dot org"
| #define PACKAGE "ucarp"
| #define VERSION "1.5.2"
| #define STDC_HEADERS 1
| #define HAVE_SYS_TYPES_H 1
| #define HAVE_SYS_STAT_H 1
| #define HAVE_STDLIB_H 1
| #define HAVE_STRING_H 1
| #define HAVE_MEMORY_H 1
| #define HAVE_STRINGS_H 1
| #define HAVE_INTTYPES_H 1
| #define HAVE_STDINT_H 1
| #define HAVE_UNISTD_H 1
| /* end confdefs.h.  */
| #include <stdio.h>
| #ifdef HAVE_SYS_TYPES_H
| # include <sys/types.h>
| #endif
| #ifdef HAVE_SYS_STAT_H
| # include <sys/stat.h>
| #endif
| #ifdef STDC_HEADERS
| # include <stdlib.h>
| # include <stddef.h>
| #else
| # ifdef HAVE_STDLIB_H
| #  include <stdlib.h>
| # endif
| #endif
| #ifdef HAVE_STRING_H
| # if !defined STDC_HEADERS && defined HAVE_MEMORY_H
| #  include <memory.h>
| # endif
| # include <string.h>
| #endif
| #ifdef HAVE_STRINGS_H
| # include <strings.h>
| #endif
| #ifdef HAVE_INTTYPES_H
| # include <inttypes.h>
| #endif
| #ifdef HAVE_STDINT_H
| # include <stdint.h>
| #endif
| #ifdef HAVE_UNISTD_H
| # include <unistd.h>
| #endif
| #include <minix/config.h>
configure:4399: result: no
configure:4403: checking minix/config.h presence
configure:4418: gcc -E  conftest.c
conftest.c:20:26: error: minix/config.h: No such file or directory
configure:4425: $? = 1
configure: failed program was:
| /* confdefs.h.  */
| #define PACKAGE_NAME "ucarp"
| #define PACKAGE_TARNAME "ucarp"
| #define PACKAGE_VERSION "1.5.2"
| #define PACKAGE_STRING "ucarp 1.5.2"
| #define PACKAGE_BUGREPORT "bugs at ucarp dot org"
| #define PACKAGE "ucarp"
| #define VERSION "1.5.2"
| #define STDC_HEADERS 1
| #define HAVE_SYS_TYPES_H 1
| #define HAVE_SYS_STAT_H 1
| #define HAVE_STDLIB_H 1
| #define HAVE_STRING_H 1
| #define HAVE_MEMORY_H 1
| #define HAVE_STRINGS_H 1
| #define HAVE_INTTYPES_H 1
| #define HAVE_STDINT_H 1
| #define HAVE_UNISTD_H 1
| /* end confdefs.h.  */
| #include <minix/config.h>
configure:4439: result: no
configure:4472: checking for minix/config.h
configure:4479: result: no
configure:4510: checking whether it is safe to define __EXTENSIONS__
configure:4538: gcc -c -g -O2  conftest.c >&5
configure:4545: $? = 0
configure:4560: result: yes
configure:4598: checking for a BSD-compatible install
configure:4666: result: /usr/bin/install -c
configure:4677: checking whether ln -s works
configure:4681: result: yes
configure:4688: checking whether make sets $(MAKE)
configure:4710: result: yes
configure:4762: checking for ranlib
configure:4778: found /usr/bin/ranlib
configure:4789: result: ranlib
configure:4893: checking build system type
configure:4911: result: x86_64-unknown-linux-gnu
configure:4933: checking host system type
configure:4948: result: x86_64-unknown-linux-gnu
configure:4970: checking for a sed that does not truncate output
configure:5026: result: /bin/sed
configure:5040: checking for ld used by gcc
configure:5107: result: /usr/bin/ld
configure:5116: checking if the linker (/usr/bin/ld) is GNU ld
configure:5131: result: yes
configure:5136: checking for /usr/bin/ld option to reload object files
configure:5143: result: -r
configure:5161: checking for BSD-compatible nm
configure:5210: result: /usr/bin/nm -B
configure:5214: checking how to recognize dependent libraries
configure:5400: result: pass_all
configure:5488: gcc -c -g -O2  conftest.c >&5
configure:5491: $? = 0
configure:5659: checking dlfcn.h usability
configure:5676: gcc -c -g -O2  conftest.c >&5
configure:5683: $? = 0
configure:5697: result: yes
configure:5701: checking dlfcn.h presence
configure:5716: gcc -E  conftest.c
configure:5723: $? = 0
configure:5737: result: yes
configure:5770: checking for dlfcn.h
configure:5779: result: yes
configure:5851: checking for g++
configure:5867: found /usr/bin/g++
configure:5878: result: g++
configure:5909: checking for C++ compiler version
configure:5917: g++ --version >&5
g++ (GCC) 4.4.7 20120313 (Red Hat 4.4.7-4)
Copyright (C) 2010 Free Software Foundation, Inc.
This is free software; see the source for copying conditions.  There is NO
warranty; not even for MERCHANTABILITY or FITNESS FOR A PARTICULAR PURPOSE.

configure:5921: $? = 0
configure:5928: g++ -v >&5
Using built-in specs.
Target: x86_64-redhat-linux
Configured with: ../configure --prefix=/usr --mandir=/usr/share/man --infodir=/usr/share/info --with-bugurl=http://bugzilla.redhat.com/bugzilla --enable-bootstrap --enable-shared --enable-threads=posix --enable-checking=release --with-system-zlib --enable-__cxa_atexit --disable-libunwind-exceptions --enable-gnu-unique-object --enable-languages=c,c++,objc,obj-c++,java,fortran,ada --enable-java-awt=gtk --disable-dssi --with-java-home=/usr/lib/jvm/java-1.5.0-gcj-1.5.0.0/jre --enable-libgcj-multifile --enable-java-maintainer-mode --with-ecj-jar=/usr/share/java/eclipse-ecj.jar --disable-libjava-multilib --with-ppl --with-cloog --with-tune=generic --with-arch_32=i686 --build=x86_64-redhat-linux
Thread model: posix
gcc version 4.4.7 20120313 (Red Hat 4.4.7-4) (GCC) 
configure:5932: $? = 0
configure:5939: g++ -V >&5
g++: '-V' option must have argument
configure:5943: $? = 1
configure:5946: checking whether we are using the GNU C++ compiler
configure:5975: g++ -c   conftest.cpp >&5
configure:5982: $? = 0
configure:5999: result: yes
configure:6008: checking whether g++ accepts -g
configure:6038: g++ -c -g  conftest.cpp >&5
configure:6045: $? = 0
configure:6146: result: yes
configure:6171: checking dependency style of g++
configure:6261: result: gcc3
configure:6288: checking how to run the C++ preprocessor
configure:6324: g++ -E  conftest.cpp
configure:6331: $? = 0
configure:6362: g++ -E  conftest.cpp
conftest.cpp:26:28: error: ac_nonexistent.h: No such file or directory
configure:6369: $? = 1
configure: failed program was:
| /* confdefs.h.  */
| #define PACKAGE_NAME "ucarp"
| #define PACKAGE_TARNAME "ucarp"
| #define PACKAGE_VERSION "1.5.2"
| #define PACKAGE_STRING "ucarp 1.5.2"
| #define PACKAGE_BUGREPORT "bugs at ucarp dot org"
| #define PACKAGE "ucarp"
| #define VERSION "1.5.2"
| #define STDC_HEADERS 1
| #define HAVE_SYS_TYPES_H 1
| #define HAVE_SYS_STAT_H 1
| #define HAVE_STDLIB_H 1
| #define HAVE_STRING_H 1
| #define HAVE_MEMORY_H 1
| #define HAVE_STRINGS_H 1
| #define HAVE_INTTYPES_H 1
| #define HAVE_STDINT_H 1
| #define HAVE_UNISTD_H 1
| #define __EXTENSIONS__ 1
| #define _ALL_SOURCE 1
| #define _GNU_SOURCE 1
| #define _POSIX_PTHREAD_SEMANTICS 1
| #define _TANDEM_SOURCE 1
| #define HAVE_DLFCN_H 1
| /* end confdefs.h.  */
| #include <ac_nonexistent.h>
configure:6402: result: g++ -E
configure:6431: g++ -E  conftest.cpp
configure:6438: $? = 0
configure:6469: g++ -E  conftest.cpp
conftest.cpp:26:28: error: ac_nonexistent.h: No such file or directory
configure:6476: $? = 1
configure: failed program was:
| /* confdefs.h.  */
| #define PACKAGE_NAME "ucarp"
| #define PACKAGE_TARNAME "ucarp"
| #define PACKAGE_VERSION "1.5.2"
| #define PACKAGE_STRING "ucarp 1.5.2"
| #define PACKAGE_BUGREPORT "bugs at ucarp dot org"
| #define PACKAGE "ucarp"
| #define VERSION "1.5.2"
| #define STDC_HEADERS 1
| #define HAVE_SYS_TYPES_H 1
| #define HAVE_SYS_STAT_H 1
| #define HAVE_STDLIB_H 1
| #define HAVE_STRING_H 1
| #define HAVE_MEMORY_H 1
| #define HAVE_STRINGS_H 1
| #define HAVE_INTTYPES_H 1
| #define HAVE_STDINT_H 1
| #define HAVE_UNISTD_H 1
| #define __EXTENSIONS__ 1
| #define _ALL_SOURCE 1
| #define _GNU_SOURCE 1
| #define _POSIX_PTHREAD_SEMANTICS 1
| #define _TANDEM_SOURCE 1
| #define HAVE_DLFCN_H 1
| /* end confdefs.h.  */
| #include <ac_nonexistent.h>
configure:6569: checking for g77
configure:6599: result: no
configure:6569: checking for xlf
configure:6599: result: no
configure:6569: checking for f77
configure:6599: result: no
configure:6569: checking for frt
configure:6599: result: no
configure:6569: checking for pgf77
configure:6599: result: no
configure:6569: checking for cf77
configure:6599: result: no
configure:6569: checking for fort77
configure:6599: result: no
configure:6569: checking for fl32
configure:6599: result: no
configure:6569: checking for af77
configure:6599: result: no
configure:6569: checking for xlf90
configure:6599: result: no
configure:6569: checking for f90
configure:6599: result: no
configure:6569: checking for pgf90
configure:6599: result: no
configure:6569: checking for pghpf
configure:6599: result: no
configure:6569: checking for epcf90
configure:6599: result: no
configure:6569: checking for gfortran
configure:6599: result: no
configure:6569: checking for g95
configure:6599: result: no
configure:6569: checking for xlf95
configure:6599: result: no
configure:6569: checking for f95
configure:6599: result: no
configure:6569: checking for fort
configure:6599: result: no
configure:6569: checking for ifort
configure:6599: result: no
configure:6569: checking for ifc
configure:6599: result: no
configure:6569: checking for efc
configure:6599: result: no
configure:6569: checking for pgf95
configure:6599: result: no
configure:6569: checking for lf95
configure:6599: result: no
configure:6569: checking for ftn
configure:6599: result: no
configure:6626: checking for Fortran 77 compiler version
configure:6634:  --version >&5
router/ucarp/configure: line 6636: --version: command not found
configure:6638: $? = 127
configure:6645:  -v >&5
router/ucarp/configure: line 6647: -v: command not found
configure:6649: $? = 127
configure:6656:  -V >&5
router/ucarp/configure: line 6658: -V: command not found
configure:6660: $? = 127
configure:6668: checking whether we are using the GNU Fortran 77 compiler
configure:6687:  -c  conftest.F >&5
router/ucarp/configure: line 6689: -c: command not found
configure:6694: $? = 127
configure: failed program was:
|       program main
| #ifndef __GNUC__
|        choke me
| #endif
| 
|       end
configure:6711: result: no
configure:6717: checking whether  accepts -g
configure:6734:  -c -g conftest.f >&5
router/ucarp/configure: line 6736: -c: command not found
configure:6741: $? = 127
configure: failed program was:
|       program main
| 
|       end
configure:6757: result: no
configure:6790: checking the maximum length of command line arguments
configure:6902: result: 1966080
configure:6914: checking command to parse /usr/bin/nm -B output from gcc object
configure:7019: gcc -c -g -O2  conftest.c >&5
configure:7022: $? = 0
configure:7026: /usr/bin/nm -B conftest.o \| sed -n -e 's/^.*[ 	]\([ABCDGIRSTW][ABCDGIRSTW]*\)[ 	][ 	]*\([_A-Za-z][_A-Za-z0-9]*\)$/\1 \2 \2/p' \> conftest.nm
configure:7029: $? = 0
configure:7081: gcc -o conftest -g -O2   conftest.c conftstm.o >&5
configure:7084: $? = 0
configure:7122: result: ok
configure:7126: checking for objdir
configure:7141: result: .libs
configure:7233: checking for ar
configure:7249: found /usr/bin/ar
configure:7260: result: ar
configure:7329: checking for ranlib
configure:7356: result: ranlib
configure:7425: checking for strip
configure:7441: found /usr/bin/strip
configure:7452: result: strip

## ---------------- ##
## Cache variables. ##
## ---------------- ##

ac_cv_build=x86_64-unknown-linux-gnu
ac_cv_c_compiler_gnu=yes
ac_cv_cxx_compiler_gnu=yes
ac_cv_env_CCC_set=
ac_cv_env_CCC_value=
ac_cv_env_CC_set=
ac_cv_env_CC_value=
ac_cv_env_CFLAGS_set=
ac_cv_env_CFLAGS_value=
ac_cv_env_CPPFLAGS_set=
ac_cv_env_CPPFLAGS_value=
ac_cv_env_CPP_set=
ac_cv_env_CPP_value=
ac_cv_env_CXXCPP_set=
ac_cv_env_CXXCPP_value=
ac_cv_env_CXXFLAGS_set=
ac_cv_env_CXXFLAGS_value=
ac_cv_env_CXX_set=
ac_cv_env_CXX_value=
ac_cv_env_F77_set=
ac_cv_env_F77_value=
ac_cv_env_FFLAGS_set=
ac_cv_env_FFLAGS_value=
ac_cv_env_LDFLAGS_set=
ac_cv_env_LDFLAGS_value=
ac_cv_env_LIBS_set=
ac_cv_env_LIBS_value=
ac_cv_env_build_alias_set=
ac_cv_env_build_alias_value=
ac_cv_env_host_alias_set=
ac_cv_env_host_alias_value=
ac_cv_env_target_alias_set=
ac_cv_env_target_alias_value=
ac_cv_f77_compiler_gnu=no
ac_cv_header_dlfcn_h=yes
ac_cv_header_inttypes_h=yes
ac_cv_header_memory_h=yes
ac_cv_header_minix_config_h=no
ac_cv_header_stdc=yes
ac_cv_header_stdint_h=yes
ac_cv_header_stdlib_h=yes
ac_cv_header_string_h=yes
ac_cv_header_strings_h=yes
ac_cv_header_sys_stat_h=yes
ac_cv_header_sys_types_h=yes
ac_cv_header_unistd_h=yes
ac_cv_host=x86_64-unknown-linux-gnu
ac_cv_objext=o
ac_cv_path_EGREP='/bin/grep -E'
ac_cv_path_GREP=/bin/grep
ac_cv_path_install='/usr/bin/install -c'
ac_cv_prog_AWK=gawk
ac_cv_prog_CPP='gcc -E'
ac_cv_prog_CXXCPP='g++ -E'
ac_cv_prog_ac_ct_AR=ar
ac_cv_prog_ac_ct_CC=gcc
ac_cv_prog_ac_ct_CXX=g++
ac_cv_prog_ac_ct_RANLIB=ranlib
ac_cv_prog_ac_ct_STRIP=strip
ac_cv_prog_cc_c89=
ac_cv_prog_cc_g=yes
ac_cv_prog_cc_gcc_c_o=yes
ac_cv_prog_cxx_g=yes
ac_cv_prog_f77_g=no
ac_cv_prog_make_make_set=yes
ac_cv_safe_to_define___extensions__=yes
am_cv_CC_dependencies_compiler_type=gcc3
am_cv_CXX_dependencies_compiler_type=gcc3
lt_cv_deplibs_check_method=pass_all
lt_cv_file_magic_cmd='$MAGIC_CMD'
lt_cv_file_magic_test_file=
lt_cv_ld_reload_flag=-r
lt_cv_objdir=.libs
lt_cv_path_LD=/usr/bin/ld
lt_cv_path_NM='/usr/bin/nm -B'
lt_cv_path_SED=/bin/sed
lt_cv_prog_gnu_ld=yes
lt_cv_sys_global_symbol_pipe='sed -n -e '\''s/^.*[ 	]\([ABCDGIRSTW][ABCDGIRSTW]*\)[ 	][ 	]*\([_A-Za-z][_A-Za-z0-9]*\)$/\1 \2 \2/p'\'''
lt_cv_sys_global_symbol_to_c_name_address='sed -n -e '\''s/^: \([^ ]*\) $/  {\"\1\", (lt_ptr) 0},/p'\'' -e '\''s/^[BCDEGRST] \([^ ]*\) \([^ ]*\)$/  {"\2", (lt_ptr) \&\2},/p'\'''
lt_cv_sys_global_symbol_to_cdecl='sed -n -e '\''s/^. .* \(.*\)$/extern int \1;/p'\'''
lt_cv_sys_max_cmd_len=1966080

## ----------------- ##
## Output variables. ##
## ----------------- ##

ACLOCAL='${SHELL} /root/TomatoE/release/src-rt/router/ucarp/missing --run aclocal-1.9'
ALLOCA=''
AMDEPBACKSLASH='\'
AMDEP_FALSE='#'
AMDEP_TRUE=''
AMTAR='${SHELL} /root/TomatoE/release/src-rt/router/ucarp/missing --run tar'
AR='ar'
AUTOCONF='${SHELL} /root/TomatoE/release/src-rt/router/ucarp/missing --run autoconf'
AUTOHEADER='${SHELL} /root/TomatoE/release/src-rt/router/ucarp/missing --run autoheader'
AUTOMAKE='${SHELL} /root/TomatoE/release/src-rt/router/ucarp/missing --run automake-1.9'
AWK='gawk'
CC='gcc'
CCDEPMODE='depmode=gcc3'
CFLAGS='-g -O2'
CPP='gcc -E'
CPPFLAGS=''
CXX='g++'
CXXCPP='g++ -E'
CXXDEPMODE='depmode=gcc3'
CXXFLAGS='-g -O2'
CYGPATH_W='echo'
DEFS=''
DEPDIR='.deps'
DSYMUTIL=''
ECHO='echo'
ECHO_C=''
ECHO_N='-n'
ECHO_T=''
EGREP='/bin/grep -E'
EXEEXT=''
F77=''
FFLAGS=''
GETTEXT_MACRO_VERSION=''
GMSGFMT=''
GMSGFMT_015=''
GREP='/bin/grep'
INSTALL_DATA='${INSTALL} -m 644'
INSTALL_PROGRAM='${INSTALL}'
INSTALL_SCRIPT='${INSTALL}'
INSTALL_STRIP_PROGRAM='${SHELL} $(install_sh) -c -s'
INTLLIBS=''
INTL_MACOSX_LIBS=''
ISODATE='2014-01-25'
LDFLAGS=''
LIBICONV=''
LIBINTL=''
LIBOBJS=''
LIBS=''
LIBTOOL=''
LN_S='ln -s'
LTLIBICONV=''
LTLIBINTL=''
LTLIBOBJS=''
MAKEINFO='${SHELL} /root/TomatoE/release/src-rt/router/ucarp/missing --run makeinfo'
MSGFMT=''
MSGFMT_015=''
MSGMERGE=''
NMEDIT=''
OBJEXT='o'
PACKAGE='ucarp'
PACKAGE_BUGREPORT='bugs at ucarp dot org'
PACKAGE_NAME='ucarp'
PACKAGE_STRING='ucarp 1.5.2'
PACKAGE_TARNAME='ucarp'
PACKAGE_VERSION='1.5.2'
PATH_SEPARATOR=':'
POSUB=''
RANLIB='ranlib'
SED='/bin/sed'
SET_MAKE=''
SHELL='/bin/sh'
STRIP='strip'
USE_NLS=''
VERSION='1.5.2'
XGETTEXT=''
XGETTEXT_015=''
XGETTEXT_EXTRA_OPTIONS=''
ac_ct_CC='gcc'
ac_ct_CXX='g++'
ac_ct_F77=''
am__fastdepCC_FALSE='#'
am__fastdepCC_TRUE=''
am__fastdepCXX_FALSE='#'
am__fastdepCXX_TRUE=''
am__include='include'
am__leading_dot='.'
am__quote=''
am__tar='${AMTAR} chof - "$$tardir"'
am__untar='${AMTAR} xf -'
bindir='${exec_prefix}/bin'
build='x86_64-unknown-linux-gnu'
build_alias=''
build_cpu='x86_64'
build_os='linux-gnu'
build_vendor='unknown'
datadir='${datarootdir}'
datarootdir='${prefix}/share'
docdir='${datarootdir}/doc/${PACKAGE_TARNAME}'
dvidir='${docdir}'
exec_prefix='NONE'
host='x86_64-unknown-linux-gnu'
host_alias=''
host_cpu='x86_64'
host_os='linux-gnu'
host_vendor='unknown'
htmldir='${docdir}'
includedir='${prefix}/include'
infodir='${datarootdir}/info'
install_sh='/root/TomatoE/release/src-rt/router/ucarp/install-sh'
libdir='${exec_prefix}/lib'
libexecdir='${exec_prefix}/libexec'
localedir='${datarootdir}/locale'
localstatedir='${prefix}/var'
mandir='${datarootdir}/man'
mkdir_p='mkdir -p --'
oldincludedir='/usr/include'
pdfdir='${docdir}'
prefix='NONE'
program_transform_name='s,x,x,'
psdir='${docdir}'
sbindir='${exec_prefix}/sbin'
sharedstatedir='${prefix}/com'
sysconfdir='${prefix}/etc'
target_alias=''

## ----------- ##
## confdefs.h. ##
## ----------- ##

#define PACKAGE_NAME "ucarp"
#define PACKAGE_TARNAME "ucarp"
#define PACKAGE_VERSION "1.5.2"
#define PACKAGE_STRING "ucarp 1.5.2"
#define PACKAGE_BUGREPORT "bugs at ucarp dot org"
#define PACKAGE "ucarp"
#define VERSION "1.5.2"
#define STDC_HEADERS 1
#define HAVE_SYS_TYPES_H 1
#define HAVE_SYS_STAT_H 1
#define HAVE_STDLIB_H 1
#define HAVE_STRING_H 1
#define HAVE_MEMORY_H 1
#define HAVE_STRINGS_H 1
#define HAVE_INTTYPES_H 1
#define HAVE_STDINT_H 1
#define HAVE_UNISTD_H 1
#define __EXTENSIONS__ 1
#define _ALL_SOURCE 1
#define _GNU_SOURCE 1
#define _POSIX_PTHREAD_SEMANTICS 1
#define _TANDEM_SOURCE 1
#define HAVE_DLFCN_H 1

configure: caught signal 2
configure: exit 1
